---------------------------------------------------------------
[ 2018-06-10T18:20:50+08:00 ] 127.0.0.1 127.0.0.1 GET /api/getswipe
[ info ] www.vuecms.com/api/getswipe [运行时间：0.277484s][吞吐率：3.60req/s] [内存消耗：1,590.61kb] [文件加载：36]
[ info ] [ LANG ] G:\phpstudy\PHPTutorial\WWW\VueCmsApi\thinkphp\lang\zh-cn.php
[ info ] [ ROUTE ] array (
  'type' => 'module',
  'module' => 
  array (
    0 => 'api',
    1 => 'Api',
    2 => 'getSwipe',
  ),
  'convert' => false,
)
[ info ] [ HEADER ] array (
  'host' => 'www.vuecms.com',
  'connection' => 'close',
  'accept' => 'application/json, text/plain, */*',
  'user-agent' => 'Mozilla/5.0 (Windows NT 6.3; Win64; x64) AppleWebKit/537.36 (KHTML, like Gecko) Chrome/66.0.3359.117 Safari/537.36',
  'referer' => 'http://localhost:8081/',
  'accept-encoding' => 'gzip, deflate, br',
  'accept-language' => 'zh-CN,zh;q=0.9',
  'cookie' => 'Pycharm-f3d843f3=9df3831e-8719-4ad7-84fb-2dfc2226a352',
)
[ info ] [ PARAM ] array (
)
[ info ] [ RUN ] app\api\controller\Api->getSwipe[ G:\phpstudy\PHPTutorial\WWW\VueCmsApi\application\api\controller\Api.php ]
[ info ] [ DB ] INIT mysql
[ info ] [ LOG ] INIT File
[ sql ] [ DB ] CONNECT:[ UseTime:0.031217s ] mysql:dbname=vue_cms_api;host=127.0.0.1;port=3306;charset=utf8
[ sql ] [ SQL ] SHOW COLUMNS FROM `think_swipe` [ RunTime:0.064290s ]
[ sql ] [ SQL ] SELECT * FROM `think_swipe` ORDER BY `id`  desc LIMIT 3 [ RunTime:0.000514s ]
[ sql ] [ SQL ] SELECT COUNT(*) AS tp_count FROM `think_swipe` LIMIT 1 [ RunTime:0.000510s ]
---------------------------------------------------------------
[ 2018-06-10T20:26:55+08:00 ] 127.0.0.1 127.0.0.1 GET /api/getswipe
[ info ] www.vuecms.com/api/getswipe [运行时间：0.253473s][吞吐率：3.95req/s] [内存消耗：1,590.61kb] [文件加载：36]
[ info ] [ LANG ] G:\phpstudy\PHPTutorial\WWW\VueCmsApi\thinkphp\lang\zh-cn.php
[ info ] [ ROUTE ] array (
  'type' => 'module',
  'module' => 
  array (
    0 => 'api',
    1 => 'Api',
    2 => 'getSwipe',
  ),
  'convert' => false,
)
[ info ] [ HEADER ] array (
  'host' => 'www.vuecms.com',
  'connection' => 'close',
  'accept' => 'application/json, text/plain, */*',
  'user-agent' => 'Mozilla/5.0 (iPhone; CPU iPhone OS 11_0 like Mac OS X) AppleWebKit/604.1.38 (KHTML, like Gecko) Version/11.0 Mobile/15A372 Safari/604.1',
  'referer' => 'http://localhost:8081/',
  'accept-encoding' => 'gzip, deflate, br',
  'accept-language' => 'zh-CN,zh;q=0.9',
  'cookie' => 'Pycharm-f3d843f3=9df3831e-8719-4ad7-84fb-2dfc2226a352',
)
[ info ] [ PARAM ] array (
)
[ info ] [ RUN ] app\api\controller\Api->getSwipe[ G:\phpstudy\PHPTutorial\WWW\VueCmsApi\application\api\controller\Api.php ]
[ info ] [ DB ] INIT mysql
[ info ] [ LOG ] INIT File
[ sql ] [ DB ] CONNECT:[ UseTime:0.029162s ] mysql:dbname=vue_cms_api;host=127.0.0.1;port=3306;charset=utf8
[ sql ] [ SQL ] SHOW COLUMNS FROM `think_swipe` [ RunTime:0.010317s ]
[ sql ] [ SQL ] SELECT * FROM `think_swipe` ORDER BY `id`  desc LIMIT 3 [ RunTime:0.001931s ]
[ sql ] [ SQL ] SELECT COUNT(*) AS tp_count FROM `think_swipe` LIMIT 1 [ RunTime:0.001444s ]
---------------------------------------------------------------
[ 2018-06-10T21:46:25+08:00 ] 127.0.0.1 127.0.0.1 GET /api/getswipe
[ info ] www.vuecms.com/api/getswipe [运行时间：0.237990s][吞吐率：4.20req/s] [内存消耗：1,590.61kb] [文件加载：36]
[ info ] [ LANG ] G:\phpstudy\PHPTutorial\WWW\VueCmsApi\thinkphp\lang\zh-cn.php
[ info ] [ ROUTE ] array (
  'type' => 'module',
  'module' => 
  array (
    0 => 'api',
    1 => 'Api',
    2 => 'getSwipe',
  ),
  'convert' => false,
)
[ info ] [ HEADER ] array (
  'host' => 'www.vuecms.com',
  'connection' => 'close',
  'accept' => 'application/json, text/plain, */*',
  'user-agent' => 'Mozilla/5.0 (Linux; Android 5.0; SM-G900P Build/LRX21T) AppleWebKit/537.36 (KHTML, like Gecko) Chrome/66.0.3359.117 Mobile Safari/537.36',
  'referer' => 'http://localhost:8081/',
  'accept-encoding' => 'gzip, deflate, br',
  'accept-language' => 'zh-CN,zh;q=0.9',
  'cookie' => 'Pycharm-f3d843f3=9df3831e-8719-4ad7-84fb-2dfc2226a352',
)
[ info ] [ PARAM ] array (
)
[ info ] [ RUN ] app\api\controller\Api->getSwipe[ G:\phpstudy\PHPTutorial\WWW\VueCmsApi\application\api\controller\Api.php ]
[ info ] [ DB ] INIT mysql
[ info ] [ LOG ] INIT File
[ sql ] [ DB ] CONNECT:[ UseTime:0.041803s ] mysql:dbname=vue_cms_api;host=127.0.0.1;port=3306;charset=utf8
[ sql ] [ SQL ] SHOW COLUMNS FROM `think_swipe` [ RunTime:0.051354s ]
[ sql ] [ SQL ] SELECT * FROM `think_swipe` ORDER BY `id`  desc LIMIT 3 [ RunTime:0.021341s ]
[ sql ] [ SQL ] SELECT COUNT(*) AS tp_count FROM `think_swipe` LIMIT 1 [ RunTime:0.001182s ]
---------------------------------------------------------------
[ 2018-06-10T21:54:22+08:00 ] 127.0.0.1 127.0.0.1 GET /api/getswipe
[ info ] www.vuecms.com/api/getswipe [运行时间：0.206157s][吞吐率：4.85req/s] [内存消耗：1,590.61kb] [文件加载：36]
[ info ] [ LANG ] G:\phpstudy\PHPTutorial\WWW\VueCmsApi\thinkphp\lang\zh-cn.php
[ info ] [ ROUTE ] array (
  'type' => 'module',
  'module' => 
  array (
    0 => 'api',
    1 => 'Api',
    2 => 'getSwipe',
  ),
  'convert' => false,
)
[ info ] [ HEADER ] array (
  'host' => 'www.vuecms.com',
  'connection' => 'close',
  'accept' => 'application/json, text/plain, */*',
  'user-agent' => 'Mozilla/5.0 (Linux; Android 5.0; SM-G900P Build/LRX21T) AppleWebKit/537.36 (KHTML, like Gecko) Chrome/66.0.3359.117 Mobile Safari/537.36',
  'referer' => 'http://localhost:8081/',
  'accept-encoding' => 'gzip, deflate, br',
  'accept-language' => 'zh-CN,zh;q=0.9',
  'cookie' => 'Pycharm-f3d843f3=9df3831e-8719-4ad7-84fb-2dfc2226a352',
)
[ info ] [ PARAM ] array (
)
[ info ] [ RUN ] app\api\controller\Api->getSwipe[ G:\phpstudy\PHPTutorial\WWW\VueCmsApi\application\api\controller\Api.php ]
[ info ] [ DB ] INIT mysql
[ info ] [ LOG ] INIT File
[ sql ] [ DB ] CONNECT:[ UseTime:0.038594s ] mysql:dbname=vue_cms_api;host=127.0.0.1;port=3306;charset=utf8
[ sql ] [ SQL ] SHOW COLUMNS FROM `think_swipe` [ RunTime:0.060448s ]
[ sql ] [ SQL ] SELECT * FROM `think_swipe` ORDER BY `id`  desc LIMIT 3 [ RunTime:0.001491s ]
[ sql ] [ SQL ] SELECT COUNT(*) AS tp_count FROM `think_swipe` LIMIT 1 [ RunTime:0.001811s ]
