---------------------------------------------------------------
[ 2018-06-12T08:29:39+08:00 ] 127.0.0.1 127.0.0.1 POST /api/getCode/
[ info ] www.vuecms.com/api/getCode/ [运行时间：1.623902s][吞吐率：0.62req/s] [内存消耗：1,208.39kb] [文件加载：39]
[ info ] [ LANG ] G:\phpstudy\PHPTutorial\WWW\VueCmsApi\thinkphp\lang\zh-cn.php
[ info ] [ ROUTE ] array (
  'type' => 'module',
  'module' => 
  array (
    0 => 'api',
    1 => 'Api',
    2 => 'getCode',
  ),
  'convert' => false,
)
[ info ] [ HEADER ] array (
  'connection' => 'close',
  'content-length' => '168',
  'content-type' => 'multipart/form-data; boundary=--------------------------866599659947465624325581',
  'accept-encoding' => 'gzip, deflate',
  'host' => 'www.vuecms.com',
  'accept' => '*/*',
  'user-agent' => 'PostmanRuntime/7.1.1',
  'postman-token' => 'ce423d9e-5aed-4728-b646-314a01b58dcd',
  'cache-control' => 'no-cache',
)
[ info ] [ PARAM ] array (
  'to' => '13126051483',
)
[ info ] [ RUN ] app\api\controller\Api->getCode[ G:\phpstudy\PHPTutorial\WWW\VueCmsApi\application\api\controller\Api.php ]
[ info ] [ LOG ] INIT File
[ error ] [0]致命错误: Cannot use object of type stdClass as array[G:\phpstudy\PHPTutorial\WWW\VueCmsApi\application\api\controller\Api.php:253]
---------------------------------------------------------------
[ 2018-06-12T08:31:55+08:00 ] 127.0.0.1 127.0.0.1 POST /api/getCode/
[ info ] www.vuecms.com/api/getCode/ [运行时间：0.628434s][吞吐率：1.59req/s] [内存消耗：1,571.13kb] [文件加载：36]
[ info ] [ LANG ] G:\phpstudy\PHPTutorial\WWW\VueCmsApi\thinkphp\lang\zh-cn.php
[ info ] [ ROUTE ] array (
  'type' => 'module',
  'module' => 
  array (
    0 => 'api',
    1 => 'Api',
    2 => 'getCode',
  ),
  'convert' => false,
)
[ info ] [ HEADER ] array (
  'connection' => 'close',
  'content-length' => '168',
  'content-type' => 'multipart/form-data; boundary=--------------------------082149984804272249331101',
  'accept-encoding' => 'gzip, deflate',
  'host' => 'www.vuecms.com',
  'accept' => '*/*',
  'user-agent' => 'PostmanRuntime/7.1.1',
  'postman-token' => '974eb08e-4be0-4f8d-8144-f815c833095e',
  'cache-control' => 'no-cache',
)
[ info ] [ PARAM ] array (
  'to' => '13126051483',
)
[ info ] [ RUN ] app\api\controller\Api->getCode[ G:\phpstudy\PHPTutorial\WWW\VueCmsApi\application\api\controller\Api.php ]
[ info ] [ DB ] INIT mysql
[ info ] [ LOG ] INIT File
[ sql ] [ DB ] CONNECT:[ UseTime:0.050627s ] mysql:dbname=vue_cms_api;host=127.0.0.1;port=3306;charset=utf8
[ sql ] [ SQL ] SHOW COLUMNS FROM `think_code` [ RunTime:0.048867s ]
[ sql ] [ SQL ] INSERT INTO `think_code` (`to` , `code`) VALUES ('13126051483' , '5484') [ RunTime:0.094379s ]
---------------------------------------------------------------
[ 2018-06-12T08:42:57+08:00 ] 127.0.0.1 127.0.0.1 POST /api/getCode/
[ info ] www.vuecms.com/api/getCode/ [运行时间：0.175728s][吞吐率：5.69req/s] [内存消耗：1,209.94kb] [文件加载：40]
[ info ] [ LANG ] G:\phpstudy\PHPTutorial\WWW\VueCmsApi\thinkphp\lang\zh-cn.php
[ info ] [ ROUTE ] array (
  'type' => 'module',
  'module' => 
  array (
    0 => 'api',
    1 => 'Api',
    2 => 'getCode',
  ),
  'convert' => false,
)
[ info ] [ HEADER ] array (
  'connection' => 'close',
  'content-length' => '168',
  'content-type' => 'multipart/form-data; boundary=--------------------------933940787416515917160315',
  'accept-encoding' => 'gzip, deflate',
  'host' => 'www.vuecms.com',
  'accept' => '*/*',
  'user-agent' => 'PostmanRuntime/7.1.1',
  'postman-token' => '80312d0a-89f8-415c-b591-04c053fd2033',
  'cache-control' => 'no-cache',
)
[ info ] [ PARAM ] array (
  'to' => '13126051483',
)
[ info ] [ RUN ] app\api\controller\Api->getCode[ G:\phpstudy\PHPTutorial\WWW\VueCmsApi\application\api\controller\Api.php ]
[ info ] [ LOG ] INIT File
[ error ] [2]preg_match(): Unknown modifier '|'[G:\phpstudy\PHPTutorial\WWW\VueCmsApi\application\api\controller\Api.php:252]
---------------------------------------------------------------
[ 2018-06-12T08:48:14+08:00 ] 127.0.0.1 127.0.0.1 POST /api/getCode/
[ info ] www.vuecms.com/api/getCode/ [运行时间：2.015791s][吞吐率：0.50req/s] [内存消耗：1,571.29kb] [文件加载：36]
[ info ] [ LANG ] G:\phpstudy\PHPTutorial\WWW\VueCmsApi\thinkphp\lang\zh-cn.php
[ info ] [ ROUTE ] array (
  'type' => 'module',
  'module' => 
  array (
    0 => 'api',
    1 => 'Api',
    2 => 'getCode',
  ),
  'convert' => false,
)
[ info ] [ HEADER ] array (
  'connection' => 'close',
  'content-length' => '168',
  'content-type' => 'multipart/form-data; boundary=--------------------------092082306295657680368844',
  'accept-encoding' => 'gzip, deflate',
  'host' => 'www.vuecms.com',
  'accept' => '*/*',
  'user-agent' => 'PostmanRuntime/7.1.1',
  'postman-token' => '7e3ee42f-2090-4f54-9638-995a0c7483e2',
  'cache-control' => 'no-cache',
)
[ info ] [ PARAM ] array (
  'to' => '13126051483',
)
[ info ] [ RUN ] app\api\controller\Api->getCode[ G:\phpstudy\PHPTutorial\WWW\VueCmsApi\application\api\controller\Api.php ]
[ info ] [ DB ] INIT mysql
[ info ] [ LOG ] INIT File
[ sql ] [ DB ] CONNECT:[ UseTime:0.031363s ] mysql:dbname=vue_cms_api;host=127.0.0.1;port=3306;charset=utf8
[ sql ] [ SQL ] SHOW COLUMNS FROM `think_code` [ RunTime:0.027239s ]
[ sql ] [ SQL ] INSERT INTO `think_code` (`to` , `code`) VALUES ('13126051483' , '9131') [ RunTime:0.049869s ]
---------------------------------------------------------------
[ 2018-06-12T10:51:41+08:00 ] 127.0.0.1 127.0.0.1 GET /api/time
[ info ] www.vuecms.com/api/time [运行时间：9.327719s][吞吐率：0.11req/s] [内存消耗：1,658.79kb] [文件加载：38]
[ info ] [ LANG ] G:\phpstudy\PHPTutorial\WWW\VueCmsApi\thinkphp\lang\zh-cn.php
[ info ] [ ROUTE ] array (
  'type' => 'module',
  'module' => 
  array (
    0 => 'api',
    1 => 'Api',
    2 => 'time',
  ),
  'convert' => false,
)
[ info ] [ HEADER ] array (
  'accept-language' => 'zh-CN,zh;q=0.9',
  'accept-encoding' => 'gzip, deflate',
  'accept' => 'text/html,application/xhtml+xml,application/xml;q=0.9,image/webp,image/apng,*/*;q=0.8',
  'user-agent' => 'Mozilla/5.0 (Windows NT 6.3; Win64; x64) AppleWebKit/537.36 (KHTML, like Gecko) Chrome/66.0.3359.117 Safari/537.36',
  'upgrade-insecure-requests' => '1',
  'connection' => 'close',
  'host' => 'www.vuecms.com',
)
[ info ] [ PARAM ] array (
)
[ info ] [ RUN ] app\api\controller\Api->time[ G:\phpstudy\PHPTutorial\WWW\VueCmsApi\application\api\controller\Api.php ]
[ info ] [ LOG ] INIT File
---------------------------------------------------------------
[ 2018-06-12T10:52:57+08:00 ] 127.0.0.1 127.0.0.1 GET /api/time
[ info ] www.vuecms.com/api/time [运行时间：0.855532s][吞吐率：1.17req/s] [内存消耗：1,659.54kb] [文件加载：38]
[ info ] [ LANG ] G:\phpstudy\PHPTutorial\WWW\VueCmsApi\thinkphp\lang\zh-cn.php
[ info ] [ ROUTE ] array (
  'type' => 'module',
  'module' => 
  array (
    0 => 'api',
    1 => 'Api',
    2 => 'time',
  ),
  'convert' => false,
)
[ info ] [ HEADER ] array (
  'cookie' => 'thinkphp_show_page_trace=0|0',
  'accept-language' => 'zh-CN,zh;q=0.9',
  'accept-encoding' => 'gzip, deflate',
  'accept' => 'text/html,application/xhtml+xml,application/xml;q=0.9,image/webp,image/apng,*/*;q=0.8',
  'user-agent' => 'Mozilla/5.0 (Windows NT 6.3; Win64; x64) AppleWebKit/537.36 (KHTML, like Gecko) Chrome/66.0.3359.117 Safari/537.36',
  'upgrade-insecure-requests' => '1',
  'cache-control' => 'max-age=0',
  'connection' => 'close',
  'host' => 'www.vuecms.com',
)
[ info ] [ PARAM ] array (
)
[ info ] [ RUN ] app\api\controller\Api->time[ G:\phpstudy\PHPTutorial\WWW\VueCmsApi\application\api\controller\Api.php ]
[ info ] [ LOG ] INIT File
---------------------------------------------------------------
[ 2018-06-12T10:53:53+08:00 ] 127.0.0.1 127.0.0.1 GET /api/time
[ info ] www.vuecms.com/api/time [运行时间：0.824452s][吞吐率：1.21req/s] [内存消耗：1,659.55kb] [文件加载：38]
[ info ] [ LANG ] G:\phpstudy\PHPTutorial\WWW\VueCmsApi\thinkphp\lang\zh-cn.php
[ info ] [ ROUTE ] array (
  'type' => 'module',
  'module' => 
  array (
    0 => 'api',
    1 => 'Api',
    2 => 'time',
  ),
  'convert' => false,
)
[ info ] [ HEADER ] array (
  'cookie' => 'thinkphp_show_page_trace=0|0',
  'accept-language' => 'zh-CN,zh;q=0.9',
  'accept-encoding' => 'gzip, deflate',
  'accept' => 'text/html,application/xhtml+xml,application/xml;q=0.9,image/webp,image/apng,*/*;q=0.8',
  'user-agent' => 'Mozilla/5.0 (Windows NT 6.3; Win64; x64) AppleWebKit/537.36 (KHTML, like Gecko) Chrome/66.0.3359.117 Safari/537.36',
  'upgrade-insecure-requests' => '1',
  'cache-control' => 'max-age=0',
  'connection' => 'close',
  'host' => 'www.vuecms.com',
)
[ info ] [ PARAM ] array (
)
[ info ] [ RUN ] app\api\controller\Api->time[ G:\phpstudy\PHPTutorial\WWW\VueCmsApi\application\api\controller\Api.php ]
[ info ] [ LOG ] INIT File
---------------------------------------------------------------
[ 2018-06-12T15:45:37+08:00 ] 127.0.0.1 127.0.0.1 GET /api/getswipe
[ info ] www.vuecms.com/api/getswipe [运行时间：0.345101s][吞吐率：2.90req/s] [内存消耗：1,611.70kb] [文件加载：36]
[ info ] [ LANG ] G:\phpstudy\PHPTutorial\WWW\VueCmsApi\thinkphp\lang\zh-cn.php
[ info ] [ ROUTE ] array (
  'type' => 'module',
  'module' => 
  array (
    0 => 'api',
    1 => 'Api',
    2 => 'getSwipe',
  ),
  'convert' => false,
)
[ info ] [ HEADER ] array (
  'host' => 'www.vuecms.com',
  'connection' => 'close',
  'accept' => 'application/json, text/plain, */*',
  'user-agent' => 'Mozilla/5.0 (Windows NT 6.3; Win64; x64) AppleWebKit/537.36 (KHTML, like Gecko) Chrome/66.0.3359.117 Safari/537.36',
  'referer' => 'http://localhost:8081/',
  'accept-encoding' => 'gzip, deflate, br',
  'accept-language' => 'zh-CN,zh;q=0.9',
  'cookie' => 'Pycharm-f3d843f3=9df3831e-8719-4ad7-84fb-2dfc2226a352',
)
[ info ] [ PARAM ] array (
)
[ info ] [ RUN ] app\api\controller\Api->getSwipe[ G:\phpstudy\PHPTutorial\WWW\VueCmsApi\application\api\controller\Api.php ]
[ info ] [ DB ] INIT mysql
[ info ] [ LOG ] INIT File
[ sql ] [ DB ] CONNECT:[ UseTime:0.071335s ] mysql:dbname=vue_cms_api;host=127.0.0.1;port=3306;charset=utf8
[ sql ] [ SQL ] SHOW COLUMNS FROM `think_swipe` [ RunTime:0.011031s ]
[ sql ] [ SQL ] SELECT * FROM `think_swipe` ORDER BY `id`  desc LIMIT 3 [ RunTime:0.001940s ]
[ sql ] [ SQL ] SELECT COUNT(*) AS tp_count FROM `think_swipe` LIMIT 1 [ RunTime:0.001875s ]
---------------------------------------------------------------
[ 2018-06-12T15:47:47+08:00 ] 127.0.0.1 127.0.0.1 GET /api/getswipe
[ info ] www.vuecms.com/api/getswipe [运行时间：0.337427s][吞吐率：2.96req/s] [内存消耗：1,611.70kb] [文件加载：36]
[ info ] [ LANG ] G:\phpstudy\PHPTutorial\WWW\VueCmsApi\thinkphp\lang\zh-cn.php
[ info ] [ ROUTE ] array (
  'type' => 'module',
  'module' => 
  array (
    0 => 'api',
    1 => 'Api',
    2 => 'getSwipe',
  ),
  'convert' => false,
)
[ info ] [ HEADER ] array (
  'host' => 'www.vuecms.com',
  'connection' => 'close',
  'accept' => 'application/json, text/plain, */*',
  'user-agent' => 'Mozilla/5.0 (iPhone; CPU iPhone OS 11_0 like Mac OS X) AppleWebKit/604.1.38 (KHTML, like Gecko) Version/11.0 Mobile/15A372 Safari/604.1',
  'referer' => 'http://localhost:8081/',
  'accept-encoding' => 'gzip, deflate, br',
  'accept-language' => 'zh-CN,zh;q=0.9',
  'cookie' => 'Pycharm-f3d843f3=9df3831e-8719-4ad7-84fb-2dfc2226a352',
)
[ info ] [ PARAM ] array (
)
[ info ] [ RUN ] app\api\controller\Api->getSwipe[ G:\phpstudy\PHPTutorial\WWW\VueCmsApi\application\api\controller\Api.php ]
[ info ] [ DB ] INIT mysql
[ info ] [ LOG ] INIT File
[ sql ] [ DB ] CONNECT:[ UseTime:0.010268s ] mysql:dbname=vue_cms_api;host=127.0.0.1;port=3306;charset=utf8
[ sql ] [ SQL ] SHOW COLUMNS FROM `think_swipe` [ RunTime:0.008016s ]
[ sql ] [ SQL ] SELECT * FROM `think_swipe` ORDER BY `id`  desc LIMIT 3 [ RunTime:0.001903s ]
[ sql ] [ SQL ] SELECT COUNT(*) AS tp_count FROM `think_swipe` LIMIT 1 [ RunTime:0.001663s ]
---------------------------------------------------------------
[ 2018-06-12T15:49:50+08:00 ] 127.0.0.1 127.0.0.1 POST /api/getCode/1
[ info ] www.vuecms.com/api/getCode/1 [运行时间：0.086269s][吞吐率：11.59req/s] [内存消耗：978.82kb] [文件加载：29]
[ info ] [ LANG ] G:\phpstudy\PHPTutorial\WWW\VueCmsApi\thinkphp\lang\zh-cn.php
[ info ] [ ROUTE ] array (
  'type' => 'module',
  'module' => 
  array (
    0 => 'api',
    1 => 'Api',
    2 => 'getCode',
  ),
  'convert' => false,
)
[ info ] [ HEADER ] array (
  'host' => 'www.vuecms.com',
  'connection' => 'close',
  'content-length' => '12',
  'accept' => 'application/json, text/plain, */*',
  'origin' => 'http://localhost:8081',
  'user-agent' => 'Mozilla/5.0 (iPhone; CPU iPhone OS 11_0 like Mac OS X) AppleWebKit/604.1.38 (KHTML, like Gecko) Version/11.0 Mobile/15A372 Safari/604.1',
  'content-type' => 'application/x-www-form-urlencoded',
  'referer' => 'http://localhost:8081/',
  'accept-encoding' => 'gzip, deflate, br',
  'accept-language' => 'zh-CN,zh;q=0.9',
  'cookie' => 'Pycharm-f3d843f3=9df3831e-8719-4ad7-84fb-2dfc2226a352',
)
[ info ] [ PARAM ] array (
  'to' => 'undefined',
  'cid' => '1',
)
[ info ] [ RUN ] app\api\controller\Api->getCode[ G:\phpstudy\PHPTutorial\WWW\VueCmsApi\application\api\controller\Api.php ]
[ info ] [ LOG ] INIT File
---------------------------------------------------------------
[ 2018-06-12T15:51:19+08:00 ] 127.0.0.1 127.0.0.1 POST /api/getCode/1
[ info ] www.vuecms.com/api/getCode/1 [运行时间：0.088799s][吞吐率：11.26req/s] [内存消耗：1,175.03kb] [文件加载：36]
[ info ] [ LANG ] G:\phpstudy\PHPTutorial\WWW\VueCmsApi\thinkphp\lang\zh-cn.php
[ info ] [ ROUTE ] array (
  'type' => 'module',
  'module' => 
  array (
    0 => 'api',
    1 => 'Api',
    2 => 'getCode',
  ),
  'convert' => false,
)
[ info ] [ HEADER ] array (
  'host' => 'www.vuecms.com',
  'connection' => 'close',
  'content-length' => '12',
  'accept' => 'application/json, text/plain, */*',
  'origin' => 'http://localhost:8081',
  'user-agent' => 'Mozilla/5.0 (iPhone; CPU iPhone OS 11_0 like Mac OS X) AppleWebKit/604.1.38 (KHTML, like Gecko) Version/11.0 Mobile/15A372 Safari/604.1',
  'content-type' => 'application/x-www-form-urlencoded',
  'referer' => 'http://localhost:8081/',
  'accept-encoding' => 'gzip, deflate, br',
  'accept-language' => 'zh-CN,zh;q=0.9',
  'cookie' => 'Pycharm-f3d843f3=9df3831e-8719-4ad7-84fb-2dfc2226a352',
)
[ info ] [ PARAM ] array (
  'to' => 'undefined',
  'cid' => '1',
)
[ info ] [ RUN ] app\api\controller\Api->getCode[ G:\phpstudy\PHPTutorial\WWW\VueCmsApi\application\api\controller\Api.php ]
[ info ] [ LOG ] INIT File
[ error ] [0]致命错误: Call to undefined function app\api\controller\int()[G:\phpstudy\PHPTutorial\WWW\VueCmsApi\application\api\controller\Api.php:253]
---------------------------------------------------------------
[ 2018-06-12T15:54:31+08:00 ] 127.0.0.1 127.0.0.1 POST /api/getCode/
[ info ] www.vuecms.com/api/getCode/ [运行时间：0.158419s][吞吐率：6.31req/s] [内存消耗：1,174.26kb] [文件加载：36]
[ info ] [ LANG ] G:\phpstudy\PHPTutorial\WWW\VueCmsApi\thinkphp\lang\zh-cn.php
[ info ] [ ROUTE ] array (
  'type' => 'module',
  'module' => 
  array (
    0 => 'api',
    1 => 'Api',
    2 => 'getCode',
  ),
  'convert' => false,
)
[ info ] [ HEADER ] array (
  'host' => 'www.vuecms.com',
  'connection' => 'close',
  'content-length' => '26',
  'accept' => 'application/json, text/plain, */*',
  'origin' => 'http://localhost:8081',
  'user-agent' => 'Mozilla/5.0 (iPhone; CPU iPhone OS 11_0 like Mac OS X) AppleWebKit/604.1.38 (KHTML, like Gecko) Version/11.0 Mobile/15A372 Safari/604.1',
  'content-type' => 'application/x-www-form-urlencoded',
  'referer' => 'http://localhost:8081/',
  'accept-encoding' => 'gzip, deflate, br',
  'accept-language' => 'zh-CN,zh;q=0.9',
  'cookie' => 'Pycharm-f3d843f3=9df3831e-8719-4ad7-84fb-2dfc2226a352',
)
[ info ] [ PARAM ] array (
  'cid' => '1',
  'to' => '1063944784@qq.com',
)
[ info ] [ RUN ] app\api\controller\Api->getCode[ G:\phpstudy\PHPTutorial\WWW\VueCmsApi\application\api\controller\Api.php ]
[ info ] [ LOG ] INIT File
[ error ] [0]致命错误: Call to undefined function app\api\controller\int()[G:\phpstudy\PHPTutorial\WWW\VueCmsApi\application\api\controller\Api.php:253]
---------------------------------------------------------------
[ 2018-06-12T15:55:50+08:00 ] 127.0.0.1 127.0.0.1 POST /api/getCode/
[ info ] www.vuecms.com/api/getCode/ [运行时间：0.099532s][吞吐率：10.05req/s] [内存消耗：1,215.76kb] [文件加载：39]
[ info ] [ LANG ] G:\phpstudy\PHPTutorial\WWW\VueCmsApi\thinkphp\lang\zh-cn.php
[ info ] [ ROUTE ] array (
  'type' => 'module',
  'module' => 
  array (
    0 => 'api',
    1 => 'Api',
    2 => 'getCode',
  ),
  'convert' => false,
)
[ info ] [ HEADER ] array (
  'connection' => 'close',
  'content-length' => '174',
  'content-type' => 'multipart/form-data; boundary=--------------------------324362799368705885055261',
  'accept-encoding' => 'gzip, deflate',
  'host' => 'www.vuecms.com',
  'accept' => '*/*',
  'user-agent' => 'PostmanRuntime/7.1.1',
  'postman-token' => '9f4aeef4-d335-40a8-bebf-2f70bd05482d',
  'cache-control' => 'no-cache',
)
[ info ] [ PARAM ] array (
  'to' => '1063944784@qq.com',
)
[ info ] [ RUN ] app\api\controller\Api->getCode[ G:\phpstudy\PHPTutorial\WWW\VueCmsApi\application\api\controller\Api.php ]
[ info ] [ LOG ] INIT File
[ error ] [0]致命错误: Call to undefined function app\api\controller\int()[G:\phpstudy\PHPTutorial\WWW\VueCmsApi\application\api\controller\Api.php:253]
---------------------------------------------------------------
[ 2018-06-12T15:57:06+08:00 ] 127.0.0.1 127.0.0.1 POST /api/getCode/
[ info ] www.vuecms.com/api/getCode/ [运行时间：0.064966s][吞吐率：15.39req/s] [内存消耗：977.00kb] [文件加载：29]
[ info ] [ LANG ] G:\phpstudy\PHPTutorial\WWW\VueCmsApi\thinkphp\lang\zh-cn.php
[ info ] [ ROUTE ] array (
  'type' => 'module',
  'module' => 
  array (
    0 => 'api',
    1 => 'Api',
    2 => 'getCode',
  ),
  'convert' => false,
)
[ info ] [ HEADER ] array (
  'connection' => 'close',
  'content-length' => '174',
  'content-type' => 'multipart/form-data; boundary=--------------------------750234626331962656833239',
  'accept-encoding' => 'gzip, deflate',
  'host' => 'www.vuecms.com',
  'accept' => '*/*',
  'user-agent' => 'PostmanRuntime/7.1.1',
  'postman-token' => 'edad0ccc-19f8-44e4-b218-1960be76929a',
  'cache-control' => 'no-cache',
)
[ info ] [ PARAM ] array (
  'to' => '1063944784@qq.com',
)
[ info ] [ RUN ] app\api\controller\Api->getCode[ G:\phpstudy\PHPTutorial\WWW\VueCmsApi\application\api\controller\Api.php ]
[ info ] [ LOG ] INIT File
---------------------------------------------------------------
[ 2018-06-12T15:57:26+08:00 ] 127.0.0.1 127.0.0.1 POST /api/getCode/
[ info ] www.vuecms.com/api/getCode/ [运行时间：0.069414s][吞吐率：14.41req/s] [内存消耗：977.27kb] [文件加载：29]
[ info ] [ LANG ] G:\phpstudy\PHPTutorial\WWW\VueCmsApi\thinkphp\lang\zh-cn.php
[ info ] [ ROUTE ] array (
  'type' => 'module',
  'module' => 
  array (
    0 => 'api',
    1 => 'Api',
    2 => 'getCode',
  ),
  'convert' => false,
)
[ info ] [ HEADER ] array (
  'connection' => 'close',
  'content-length' => '277',
  'content-type' => 'multipart/form-data; boundary=--------------------------903361375148017760919589',
  'accept-encoding' => 'gzip, deflate',
  'host' => 'www.vuecms.com',
  'accept' => '*/*',
  'user-agent' => 'PostmanRuntime/7.1.1',
  'postman-token' => 'f1e08ef5-abf1-4149-bbfc-84cc261272a7',
  'cache-control' => 'no-cache',
)
[ info ] [ PARAM ] array (
  'to' => '1063944784@qq.com',
  'cid' => '1',
)
[ info ] [ RUN ] app\api\controller\Api->getCode[ G:\phpstudy\PHPTutorial\WWW\VueCmsApi\application\api\controller\Api.php ]
[ info ] [ LOG ] INIT File
---------------------------------------------------------------
[ 2018-06-12T15:58:33+08:00 ] 127.0.0.1 127.0.0.1 POST /api/getCode/
[ info ] www.vuecms.com/api/getCode/ [运行时间：0.061873s][吞吐率：16.16req/s] [内存消耗：977.31kb] [文件加载：29]
[ info ] [ LANG ] G:\phpstudy\PHPTutorial\WWW\VueCmsApi\thinkphp\lang\zh-cn.php
[ info ] [ ROUTE ] array (
  'type' => 'module',
  'module' => 
  array (
    0 => 'api',
    1 => 'Api',
    2 => 'getCode',
  ),
  'convert' => false,
)
[ info ] [ HEADER ] array (
  'connection' => 'close',
  'content-length' => '277',
  'content-type' => 'multipart/form-data; boundary=--------------------------725571019462536448692496',
  'accept-encoding' => 'gzip, deflate',
  'host' => 'www.vuecms.com',
  'accept' => '*/*',
  'user-agent' => 'PostmanRuntime/7.1.1',
  'postman-token' => 'a340ed36-c978-4346-aad0-b7baa0e7bf2e',
  'cache-control' => 'no-cache',
)
[ info ] [ PARAM ] array (
  'to' => '1063944784@qq.com',
  'cid' => '1',
)
[ info ] [ RUN ] app\api\controller\Api->getCode[ G:\phpstudy\PHPTutorial\WWW\VueCmsApi\application\api\controller\Api.php ]
[ info ] [ LOG ] INIT File
---------------------------------------------------------------
[ 2018-06-12T15:58:53+08:00 ] 127.0.0.1 127.0.0.1 POST /api/getCode/
[ info ] www.vuecms.com/api/getCode/ [运行时间：0.072287s][吞吐率：13.83req/s] [内存消耗：977.31kb] [文件加载：29]
[ info ] [ LANG ] G:\phpstudy\PHPTutorial\WWW\VueCmsApi\thinkphp\lang\zh-cn.php
[ info ] [ ROUTE ] array (
  'type' => 'module',
  'module' => 
  array (
    0 => 'api',
    1 => 'Api',
    2 => 'getCode',
  ),
  'convert' => false,
)
[ info ] [ HEADER ] array (
  'connection' => 'close',
  'content-length' => '277',
  'content-type' => 'multipart/form-data; boundary=--------------------------420976147978960135818132',
  'accept-encoding' => 'gzip, deflate',
  'host' => 'www.vuecms.com',
  'accept' => '*/*',
  'user-agent' => 'PostmanRuntime/7.1.1',
  'postman-token' => '6fa8a40a-fac1-4e10-8a9b-078109d65671',
  'cache-control' => 'no-cache',
)
[ info ] [ PARAM ] array (
  'to' => '1063944784@qq.com',
  'cid' => '1',
)
[ info ] [ RUN ] app\api\controller\Api->getCode[ G:\phpstudy\PHPTutorial\WWW\VueCmsApi\application\api\controller\Api.php ]
[ info ] [ LOG ] INIT File
---------------------------------------------------------------
[ 2018-06-12T15:59:44+08:00 ] 127.0.0.1 127.0.0.1 POST /api/getCode/
[ info ] www.vuecms.com/api/getCode/ [运行时间：0.077119s][吞吐率：12.97req/s] [内存消耗：977.31kb] [文件加载：29]
[ info ] [ LANG ] G:\phpstudy\PHPTutorial\WWW\VueCmsApi\thinkphp\lang\zh-cn.php
[ info ] [ ROUTE ] array (
  'type' => 'module',
  'module' => 
  array (
    0 => 'api',
    1 => 'Api',
    2 => 'getCode',
  ),
  'convert' => false,
)
[ info ] [ HEADER ] array (
  'connection' => 'close',
  'content-length' => '277',
  'content-type' => 'multipart/form-data; boundary=--------------------------004191210966125108411162',
  'accept-encoding' => 'gzip, deflate',
  'host' => 'www.vuecms.com',
  'accept' => '*/*',
  'user-agent' => 'PostmanRuntime/7.1.1',
  'postman-token' => 'fab6fa21-5a35-467e-8100-86d5bf7d3706',
  'cache-control' => 'no-cache',
)
[ info ] [ PARAM ] array (
  'to' => '1063944784@qq.com',
  'cid' => '1',
)
[ info ] [ RUN ] app\api\controller\Api->getCode[ G:\phpstudy\PHPTutorial\WWW\VueCmsApi\application\api\controller\Api.php ]
[ info ] [ LOG ] INIT File
---------------------------------------------------------------
[ 2018-06-12T16:00:47+08:00 ] 127.0.0.1 127.0.0.1 POST /api/getCode/
[ info ] www.vuecms.com/api/getCode/ [运行时间：0.062279s][吞吐率：16.06req/s] [内存消耗：977.56kb] [文件加载：29]
[ info ] [ LANG ] G:\phpstudy\PHPTutorial\WWW\VueCmsApi\thinkphp\lang\zh-cn.php
[ info ] [ ROUTE ] array (
  'type' => 'module',
  'module' => 
  array (
    0 => 'api',
    1 => 'Api',
    2 => 'getCode',
  ),
  'convert' => false,
)
[ info ] [ HEADER ] array (
  'connection' => 'close',
  'content-length' => '277',
  'content-type' => 'multipart/form-data; boundary=--------------------------309129144485683716895777',
  'accept-encoding' => 'gzip, deflate',
  'host' => 'www.vuecms.com',
  'accept' => '*/*',
  'user-agent' => 'PostmanRuntime/7.1.1',
  'postman-token' => 'cc8461c5-d0b8-48c1-b8da-838d8cd7dbdd',
  'cache-control' => 'no-cache',
)
[ info ] [ PARAM ] array (
  'to' => '1063944784@qq.com',
  'cid' => '1',
)
[ info ] [ RUN ] app\api\controller\Api->getCode[ G:\phpstudy\PHPTutorial\WWW\VueCmsApi\application\api\controller\Api.php ]
[ info ] [ LOG ] INIT File
---------------------------------------------------------------
[ 2018-06-12T16:01:50+08:00 ] 127.0.0.1 127.0.0.1 POST /api/getCode/
[ info ] www.vuecms.com/api/getCode/ [运行时间：0.068504s][吞吐率：14.60req/s] [内存消耗：977.56kb] [文件加载：29]
[ info ] [ LANG ] G:\phpstudy\PHPTutorial\WWW\VueCmsApi\thinkphp\lang\zh-cn.php
[ info ] [ ROUTE ] array (
  'type' => 'module',
  'module' => 
  array (
    0 => 'api',
    1 => 'Api',
    2 => 'getCode',
  ),
  'convert' => false,
)
[ info ] [ HEADER ] array (
  'connection' => 'close',
  'content-length' => '277',
  'content-type' => 'multipart/form-data; boundary=--------------------------531509850086984222316939',
  'accept-encoding' => 'gzip, deflate',
  'host' => 'www.vuecms.com',
  'accept' => '*/*',
  'user-agent' => 'PostmanRuntime/7.1.1',
  'postman-token' => '3ddb5211-9114-4b1f-a462-89b88cc2cc96',
  'cache-control' => 'no-cache',
)
[ info ] [ PARAM ] array (
  'to' => '1063944784@qq.com',
  'cid' => '1',
)
[ info ] [ RUN ] app\api\controller\Api->getCode[ G:\phpstudy\PHPTutorial\WWW\VueCmsApi\application\api\controller\Api.php ]
[ info ] [ LOG ] INIT File
---------------------------------------------------------------
[ 2018-06-12T16:03:03+08:00 ] 127.0.0.1 127.0.0.1 POST /api/getCode/
[ info ] www.vuecms.com/api/getCode/ [运行时间：0.094389s][吞吐率：10.59req/s] [内存消耗：1,529.97kb] [文件加载：35]
[ info ] [ LANG ] G:\phpstudy\PHPTutorial\WWW\VueCmsApi\thinkphp\lang\zh-cn.php
[ info ] [ ROUTE ] array (
  'type' => 'module',
  'module' => 
  array (
    0 => 'api',
    1 => 'Api',
    2 => 'getCode',
  ),
  'convert' => false,
)
[ info ] [ HEADER ] array (
  'connection' => 'close',
  'content-length' => '277',
  'content-type' => 'multipart/form-data; boundary=--------------------------114758936499177275898356',
  'accept-encoding' => 'gzip, deflate',
  'host' => 'www.vuecms.com',
  'accept' => '*/*',
  'user-agent' => 'PostmanRuntime/7.1.1',
  'postman-token' => '471fa8cc-dbfb-4ca0-9cf8-eb845d56f327',
  'cache-control' => 'no-cache',
)
[ info ] [ PARAM ] array (
  'to' => '1063944784@qq.com',
  'cid' => '1',
)
[ info ] [ RUN ] app\api\controller\Api->getCode[ G:\phpstudy\PHPTutorial\WWW\VueCmsApi\application\api\controller\Api.php ]
[ info ] [ DB ] INIT mysql
[ info ] [ LOG ] INIT File
---------------------------------------------------------------
[ 2018-06-12T16:03:54+08:00 ] 127.0.0.1 127.0.0.1 POST /api/getCode/
[ info ] www.vuecms.com/api/getCode/ [运行时间：0.095965s][吞吐率：10.42req/s] [内存消耗：1,531.17kb] [文件加载：35]
[ info ] [ LANG ] G:\phpstudy\PHPTutorial\WWW\VueCmsApi\thinkphp\lang\zh-cn.php
[ info ] [ ROUTE ] array (
  'type' => 'module',
  'module' => 
  array (
    0 => 'api',
    1 => 'Api',
    2 => 'getCode',
  ),
  'convert' => false,
)
[ info ] [ HEADER ] array (
  'connection' => 'close',
  'content-length' => '277',
  'content-type' => 'multipart/form-data; boundary=--------------------------342821945596511244935782',
  'accept-encoding' => 'gzip, deflate',
  'host' => 'www.vuecms.com',
  'accept' => '*/*',
  'user-agent' => 'PostmanRuntime/7.1.1',
  'postman-token' => 'e271d091-3efd-4994-875b-422ca13a8691',
  'cache-control' => 'no-cache',
)
[ info ] [ PARAM ] array (
  'to' => '1063944784@qq.com',
  'cid' => '1',
)
[ info ] [ RUN ] app\api\controller\Api->getCode[ G:\phpstudy\PHPTutorial\WWW\VueCmsApi\application\api\controller\Api.php ]
[ info ] [ DB ] INIT mysql
[ info ] [ LOG ] INIT File
---------------------------------------------------------------
[ 2018-06-12T16:04:24+08:00 ] 127.0.0.1 127.0.0.1 POST /api/getCode/
[ info ] www.vuecms.com/api/getCode/ [运行时间：0.207662s][吞吐率：4.82req/s] [内存消耗：1,750.73kb] [文件加载：45]
[ info ] [ LANG ] G:\phpstudy\PHPTutorial\WWW\VueCmsApi\thinkphp\lang\zh-cn.php
[ info ] [ ROUTE ] array (
  'type' => 'module',
  'module' => 
  array (
    0 => 'api',
    1 => 'Api',
    2 => 'getCode',
  ),
  'convert' => false,
)
[ info ] [ HEADER ] array (
  'connection' => 'close',
  'content-length' => '277',
  'content-type' => 'multipart/form-data; boundary=--------------------------087019805437242193859262',
  'accept-encoding' => 'gzip, deflate',
  'host' => 'www.vuecms.com',
  'accept' => '*/*',
  'user-agent' => 'PostmanRuntime/7.1.1',
  'postman-token' => 'fd7f0643-6cee-43a1-9851-16a6dfc1e826',
  'cache-control' => 'no-cache',
)
[ info ] [ PARAM ] array (
  'to' => '1063944784@qq.com',
  'cid' => '1',
)
[ info ] [ RUN ] app\api\controller\Api->getCode[ G:\phpstudy\PHPTutorial\WWW\VueCmsApi\application\api\controller\Api.php ]
[ info ] [ DB ] INIT mysql
[ info ] [ LOG ] INIT File
[ sql ] [ DB ] CONNECT:[ UseTime:0.024914s ] mysql:dbname=vue_cms_api;host=127.0.0.1;port=3306;charset=utf8
[ sql ] [ SQL ] SHOW COLUMNS FROM `think_code` [ RunTime:0.005495s ]
[ sql ] [ SQL ] SELECT COUNT(*) AS tp_count FROM `think_code` WHERE  `category` = '1' LIMIT 1 [ RunTime:0.001649s ]
[ error ] [2]preg_match(): Compilation failed: PCRE does not support \L, \l, \N{name}, \U, or \u at offset 12[G:\phpstudy\PHPTutorial\WWW\VueCmsApi\application\api\controller\Api.php:283]
---------------------------------------------------------------
[ 2018-06-12T16:07:36+08:00 ] 127.0.0.1 127.0.0.1 POST /api/getCode/
[ info ] www.vuecms.com/api/getCode/ [运行时间：0.213175s][吞吐率：4.69req/s] [内存消耗：1,750.75kb] [文件加载：45]
[ info ] [ LANG ] G:\phpstudy\PHPTutorial\WWW\VueCmsApi\thinkphp\lang\zh-cn.php
[ info ] [ ROUTE ] array (
  'type' => 'module',
  'module' => 
  array (
    0 => 'api',
    1 => 'Api',
    2 => 'getCode',
  ),
  'convert' => false,
)
[ info ] [ HEADER ] array (
  'connection' => 'close',
  'content-length' => '277',
  'content-type' => 'multipart/form-data; boundary=--------------------------720354761318604314389562',
  'accept-encoding' => 'gzip, deflate',
  'host' => 'www.vuecms.com',
  'accept' => '*/*',
  'user-agent' => 'PostmanRuntime/7.1.1',
  'postman-token' => '4ab61d02-192e-40bd-a779-ccdc0868ea42',
  'cache-control' => 'no-cache',
)
[ info ] [ PARAM ] array (
  'to' => '1063944784@qq.com',
  'cid' => '1',
)
[ info ] [ RUN ] app\api\controller\Api->getCode[ G:\phpstudy\PHPTutorial\WWW\VueCmsApi\application\api\controller\Api.php ]
[ info ] [ DB ] INIT mysql
[ info ] [ LOG ] INIT File
[ sql ] [ DB ] CONNECT:[ UseTime:0.008460s ] mysql:dbname=vue_cms_api;host=127.0.0.1;port=3306;charset=utf8
[ sql ] [ SQL ] SHOW COLUMNS FROM `think_code` [ RunTime:0.008861s ]
[ sql ] [ SQL ] SELECT COUNT(*) AS tp_count FROM `think_code` WHERE  `category` = '1' LIMIT 1 [ RunTime:0.003868s ]
[ error ] [2]preg_match(): Compilation failed: PCRE does not support \L, \l, \N{name}, \U, or \u at offset 12[G:\phpstudy\PHPTutorial\WWW\VueCmsApi\application\api\controller\Api.php:283]
---------------------------------------------------------------
[ 2018-06-12T16:08:10+08:00 ] 127.0.0.1 127.0.0.1 POST /api/getCode/
[ info ] www.vuecms.com/api/getCode/ [运行时间：0.142600s][吞吐率：7.01req/s] [内存消耗：1,611.55kb] [文件加载：36]
[ info ] [ LANG ] G:\phpstudy\PHPTutorial\WWW\VueCmsApi\thinkphp\lang\zh-cn.php
[ info ] [ ROUTE ] array (
  'type' => 'module',
  'module' => 
  array (
    0 => 'api',
    1 => 'Api',
    2 => 'getCode',
  ),
  'convert' => false,
)
[ info ] [ HEADER ] array (
  'connection' => 'close',
  'content-length' => '277',
  'content-type' => 'multipart/form-data; boundary=--------------------------175335483255966454417729',
  'accept-encoding' => 'gzip, deflate',
  'host' => 'www.vuecms.com',
  'accept' => '*/*',
  'user-agent' => 'PostmanRuntime/7.1.1',
  'postman-token' => '98f0543e-6da6-40a0-b6bd-c1ba7a69d4d6',
  'cache-control' => 'no-cache',
)
[ info ] [ PARAM ] array (
  'to' => '1063944784@qq.com',
  'cid' => '1',
)
[ info ] [ RUN ] app\api\controller\Api->getCode[ G:\phpstudy\PHPTutorial\WWW\VueCmsApi\application\api\controller\Api.php ]
[ info ] [ DB ] INIT mysql
[ info ] [ LOG ] INIT File
[ sql ] [ DB ] CONNECT:[ UseTime:0.007881s ] mysql:dbname=vue_cms_api;host=127.0.0.1;port=3306;charset=utf8
[ sql ] [ SQL ] SHOW COLUMNS FROM `think_code` [ RunTime:0.005311s ]
[ sql ] [ SQL ] SELECT COUNT(*) AS tp_count FROM `think_code` WHERE  `category` = '1' LIMIT 1 [ RunTime:0.001487s ]
---------------------------------------------------------------
[ 2018-06-12T16:08:41+08:00 ] 127.0.0.1 127.0.0.1 POST /api/getCode/
[ info ] www.vuecms.com/api/getCode/ [运行时间：3.319474s][吞吐率：0.30req/s] [内存消耗：2,250.74kb] [文件加载：48]
[ info ] [ LANG ] G:\phpstudy\PHPTutorial\WWW\VueCmsApi\thinkphp\lang\zh-cn.php
[ info ] [ ROUTE ] array (
  'type' => 'module',
  'module' => 
  array (
    0 => 'api',
    1 => 'Api',
    2 => 'getCode',
  ),
  'convert' => false,
)
[ info ] [ HEADER ] array (
  'connection' => 'close',
  'content-length' => '277',
  'content-type' => 'multipart/form-data; boundary=--------------------------921211678627855974083418',
  'accept-encoding' => 'gzip, deflate',
  'host' => 'www.vuecms.com',
  'accept' => '*/*',
  'user-agent' => 'PostmanRuntime/7.1.1',
  'postman-token' => '53cf3ae3-2ace-4a54-be1c-8fb1594b7305',
  'cache-control' => 'no-cache',
)
[ info ] [ PARAM ] array (
  'to' => '1063944784@qq.com',
  'cid' => '1',
)
[ info ] [ RUN ] app\api\controller\Api->getCode[ G:\phpstudy\PHPTutorial\WWW\VueCmsApi\application\api\controller\Api.php ]
[ info ] [ DB ] INIT mysql
[ info ] [ LOG ] INIT File
[ sql ] [ DB ] CONNECT:[ UseTime:0.008871s ] mysql:dbname=vue_cms_api;host=127.0.0.1;port=3306;charset=utf8
[ sql ] [ SQL ] SHOW COLUMNS FROM `think_code` [ RunTime:0.007356s ]
[ sql ] [ SQL ] SELECT COUNT(*) AS tp_count FROM `think_code` WHERE  `category` = '1' LIMIT 1 [ RunTime:0.001631s ]
[ error ] [10501]SQLSTATE[22001]: String data, right truncated: 1406 Data too long for column 'code' at row 1[G:\phpstudy\PHPTutorial\WWW\VueCmsApi\thinkphp\library\think\db\Connection.php:451]
---------------------------------------------------------------
[ 2018-06-12T16:10:15+08:00 ] 127.0.0.1 127.0.0.1 POST /api/getCode/
[ info ] www.vuecms.com/api/getCode/ [运行时间：2.686163s][吞吐率：0.37req/s] [内存消耗：2,110.36kb] [文件加载：38]
[ info ] [ LANG ] G:\phpstudy\PHPTutorial\WWW\VueCmsApi\thinkphp\lang\zh-cn.php
[ info ] [ ROUTE ] array (
  'type' => 'module',
  'module' => 
  array (
    0 => 'api',
    1 => 'Api',
    2 => 'getCode',
  ),
  'convert' => false,
)
[ info ] [ HEADER ] array (
  'connection' => 'close',
  'content-length' => '277',
  'content-type' => 'multipart/form-data; boundary=--------------------------771678161803871565859816',
  'accept-encoding' => 'gzip, deflate',
  'host' => 'www.vuecms.com',
  'accept' => '*/*',
  'user-agent' => 'PostmanRuntime/7.1.1',
  'postman-token' => '58318d58-0e8b-44bf-af8b-e02a9e293730',
  'cache-control' => 'no-cache',
)
[ info ] [ PARAM ] array (
  'to' => '1063944784@qq.com',
  'cid' => '1',
)
[ info ] [ RUN ] app\api\controller\Api->getCode[ G:\phpstudy\PHPTutorial\WWW\VueCmsApi\application\api\controller\Api.php ]
[ info ] [ DB ] INIT mysql
[ info ] [ LOG ] INIT File
[ sql ] [ DB ] CONNECT:[ UseTime:0.019270s ] mysql:dbname=vue_cms_api;host=127.0.0.1;port=3306;charset=utf8
[ sql ] [ SQL ] SHOW COLUMNS FROM `think_code` [ RunTime:0.005236s ]
[ sql ] [ SQL ] SELECT COUNT(*) AS tp_count FROM `think_code` WHERE  `category` = '1' LIMIT 1 [ RunTime:0.001692s ]
[ sql ] [ SQL ] INSERT INTO `think_code` (`to` , `code` , `category`) VALUES ('1063944784@qq.com' , '476140' , '1') [ RunTime:0.037651s ]
---------------------------------------------------------------
[ 2018-06-12T16:15:48+08:00 ] 127.0.0.1 127.0.0.1 POST /api/getCode/
[ info ] www.vuecms.com/api/getCode/ [运行时间：1.068983s][吞吐率：0.94req/s] [内存消耗：2,110.43kb] [文件加载：38]
[ info ] [ LANG ] G:\phpstudy\PHPTutorial\WWW\VueCmsApi\thinkphp\lang\zh-cn.php
[ info ] [ ROUTE ] array (
  'type' => 'module',
  'module' => 
  array (
    0 => 'api',
    1 => 'Api',
    2 => 'getCode',
  ),
  'convert' => false,
)
[ info ] [ HEADER ] array (
  'connection' => 'close',
  'content-length' => '277',
  'content-type' => 'multipart/form-data; boundary=--------------------------018528902639306315684357',
  'accept-encoding' => 'gzip, deflate',
  'host' => 'www.vuecms.com',
  'accept' => '*/*',
  'user-agent' => 'PostmanRuntime/7.1.1',
  'postman-token' => '839e68a5-2821-4640-a653-603613abf8fd',
  'cache-control' => 'no-cache',
)
[ info ] [ PARAM ] array (
  'to' => '1063944784@qq.com',
  'cid' => '1',
)
[ info ] [ RUN ] app\api\controller\Api->getCode[ G:\phpstudy\PHPTutorial\WWW\VueCmsApi\application\api\controller\Api.php ]
[ info ] [ DB ] INIT mysql
[ info ] [ LOG ] INIT File
[ sql ] [ DB ] CONNECT:[ UseTime:0.006946s ] mysql:dbname=vue_cms_api;host=127.0.0.1;port=3306;charset=utf8
[ sql ] [ SQL ] SHOW COLUMNS FROM `think_code` [ RunTime:0.004936s ]
[ sql ] [ SQL ] SELECT COUNT(*) AS tp_count FROM `think_code` WHERE  `category` = '1' LIMIT 1 [ RunTime:0.001513s ]
[ sql ] [ SQL ] INSERT INTO `think_code` (`to` , `code` , `category`) VALUES ('1063944784@qq.com' , '988532' , '1') [ RunTime:0.054937s ]
---------------------------------------------------------------
[ 2018-06-12T16:17:51+08:00 ] 127.0.0.1 127.0.0.1 POST /api/getCode/
[ info ] www.vuecms.com/api/getCode/ [运行时间：2.187706s][吞吐率：0.46req/s] [内存消耗：2,110.46kb] [文件加载：38]
[ info ] [ LANG ] G:\phpstudy\PHPTutorial\WWW\VueCmsApi\thinkphp\lang\zh-cn.php
[ info ] [ ROUTE ] array (
  'type' => 'module',
  'module' => 
  array (
    0 => 'api',
    1 => 'Api',
    2 => 'getCode',
  ),
  'convert' => false,
)
[ info ] [ HEADER ] array (
  'connection' => 'close',
  'content-length' => '277',
  'content-type' => 'multipart/form-data; boundary=--------------------------737937239182698948248703',
  'accept-encoding' => 'gzip, deflate',
  'host' => 'www.vuecms.com',
  'accept' => '*/*',
  'user-agent' => 'PostmanRuntime/7.1.1',
  'postman-token' => '0a78655d-6599-4a3d-852c-d95ec19149f5',
  'cache-control' => 'no-cache',
)
[ info ] [ PARAM ] array (
  'to' => '1063944784@qq.com',
  'cid' => '1',
)
[ info ] [ RUN ] app\api\controller\Api->getCode[ G:\phpstudy\PHPTutorial\WWW\VueCmsApi\application\api\controller\Api.php ]
[ info ] [ DB ] INIT mysql
[ info ] [ LOG ] INIT File
[ sql ] [ DB ] CONNECT:[ UseTime:0.019629s ] mysql:dbname=vue_cms_api;host=127.0.0.1;port=3306;charset=utf8
[ sql ] [ SQL ] SHOW COLUMNS FROM `think_code` [ RunTime:0.007336s ]
[ sql ] [ SQL ] SELECT COUNT(*) AS tp_count FROM `think_code` WHERE  `to` = '1063944784@qq.com'  AND `category` = '1' LIMIT 1 [ RunTime:0.001712s ]
[ sql ] [ SQL ] INSERT INTO `think_code` (`to` , `code` , `category`) VALUES ('1063944784@qq.com' , '139739' , '1') [ RunTime:0.060453s ]
---------------------------------------------------------------
[ 2018-06-12T16:19:01+08:00 ] 127.0.0.1 127.0.0.1 POST /api/getCode/
[ info ] www.vuecms.com/api/getCode/ [运行时间：0.953857s][吞吐率：1.05req/s] [内存消耗：2,110.51kb] [文件加载：38]
[ info ] [ LANG ] G:\phpstudy\PHPTutorial\WWW\VueCmsApi\thinkphp\lang\zh-cn.php
[ info ] [ ROUTE ] array (
  'type' => 'module',
  'module' => 
  array (
    0 => 'api',
    1 => 'Api',
    2 => 'getCode',
  ),
  'convert' => false,
)
[ info ] [ HEADER ] array (
  'connection' => 'close',
  'content-length' => '277',
  'content-type' => 'multipart/form-data; boundary=--------------------------531456625838754602267854',
  'accept-encoding' => 'gzip, deflate',
  'host' => 'www.vuecms.com',
  'accept' => '*/*',
  'user-agent' => 'PostmanRuntime/7.1.1',
  'postman-token' => '132251dd-bc75-4e47-af60-26b4176762b5',
  'cache-control' => 'no-cache',
)
[ info ] [ PARAM ] array (
  'to' => '1063944784@qq.com',
  'cid' => '1',
)
[ info ] [ RUN ] app\api\controller\Api->getCode[ G:\phpstudy\PHPTutorial\WWW\VueCmsApi\application\api\controller\Api.php ]
[ info ] [ DB ] INIT mysql
[ info ] [ LOG ] INIT File
[ sql ] [ DB ] CONNECT:[ UseTime:0.007057s ] mysql:dbname=vue_cms_api;host=127.0.0.1;port=3306;charset=utf8
[ sql ] [ SQL ] SHOW COLUMNS FROM `think_code` [ RunTime:0.005335s ]
[ sql ] [ SQL ] SELECT * FROM `think_code` WHERE  `to` = '1063944784@qq.com'  AND `category` = '1' [ RunTime:0.001641s ]
[ sql ] [ SQL ] INSERT INTO `think_code` (`to` , `code` , `category`) VALUES ('1063944784@qq.com' , '460148' , '1') [ RunTime:0.088258s ]
---------------------------------------------------------------
[ 2018-06-12T16:20:09+08:00 ] 127.0.0.1 127.0.0.1 POST /api/getCode/
[ info ] www.vuecms.com/api/getCode/ [运行时间：0.856944s][吞吐率：1.17req/s] [内存消耗：2,110.78kb] [文件加载：38]
[ info ] [ LANG ] G:\phpstudy\PHPTutorial\WWW\VueCmsApi\thinkphp\lang\zh-cn.php
[ info ] [ ROUTE ] array (
  'type' => 'module',
  'module' => 
  array (
    0 => 'api',
    1 => 'Api',
    2 => 'getCode',
  ),
  'convert' => false,
)
[ info ] [ HEADER ] array (
  'connection' => 'close',
  'content-length' => '277',
  'content-type' => 'multipart/form-data; boundary=--------------------------616972573145747044048100',
  'accept-encoding' => 'gzip, deflate',
  'host' => 'www.vuecms.com',
  'accept' => '*/*',
  'user-agent' => 'PostmanRuntime/7.1.1',
  'postman-token' => '97dde7c9-9345-40eb-b3d9-cc7355d3dc7d',
  'cache-control' => 'no-cache',
)
[ info ] [ PARAM ] array (
  'to' => '1063944784@qq.com',
  'cid' => '1',
)
[ info ] [ RUN ] app\api\controller\Api->getCode[ G:\phpstudy\PHPTutorial\WWW\VueCmsApi\application\api\controller\Api.php ]
[ info ] [ DB ] INIT mysql
[ info ] [ LOG ] INIT File
[ sql ] [ DB ] CONNECT:[ UseTime:0.006483s ] mysql:dbname=vue_cms_api;host=127.0.0.1;port=3306;charset=utf8
[ sql ] [ SQL ] SHOW COLUMNS FROM `think_code` [ RunTime:0.005339s ]
[ sql ] [ SQL ] SELECT * FROM `think_code` WHERE  `to` = '1063944784@qq.com'  AND `category` = '1' [ RunTime:0.001878s ]
[ sql ] [ SQL ] INSERT INTO `think_code` (`to` , `code` , `category`) VALUES ('1063944784@qq.com' , '235108' , '1') [ RunTime:0.042426s ]
---------------------------------------------------------------
[ 2018-06-12T16:20:38+08:00 ] 127.0.0.1 127.0.0.1 POST /api/getCode/
[ info ] www.vuecms.com/api/getCode/ [运行时间：0.101549s][吞吐率：9.85req/s] [内存消耗：1,616.63kb] [文件加载：36]
[ info ] [ LANG ] G:\phpstudy\PHPTutorial\WWW\VueCmsApi\thinkphp\lang\zh-cn.php
[ info ] [ ROUTE ] array (
  'type' => 'module',
  'module' => 
  array (
    0 => 'api',
    1 => 'Api',
    2 => 'getCode',
  ),
  'convert' => false,
)
[ info ] [ HEADER ] array (
  'connection' => 'close',
  'content-length' => '277',
  'content-type' => 'multipart/form-data; boundary=--------------------------324271773466921013603408',
  'accept-encoding' => 'gzip, deflate',
  'host' => 'www.vuecms.com',
  'accept' => '*/*',
  'user-agent' => 'PostmanRuntime/7.1.1',
  'postman-token' => '2f476d17-12cc-4d88-a573-7906577bbaf9',
  'cache-control' => 'no-cache',
)
[ info ] [ PARAM ] array (
  'to' => '1063944784@qq.com',
  'cid' => '1',
)
[ info ] [ RUN ] app\api\controller\Api->getCode[ G:\phpstudy\PHPTutorial\WWW\VueCmsApi\application\api\controller\Api.php ]
[ info ] [ DB ] INIT mysql
[ info ] [ LOG ] INIT File
[ sql ] [ DB ] CONNECT:[ UseTime:0.006849s ] mysql:dbname=vue_cms_api;host=127.0.0.1;port=3306;charset=utf8
[ sql ] [ SQL ] SHOW COLUMNS FROM `think_code` [ RunTime:0.005041s ]
[ sql ] [ SQL ] SELECT * FROM `think_code` WHERE  `to` = '1063944784@qq.com'  AND `category` = '注册' [ RunTime:0.001646s ]
---------------------------------------------------------------
[ 2018-06-12T16:21:11+08:00 ] 127.0.0.1 127.0.0.1 POST /api/getCode/
[ info ] www.vuecms.com/api/getCode/ [运行时间：0.117047s][吞吐率：8.54req/s] [内存消耗：1,612.59kb] [文件加载：36]
[ info ] [ LANG ] G:\phpstudy\PHPTutorial\WWW\VueCmsApi\thinkphp\lang\zh-cn.php
[ info ] [ ROUTE ] array (
  'type' => 'module',
  'module' => 
  array (
    0 => 'api',
    1 => 'Api',
    2 => 'getCode',
  ),
  'convert' => false,
)
[ info ] [ HEADER ] array (
  'connection' => 'close',
  'content-length' => '277',
  'content-type' => 'multipart/form-data; boundary=--------------------------991612088159294996060104',
  'accept-encoding' => 'gzip, deflate',
  'host' => 'www.vuecms.com',
  'accept' => '*/*',
  'user-agent' => 'PostmanRuntime/7.1.1',
  'postman-token' => 'bd12b584-b0b3-48e9-9005-2ec1d911deec',
  'cache-control' => 'no-cache',
)
[ info ] [ PARAM ] array (
  'to' => '1063944784@qq.com',
  'cid' => '1',
)
[ info ] [ RUN ] app\api\controller\Api->getCode[ G:\phpstudy\PHPTutorial\WWW\VueCmsApi\application\api\controller\Api.php ]
[ info ] [ DB ] INIT mysql
[ info ] [ LOG ] INIT File
[ sql ] [ DB ] CONNECT:[ UseTime:0.006734s ] mysql:dbname=vue_cms_api;host=127.0.0.1;port=3306;charset=utf8
[ sql ] [ SQL ] SHOW COLUMNS FROM `think_code` [ RunTime:0.005493s ]
[ sql ] [ SQL ] SELECT COUNT(*) AS tp_count FROM `think_code` WHERE  `to` = '1063944784@qq.com'  AND `category` = '注册' LIMIT 1 [ RunTime:0.001674s ]
---------------------------------------------------------------
[ 2018-06-12T16:44:19+08:00 ] 127.0.0.1 127.0.0.1 GET /api/time
[ info ] www.vuecms.com/api/time [运行时间：0.120965s][吞吐率：8.27req/s] [内存消耗：985.98kb] [文件加载：32]
[ info ] [ LANG ] G:\phpstudy\PHPTutorial\WWW\VueCmsApi\thinkphp\lang\zh-cn.php
[ info ] [ ROUTE ] array (
  'type' => 'module',
  'module' => 
  array (
    0 => 'api',
    1 => 'Api',
    2 => 'time',
  ),
  'convert' => false,
)
[ info ] [ HEADER ] array (
  'cookie' => 'thinkphp_show_page_trace=0|0',
  'accept-language' => 'zh-CN,zh;q=0.9',
  'accept-encoding' => 'gzip, deflate',
  'accept' => 'text/html,application/xhtml+xml,application/xml;q=0.9,image/webp,image/apng,*/*;q=0.8',
  'user-agent' => 'Mozilla/5.0 (Windows NT 6.3; Win64; x64) AppleWebKit/537.36 (KHTML, like Gecko) Chrome/66.0.3359.117 Safari/537.36',
  'upgrade-insecure-requests' => '1',
  'cache-control' => 'max-age=0',
  'connection' => 'close',
  'host' => 'www.vuecms.com',
)
[ info ] [ PARAM ] array (
)
[ info ] [ LOG ] INIT File
[ error ] [0]语法解析错误: syntax error, unexpected '}'[G:\phpstudy\PHPTutorial\WWW\VueCmsApi\application\api\controller\Api.php:311]
---------------------------------------------------------------
[ 2018-06-12T16:44:54+08:00 ] 127.0.0.1 127.0.0.1 GET /api/time
[ info ] www.vuecms.com/api/time [运行时间：0.229523s][吞吐率：4.36req/s] [内存消耗：1,734.31kb] [文件加载：41]
[ info ] [ LANG ] G:\phpstudy\PHPTutorial\WWW\VueCmsApi\thinkphp\lang\zh-cn.php
[ info ] [ ROUTE ] array (
  'type' => 'module',
  'module' => 
  array (
    0 => 'api',
    1 => 'Api',
    2 => 'time',
  ),
  'convert' => false,
)
[ info ] [ HEADER ] array (
  'cookie' => 'thinkphp_show_page_trace=0|0',
  'accept-language' => 'zh-CN,zh;q=0.9',
  'accept-encoding' => 'gzip, deflate',
  'accept' => 'text/html,application/xhtml+xml,application/xml;q=0.9,image/webp,image/apng,*/*;q=0.8',
  'user-agent' => 'Mozilla/5.0 (Windows NT 6.3; Win64; x64) AppleWebKit/537.36 (KHTML, like Gecko) Chrome/66.0.3359.117 Safari/537.36',
  'upgrade-insecure-requests' => '1',
  'cache-control' => 'max-age=0',
  'connection' => 'close',
  'host' => 'www.vuecms.com',
)
[ info ] [ PARAM ] array (
)
[ info ] [ RUN ] app\api\controller\Api->time[ G:\phpstudy\PHPTutorial\WWW\VueCmsApi\application\api\controller\Api.php ]
[ info ] [ DB ] INIT mysql
[ info ] [ LOG ] INIT File
[ sql ] [ DB ] CONNECT:[ UseTime:0.045498s ] mysql:dbname=vue_cms_api;host=127.0.0.1;port=3306;charset=utf8
[ sql ] [ SQL ] SHOW COLUMNS FROM `think_code` [ RunTime:0.026423s ]
[ sql ] [ SQL ] SELECT `add_time` FROM `think_code` WHERE  `to` = '1063944784@qq.com'  AND `category` = '注册' LIMIT 1 [ RunTime:0.001848s ]
---------------------------------------------------------------
[ 2018-06-12T16:45:21+08:00 ] 127.0.0.1 127.0.0.1 POST /api/getCode/
[ info ] www.vuecms.com/api/getCode/ [运行时间：3.122232s][吞吐率：0.32req/s] [内存消耗：2,115.09kb] [文件加载：38]
[ info ] [ LANG ] G:\phpstudy\PHPTutorial\WWW\VueCmsApi\thinkphp\lang\zh-cn.php
[ info ] [ ROUTE ] array (
  'type' => 'module',
  'module' => 
  array (
    0 => 'api',
    1 => 'Api',
    2 => 'getCode',
  ),
  'convert' => false,
)
[ info ] [ HEADER ] array (
  'host' => 'www.vuecms.com',
  'connection' => 'close',
  'content-length' => '26',
  'accept' => 'application/json, text/plain, */*',
  'origin' => 'http://localhost:8081',
  'user-agent' => 'Mozilla/5.0 (iPhone; CPU iPhone OS 11_0 like Mac OS X) AppleWebKit/604.1.38 (KHTML, like Gecko) Version/11.0 Mobile/15A372 Safari/604.1',
  'content-type' => 'application/x-www-form-urlencoded',
  'referer' => 'http://localhost:8081/',
  'accept-encoding' => 'gzip, deflate, br',
  'accept-language' => 'zh-CN,zh;q=0.9',
  'cookie' => 'Pycharm-f3d843f3=9df3831e-8719-4ad7-84fb-2dfc2226a352',
)
[ info ] [ PARAM ] array (
  'cid' => '1',
  'to' => '1063944784@qq.com',
)
[ info ] [ RUN ] app\api\controller\Api->getCode[ G:\phpstudy\PHPTutorial\WWW\VueCmsApi\application\api\controller\Api.php ]
[ info ] [ DB ] INIT mysql
[ info ] [ LOG ] INIT File
[ sql ] [ DB ] CONNECT:[ UseTime:0.027268s ] mysql:dbname=vue_cms_api;host=127.0.0.1;port=3306;charset=utf8
[ sql ] [ SQL ] SHOW COLUMNS FROM `think_code` [ RunTime:0.031102s ]
[ sql ] [ SQL ] SELECT COUNT(*) AS tp_count FROM `think_code` WHERE  `to` = '1063944784@qq.com'  AND `category` = '注册' LIMIT 1 [ RunTime:0.002389s ]
[ sql ] [ SQL ] INSERT INTO `think_code` (`to` , `code` , `category`) VALUES ('1063944784@qq.com' , '297100' , '1') [ RunTime:0.055716s ]
---------------------------------------------------------------
[ 2018-06-12T16:45:33+08:00 ] 127.0.0.1 127.0.0.1 GET /api/time
[ info ] www.vuecms.com/api/time [运行时间：0.220799s][吞吐率：4.53req/s] [内存消耗：1,734.41kb] [文件加载：41]
[ info ] [ LANG ] G:\phpstudy\PHPTutorial\WWW\VueCmsApi\thinkphp\lang\zh-cn.php
[ info ] [ ROUTE ] array (
  'type' => 'module',
  'module' => 
  array (
    0 => 'api',
    1 => 'Api',
    2 => 'time',
  ),
  'convert' => false,
)
[ info ] [ HEADER ] array (
  'cookie' => 'thinkphp_show_page_trace=0|0',
  'accept-language' => 'zh-CN,zh;q=0.9',
  'accept-encoding' => 'gzip, deflate',
  'accept' => 'text/html,application/xhtml+xml,application/xml;q=0.9,image/webp,image/apng,*/*;q=0.8',
  'user-agent' => 'Mozilla/5.0 (Windows NT 6.3; Win64; x64) AppleWebKit/537.36 (KHTML, like Gecko) Chrome/66.0.3359.117 Safari/537.36',
  'upgrade-insecure-requests' => '1',
  'cache-control' => 'max-age=0',
  'connection' => 'close',
  'host' => 'www.vuecms.com',
)
[ info ] [ PARAM ] array (
)
[ info ] [ RUN ] app\api\controller\Api->time[ G:\phpstudy\PHPTutorial\WWW\VueCmsApi\application\api\controller\Api.php ]
[ info ] [ DB ] INIT mysql
[ info ] [ LOG ] INIT File
[ sql ] [ DB ] CONNECT:[ UseTime:0.006352s ] mysql:dbname=vue_cms_api;host=127.0.0.1;port=3306;charset=utf8
[ sql ] [ SQL ] SHOW COLUMNS FROM `think_code` [ RunTime:0.083054s ]
[ sql ] [ SQL ] SELECT `add_time` FROM `think_code` WHERE  `to` = '1063944784@qq.com'  AND `category` = '注册' LIMIT 1 [ RunTime:0.013224s ]
---------------------------------------------------------------
[ 2018-06-12T16:46:06+08:00 ] 127.0.0.1 127.0.0.1 GET /api/time
[ info ] www.vuecms.com/api/time [运行时间：0.204408s][吞吐率：4.89req/s] [内存消耗：1,734.47kb] [文件加载：41]
[ info ] [ LANG ] G:\phpstudy\PHPTutorial\WWW\VueCmsApi\thinkphp\lang\zh-cn.php
[ info ] [ ROUTE ] array (
  'type' => 'module',
  'module' => 
  array (
    0 => 'api',
    1 => 'Api',
    2 => 'time',
  ),
  'convert' => false,
)
[ info ] [ HEADER ] array (
  'cookie' => 'thinkphp_show_page_trace=0|0',
  'accept-language' => 'zh-CN,zh;q=0.9',
  'accept-encoding' => 'gzip, deflate',
  'accept' => 'text/html,application/xhtml+xml,application/xml;q=0.9,image/webp,image/apng,*/*;q=0.8',
  'user-agent' => 'Mozilla/5.0 (Windows NT 6.3; Win64; x64) AppleWebKit/537.36 (KHTML, like Gecko) Chrome/66.0.3359.117 Safari/537.36',
  'upgrade-insecure-requests' => '1',
  'cache-control' => 'max-age=0',
  'connection' => 'close',
  'host' => 'www.vuecms.com',
)
[ info ] [ PARAM ] array (
)
[ info ] [ RUN ] app\api\controller\Api->time[ G:\phpstudy\PHPTutorial\WWW\VueCmsApi\application\api\controller\Api.php ]
[ info ] [ DB ] INIT mysql
[ info ] [ LOG ] INIT File
[ sql ] [ DB ] CONNECT:[ UseTime:0.042353s ] mysql:dbname=vue_cms_api;host=127.0.0.1;port=3306;charset=utf8
[ sql ] [ SQL ] SHOW COLUMNS FROM `think_code` [ RunTime:0.037179s ]
[ sql ] [ SQL ] SELECT `add_time` FROM `think_code` WHERE  `to` = '1063944784@qq.com'  AND `category` = '注册' LIMIT 1 [ RunTime:0.001674s ]
---------------------------------------------------------------
[ 2018-06-12T16:46:21+08:00 ] 127.0.0.1 127.0.0.1 GET /api/time
[ info ] www.vuecms.com/api/time [运行时间：0.206096s][吞吐率：4.85req/s] [内存消耗：1,734.66kb] [文件加载：41]
[ info ] [ LANG ] G:\phpstudy\PHPTutorial\WWW\VueCmsApi\thinkphp\lang\zh-cn.php
[ info ] [ ROUTE ] array (
  'type' => 'module',
  'module' => 
  array (
    0 => 'api',
    1 => 'Api',
    2 => 'time',
  ),
  'convert' => false,
)
[ info ] [ HEADER ] array (
  'cookie' => 'thinkphp_show_page_trace=0|0',
  'accept-language' => 'zh-CN,zh;q=0.9',
  'accept-encoding' => 'gzip, deflate',
  'accept' => 'text/html,application/xhtml+xml,application/xml;q=0.9,image/webp,image/apng,*/*;q=0.8',
  'user-agent' => 'Mozilla/5.0 (Windows NT 6.3; Win64; x64) AppleWebKit/537.36 (KHTML, like Gecko) Chrome/66.0.3359.117 Safari/537.36',
  'upgrade-insecure-requests' => '1',
  'cache-control' => 'max-age=0',
  'connection' => 'close',
  'host' => 'www.vuecms.com',
)
[ info ] [ PARAM ] array (
)
[ info ] [ RUN ] app\api\controller\Api->time[ G:\phpstudy\PHPTutorial\WWW\VueCmsApi\application\api\controller\Api.php ]
[ info ] [ DB ] INIT mysql
[ info ] [ LOG ] INIT File
[ sql ] [ DB ] CONNECT:[ UseTime:0.010297s ] mysql:dbname=vue_cms_api;host=127.0.0.1;port=3306;charset=utf8
[ sql ] [ SQL ] SHOW COLUMNS FROM `think_code` [ RunTime:0.008067s ]
[ sql ] [ SQL ] SELECT `add_time` FROM `think_code` WHERE  `to` = '1063944784@qq.com'  AND `category` = '注册' LIMIT 1 [ RunTime:0.001737s ]
---------------------------------------------------------------
[ 2018-06-12T17:07:49+08:00 ] 127.0.0.1 127.0.0.1 POST /api/register/
[ info ] www.vuecms.com/api/register/ [运行时间：0.178420s][吞吐率：5.60req/s] [内存消耗：1,619.84kb] [文件加载：36]
[ info ] [ LANG ] G:\phpstudy\PHPTutorial\WWW\VueCmsApi\thinkphp\lang\zh-cn.php
[ info ] [ ROUTE ] array (
  'type' => 'module',
  'module' => 
  array (
    0 => 'api',
    1 => 'Api',
    2 => 'register',
  ),
  'convert' => false,
)
[ info ] [ HEADER ] array (
  'host' => 'www.vuecms.com',
  'connection' => 'close',
  'content-length' => '49',
  'accept' => 'application/json, text/plain, */*',
  'origin' => 'http://localhost:8081',
  'user-agent' => 'Mozilla/5.0 (iPhone; CPU iPhone OS 11_0 like Mac OS X) AppleWebKit/604.1.38 (KHTML, like Gecko) Version/11.0 Mobile/15A372 Safari/604.1',
  'content-type' => 'application/x-www-form-urlencoded',
  'referer' => 'http://localhost:8081/',
  'accept-encoding' => 'gzip, deflate, br',
  'accept-language' => 'zh-CN,zh;q=0.9',
  'cookie' => 'Pycharm-f3d843f3=9df3831e-8719-4ad7-84fb-2dfc2226a352',
)
[ info ] [ PARAM ] array (
  'user' => '1063944785@qq.com',
  'password' => '12345$code=123456',
)
[ info ] [ RUN ] app\api\controller\Api->register[ G:\phpstudy\PHPTutorial\WWW\VueCmsApi\application\api\controller\Api.php ]
[ info ] [ DB ] INIT mysql
[ info ] [ LOG ] INIT File
[ sql ] [ DB ] CONNECT:[ UseTime:0.030929s ] mysql:dbname=vue_cms_api;host=127.0.0.1;port=3306;charset=utf8
[ sql ] [ SQL ] SHOW COLUMNS FROM `think_code` [ RunTime:0.032389s ]
[ sql ] [ SQL ] SELECT `add_time` FROM `think_code` WHERE  `to` = '1063944785@qq.com'  AND `category` = '注册' LIMIT 1 [ RunTime:0.001445s ]
---------------------------------------------------------------
[ 2018-06-12T17:09:10+08:00 ] 127.0.0.1 127.0.0.1 POST /api/register/
[ info ] www.vuecms.com/api/register/ [运行时间：0.205872s][吞吐率：4.86req/s] [内存消耗：1,619.84kb] [文件加载：36]
[ info ] [ LANG ] G:\phpstudy\PHPTutorial\WWW\VueCmsApi\thinkphp\lang\zh-cn.php
[ info ] [ ROUTE ] array (
  'type' => 'module',
  'module' => 
  array (
    0 => 'api',
    1 => 'Api',
    2 => 'register',
  ),
  'convert' => false,
)
[ info ] [ HEADER ] array (
  'host' => 'www.vuecms.com',
  'connection' => 'close',
  'content-length' => '49',
  'accept' => 'application/json, text/plain, */*',
  'origin' => 'http://localhost:8081',
  'user-agent' => 'Mozilla/5.0 (iPhone; CPU iPhone OS 11_0 like Mac OS X) AppleWebKit/604.1.38 (KHTML, like Gecko) Version/11.0 Mobile/15A372 Safari/604.1',
  'content-type' => 'application/x-www-form-urlencoded',
  'referer' => 'http://localhost:8081/',
  'accept-encoding' => 'gzip, deflate, br',
  'accept-language' => 'zh-CN,zh;q=0.9',
  'cookie' => 'Pycharm-f3d843f3=9df3831e-8719-4ad7-84fb-2dfc2226a352',
)
[ info ] [ PARAM ] array (
  'user' => '1063944785@qq.com',
  'password' => '12345$code=123456',
)
[ info ] [ RUN ] app\api\controller\Api->register[ G:\phpstudy\PHPTutorial\WWW\VueCmsApi\application\api\controller\Api.php ]
[ info ] [ DB ] INIT mysql
[ info ] [ LOG ] INIT File
[ sql ] [ DB ] CONNECT:[ UseTime:0.035739s ] mysql:dbname=vue_cms_api;host=127.0.0.1;port=3306;charset=utf8
[ sql ] [ SQL ] SHOW COLUMNS FROM `think_code` [ RunTime:0.033591s ]
[ sql ] [ SQL ] SELECT `add_time` FROM `think_code` WHERE  `to` = '1063944785@qq.com'  AND `category` = '注册' LIMIT 1 [ RunTime:0.002048s ]
---------------------------------------------------------------
[ 2018-06-12T17:09:46+08:00 ] 127.0.0.1 127.0.0.1 POST /api/register/
[ info ] www.vuecms.com/api/register/ [运行时间：0.113943s][吞吐率：8.78req/s] [内存消耗：1,619.84kb] [文件加载：36]
[ info ] [ LANG ] G:\phpstudy\PHPTutorial\WWW\VueCmsApi\thinkphp\lang\zh-cn.php
[ info ] [ ROUTE ] array (
  'type' => 'module',
  'module' => 
  array (
    0 => 'api',
    1 => 'Api',
    2 => 'register',
  ),
  'convert' => false,
)
[ info ] [ HEADER ] array (
  'host' => 'www.vuecms.com',
  'connection' => 'close',
  'content-length' => '50',
  'accept' => 'application/json, text/plain, */*',
  'origin' => 'http://localhost:8081',
  'user-agent' => 'Mozilla/5.0 (iPhone; CPU iPhone OS 11_0 like Mac OS X) AppleWebKit/604.1.38 (KHTML, like Gecko) Version/11.0 Mobile/15A372 Safari/604.1',
  'content-type' => 'application/x-www-form-urlencoded',
  'referer' => 'http://localhost:8081/',
  'accept-encoding' => 'gzip, deflate, br',
  'accept-language' => 'zh-CN,zh;q=0.9',
  'cookie' => 'Pycharm-f3d843f3=9df3831e-8719-4ad7-84fb-2dfc2226a352',
)
[ info ] [ PARAM ] array (
  'user' => '1063944784@qq.com',
  'password' => '123456$code=123456',
)
[ info ] [ RUN ] app\api\controller\Api->register[ G:\phpstudy\PHPTutorial\WWW\VueCmsApi\application\api\controller\Api.php ]
[ info ] [ DB ] INIT mysql
[ info ] [ LOG ] INIT File
[ sql ] [ DB ] CONNECT:[ UseTime:0.008965s ] mysql:dbname=vue_cms_api;host=127.0.0.1;port=3306;charset=utf8
[ sql ] [ SQL ] SHOW COLUMNS FROM `think_code` [ RunTime:0.006878s ]
[ sql ] [ SQL ] SELECT `add_time` FROM `think_code` WHERE  `to` = '1063944784@qq.com'  AND `category` = '注册' LIMIT 1 [ RunTime:0.001492s ]
---------------------------------------------------------------
[ 2018-06-12T17:10:31+08:00 ] 127.0.0.1 127.0.0.1 POST /api/getCode/
[ info ] www.vuecms.com/api/getCode/ [运行时间：2.853026s][吞吐率：0.35req/s] [内存消耗：2,118.02kb] [文件加载：38]
[ info ] [ LANG ] G:\phpstudy\PHPTutorial\WWW\VueCmsApi\thinkphp\lang\zh-cn.php
[ info ] [ ROUTE ] array (
  'type' => 'module',
  'module' => 
  array (
    0 => 'api',
    1 => 'Api',
    2 => 'getCode',
  ),
  'convert' => false,
)
[ info ] [ HEADER ] array (
  'host' => 'www.vuecms.com',
  'connection' => 'close',
  'content-length' => '26',
  'accept' => 'application/json, text/plain, */*',
  'origin' => 'http://localhost:8081',
  'user-agent' => 'Mozilla/5.0 (iPhone; CPU iPhone OS 11_0 like Mac OS X) AppleWebKit/604.1.38 (KHTML, like Gecko) Version/11.0 Mobile/15A372 Safari/604.1',
  'content-type' => 'application/x-www-form-urlencoded',
  'referer' => 'http://localhost:8081/',
  'accept-encoding' => 'gzip, deflate, br',
  'accept-language' => 'zh-CN,zh;q=0.9',
  'cookie' => 'Pycharm-f3d843f3=9df3831e-8719-4ad7-84fb-2dfc2226a352',
)
[ info ] [ PARAM ] array (
  'cid' => '1',
  'to' => '1063944784@qq.com',
)
[ info ] [ RUN ] app\api\controller\Api->getCode[ G:\phpstudy\PHPTutorial\WWW\VueCmsApi\application\api\controller\Api.php ]
[ info ] [ DB ] INIT mysql
[ info ] [ LOG ] INIT File
[ sql ] [ DB ] CONNECT:[ UseTime:0.034548s ] mysql:dbname=vue_cms_api;host=127.0.0.1;port=3306;charset=utf8
[ sql ] [ SQL ] SHOW COLUMNS FROM `think_code` [ RunTime:0.013769s ]
[ sql ] [ SQL ] SELECT COUNT(*) AS tp_count FROM `think_code` WHERE  `to` = '1063944784@qq.com'  AND `category` = '注册' LIMIT 1 [ RunTime:0.001731s ]
[ sql ] [ SQL ] INSERT INTO `think_code` (`to` , `code` , `category`) VALUES ('1063944784@qq.com' , '306919' , '1') [ RunTime:0.060589s ]
---------------------------------------------------------------
[ 2018-06-12T17:22:26+08:00 ] 127.0.0.1 127.0.0.1 POST /api/register/
[ info ] www.vuecms.com/api/register/ [运行时间：0.257605s][吞吐率：3.88req/s] [内存消耗：1,704.51kb] [文件加载：44]
[ info ] [ LANG ] G:\phpstudy\PHPTutorial\WWW\VueCmsApi\thinkphp\lang\zh-cn.php
[ info ] [ ROUTE ] array (
  'type' => 'module',
  'module' => 
  array (
    0 => 'api',
    1 => 'Api',
    2 => 'register',
  ),
  'convert' => false,
)
[ info ] [ HEADER ] array (
  'host' => 'www.vuecms.com',
  'connection' => 'close',
  'content-length' => '53',
  'accept' => 'application/json, text/plain, */*',
  'origin' => 'http://localhost:8081',
  'user-agent' => 'Mozilla/5.0 (iPhone; CPU iPhone OS 11_0 like Mac OS X) AppleWebKit/604.1.38 (KHTML, like Gecko) Version/11.0 Mobile/15A372 Safari/604.1',
  'content-type' => 'application/x-www-form-urlencoded',
  'referer' => 'http://localhost:8081/',
  'accept-encoding' => 'gzip, deflate, br',
  'accept-language' => 'zh-CN,zh;q=0.9',
  'cookie' => 'Pycharm-f3d843f3=9df3831e-8719-4ad7-84fb-2dfc2226a352',
)
[ info ] [ PARAM ] array (
  'user' => '1063944784@qq.com',
  'password' => '123456789$code=306919',
)
[ info ] [ RUN ] app\api\controller\Api->register[ G:\phpstudy\PHPTutorial\WWW\VueCmsApi\application\api\controller\Api.php ]
[ info ] [ DB ] INIT mysql
[ info ] [ LOG ] INIT File
[ sql ] [ DB ] CONNECT:[ UseTime:0.048784s ] mysql:dbname=vue_cms_api;host=127.0.0.1;port=3306;charset=utf8
[ sql ] [ SQL ] SHOW COLUMNS FROM `think_code` [ RunTime:0.022720s ]
[ sql ] [ SQL ] SELECT `add_time` FROM `think_code` WHERE  `to` = '1063944784@qq.com'  AND `category` = '注册' ORDER BY `add_time`  LIMIT 1 [ RunTime:0.006935s ]
[ sql ] [ SQL ] SHOW COLUMNS FROM `think_user` [ RunTime:0.017903s ]
[ sql ] [ SQL ] SELECT COUNT(*) AS tp_count FROM `think_user` WHERE  `phone` = '1063944784@qq.com' LIMIT 1 [ RunTime:0.001615s ]
[ error ] [10501]SQLSTATE[HY000]: General error: 1364 Field 'phone' doesn't have a default value[G:\phpstudy\PHPTutorial\WWW\VueCmsApi\thinkphp\library\think\db\Connection.php:451]
---------------------------------------------------------------
[ 2018-06-12T17:23:27+08:00 ] 127.0.0.1 127.0.0.1 POST /api/register/
[ info ] www.vuecms.com/api/register/ [运行时间：0.178603s][吞吐率：5.60req/s] [内存消耗：1,704.55kb] [文件加载：44]
[ info ] [ LANG ] G:\phpstudy\PHPTutorial\WWW\VueCmsApi\thinkphp\lang\zh-cn.php
[ info ] [ ROUTE ] array (
  'type' => 'module',
  'module' => 
  array (
    0 => 'api',
    1 => 'Api',
    2 => 'register',
  ),
  'convert' => false,
)
[ info ] [ HEADER ] array (
  'host' => 'www.vuecms.com',
  'connection' => 'close',
  'content-length' => '52',
  'accept' => 'application/json, text/plain, */*',
  'origin' => 'http://localhost:8081',
  'user-agent' => 'Mozilla/5.0 (iPhone; CPU iPhone OS 11_0 like Mac OS X) AppleWebKit/604.1.38 (KHTML, like Gecko) Version/11.0 Mobile/15A372 Safari/604.1',
  'content-type' => 'application/x-www-form-urlencoded',
  'referer' => 'http://localhost:8081/',
  'accept-encoding' => 'gzip, deflate, br',
  'accept-language' => 'zh-CN,zh;q=0.9',
  'cookie' => 'Pycharm-f3d843f3=9df3831e-8719-4ad7-84fb-2dfc2226a352',
)
[ info ] [ PARAM ] array (
  'user' => '1063944784@qq.com',
  'password' => '12345678$code=306919',
)
[ info ] [ RUN ] app\api\controller\Api->register[ G:\phpstudy\PHPTutorial\WWW\VueCmsApi\application\api\controller\Api.php ]
[ info ] [ DB ] INIT mysql
[ info ] [ LOG ] INIT File
[ sql ] [ DB ] CONNECT:[ UseTime:0.017365s ] mysql:dbname=vue_cms_api;host=127.0.0.1;port=3306;charset=utf8
[ sql ] [ SQL ] SHOW COLUMNS FROM `think_code` [ RunTime:0.031429s ]
[ sql ] [ SQL ] SELECT `add_time` FROM `think_code` WHERE  `to` = '1063944784@qq.com'  AND `category` = '注册' ORDER BY `add_time`  LIMIT 1 [ RunTime:0.001661s ]
[ sql ] [ SQL ] SHOW COLUMNS FROM `think_user` [ RunTime:0.005908s ]
[ sql ] [ SQL ] SELECT COUNT(*) AS tp_count FROM `think_user` WHERE  `phone` = '1063944784@qq.com' LIMIT 1 [ RunTime:0.001423s ]
[ error ] [10501]SQLSTATE[HY000]: General error: 1364 Field 'create_time' doesn't have a default value[G:\phpstudy\PHPTutorial\WWW\VueCmsApi\thinkphp\library\think\db\Connection.php:451]
---------------------------------------------------------------
[ 2018-06-12T17:24:58+08:00 ] 127.0.0.1 127.0.0.1 POST /api/register/
[ info ] www.vuecms.com/api/register/ [运行时间：0.357356s][吞吐率：2.80req/s] [内存消耗：1,732.46kb] [文件加载：46]
[ info ] [ LANG ] G:\phpstudy\PHPTutorial\WWW\VueCmsApi\thinkphp\lang\zh-cn.php
[ info ] [ ROUTE ] array (
  'type' => 'module',
  'module' => 
  array (
    0 => 'api',
    1 => 'Api',
    2 => 'register',
  ),
  'convert' => false,
)
[ info ] [ HEADER ] array (
  'connection' => 'close',
  'content-length' => '400',
  'content-type' => 'multipart/form-data; boundary=--------------------------578717075193851477894246',
  'accept-encoding' => 'gzip, deflate',
  'host' => 'www.vuecms.com',
  'accept' => '*/*',
  'user-agent' => 'PostmanRuntime/7.1.1',
  'postman-token' => '3262ed9f-2e5c-45e6-b013-fc551bc27200',
  'cache-control' => 'no-cache',
)
[ info ] [ PARAM ] array (
  'user' => '1063944784@qq.com',
  'password' => '12345678',
  'code' => '306919',
)
[ info ] [ RUN ] app\api\controller\Api->register[ G:\phpstudy\PHPTutorial\WWW\VueCmsApi\application\api\controller\Api.php ]
[ info ] [ DB ] INIT mysql
[ info ] [ LOG ] INIT File
[ sql ] [ DB ] CONNECT:[ UseTime:0.039163s ] mysql:dbname=vue_cms_api;host=127.0.0.1;port=3306;charset=utf8
[ sql ] [ SQL ] SHOW COLUMNS FROM `think_code` [ RunTime:0.023371s ]
[ sql ] [ SQL ] SELECT `add_time` FROM `think_code` WHERE  `to` = '1063944784@qq.com'  AND `category` = '注册' ORDER BY `add_time`  LIMIT 1 [ RunTime:0.006139s ]
[ sql ] [ SQL ] SHOW COLUMNS FROM `think_user` [ RunTime:0.075459s ]
[ sql ] [ SQL ] SELECT COUNT(*) AS tp_count FROM `think_user` WHERE  `phone` = '1063944784@qq.com' LIMIT 1 [ RunTime:0.002092s ]
[ error ] [10501]SQLSTATE[HY000]: General error: 1364 Field 'create_time' doesn't have a default value[G:\phpstudy\PHPTutorial\WWW\VueCmsApi\thinkphp\library\think\db\Connection.php:451]
---------------------------------------------------------------
[ 2018-06-12T17:26:58+08:00 ] 127.0.0.1 127.0.0.1 POST /api/register/
[ info ] www.vuecms.com/api/register/ [运行时间：0.208999s][吞吐率：4.78req/s] [内存消耗：1,592.49kb] [文件加载：36]
[ info ] [ LANG ] G:\phpstudy\PHPTutorial\WWW\VueCmsApi\thinkphp\lang\zh-cn.php
[ info ] [ ROUTE ] array (
  'type' => 'module',
  'module' => 
  array (
    0 => 'api',
    1 => 'Api',
    2 => 'register',
  ),
  'convert' => false,
)
[ info ] [ HEADER ] array (
  'host' => 'www.vuecms.com',
  'connection' => 'close',
  'content-length' => '53',
  'accept' => 'application/json, text/plain, */*',
  'origin' => 'http://localhost:8081',
  'user-agent' => 'Mozilla/5.0 (iPhone; CPU iPhone OS 11_0 like Mac OS X) AppleWebKit/604.1.38 (KHTML, like Gecko) Version/11.0 Mobile/15A372 Safari/604.1',
  'content-type' => 'application/x-www-form-urlencoded',
  'referer' => 'http://localhost:8081/',
  'accept-encoding' => 'gzip, deflate, br',
  'accept-language' => 'zh-CN,zh;q=0.9',
  'cookie' => 'Pycharm-f3d843f3=9df3831e-8719-4ad7-84fb-2dfc2226a352',
)
[ info ] [ PARAM ] array (
  'user' => '1063944784@qq.com',
  'password' => '123456789$code=306919',
)
[ info ] [ RUN ] app\api\controller\Api->register[ G:\phpstudy\PHPTutorial\WWW\VueCmsApi\application\api\controller\Api.php ]
[ info ] [ DB ] INIT mysql
[ info ] [ LOG ] INIT File
[ sql ] [ DB ] CONNECT:[ UseTime:0.007775s ] mysql:dbname=vue_cms_api;host=127.0.0.1;port=3306;charset=utf8
[ sql ] [ SQL ] SHOW COLUMNS FROM `think_code` [ RunTime:0.031737s ]
[ sql ] [ SQL ] SELECT `add_time` FROM `think_code` WHERE  `to` = '1063944784@qq.com'  AND `category` = '注册' ORDER BY `add_time`  LIMIT 1 [ RunTime:0.001559s ]
[ sql ] [ SQL ] SHOW COLUMNS FROM `think_user` [ RunTime:0.005233s ]
[ sql ] [ SQL ] SELECT COUNT(*) AS tp_count FROM `think_user` WHERE  `phone` = '1063944784@qq.com' LIMIT 1 [ RunTime:0.002193s ]
[ sql ] [ SQL ] INSERT INTO `think_user` (`email` , `password`) VALUES ('1063944784@qq.com' , 'f51880ec491d8673633a726ba104d29a') [ RunTime:0.056719s ]
---------------------------------------------------------------
[ 2018-06-12T17:27:57+08:00 ] 127.0.0.1 127.0.0.1 POST /api/register/
[ info ] www.vuecms.com/api/register/ [运行时间：0.164222s][吞吐率：6.09req/s] [内存消耗：1,622.86kb] [文件加载：36]
[ info ] [ LANG ] G:\phpstudy\PHPTutorial\WWW\VueCmsApi\thinkphp\lang\zh-cn.php
[ info ] [ ROUTE ] array (
  'type' => 'module',
  'module' => 
  array (
    0 => 'api',
    1 => 'Api',
    2 => 'register',
  ),
  'convert' => false,
)
[ info ] [ HEADER ] array (
  'host' => 'www.vuecms.com',
  'connection' => 'close',
  'content-length' => '53',
  'accept' => 'application/json, text/plain, */*',
  'origin' => 'http://localhost:8081',
  'user-agent' => 'Mozilla/5.0 (iPhone; CPU iPhone OS 11_0 like Mac OS X) AppleWebKit/604.1.38 (KHTML, like Gecko) Version/11.0 Mobile/15A372 Safari/604.1',
  'content-type' => 'application/x-www-form-urlencoded',
  'referer' => 'http://localhost:8081/',
  'accept-encoding' => 'gzip, deflate, br',
  'accept-language' => 'zh-CN,zh;q=0.9',
  'cookie' => 'Pycharm-f3d843f3=9df3831e-8719-4ad7-84fb-2dfc2226a352',
)
[ info ] [ PARAM ] array (
  'user' => '1063944784@qq.com',
  'password' => '123456789$code=306919',
)
[ info ] [ RUN ] app\api\controller\Api->register[ G:\phpstudy\PHPTutorial\WWW\VueCmsApi\application\api\controller\Api.php ]
[ info ] [ DB ] INIT mysql
[ info ] [ LOG ] INIT File
[ sql ] [ DB ] CONNECT:[ UseTime:0.028079s ] mysql:dbname=vue_cms_api;host=127.0.0.1;port=3306;charset=utf8
[ sql ] [ SQL ] SHOW COLUMNS FROM `think_code` [ RunTime:0.025146s ]
[ sql ] [ SQL ] SELECT `add_time` FROM `think_code` WHERE  `to` = '1063944784@qq.com'  AND `category` = '注册' ORDER BY `add_time`  LIMIT 1 [ RunTime:0.005371s ]
---------------------------------------------------------------
[ 2018-06-12T17:28:12+08:00 ] 127.0.0.1 127.0.0.1 POST /api/getCode/
[ info ] www.vuecms.com/api/getCode/ [运行时间：3.214354s][吞吐率：0.31req/s] [内存消耗：2,122.25kb] [文件加载：38]
[ info ] [ LANG ] G:\phpstudy\PHPTutorial\WWW\VueCmsApi\thinkphp\lang\zh-cn.php
[ info ] [ ROUTE ] array (
  'type' => 'module',
  'module' => 
  array (
    0 => 'api',
    1 => 'Api',
    2 => 'getCode',
  ),
  'convert' => false,
)
[ info ] [ HEADER ] array (
  'host' => 'www.vuecms.com',
  'connection' => 'close',
  'content-length' => '26',
  'accept' => 'application/json, text/plain, */*',
  'origin' => 'http://localhost:8081',
  'user-agent' => 'Mozilla/5.0 (iPhone; CPU iPhone OS 11_0 like Mac OS X) AppleWebKit/604.1.38 (KHTML, like Gecko) Version/11.0 Mobile/15A372 Safari/604.1',
  'content-type' => 'application/x-www-form-urlencoded',
  'referer' => 'http://localhost:8081/',
  'accept-encoding' => 'gzip, deflate, br',
  'accept-language' => 'zh-CN,zh;q=0.9',
  'cookie' => 'Pycharm-f3d843f3=9df3831e-8719-4ad7-84fb-2dfc2226a352',
)
[ info ] [ PARAM ] array (
  'cid' => '1',
  'to' => '1063944784@qq.com',
)
[ info ] [ RUN ] app\api\controller\Api->getCode[ G:\phpstudy\PHPTutorial\WWW\VueCmsApi\application\api\controller\Api.php ]
[ info ] [ DB ] INIT mysql
[ info ] [ LOG ] INIT File
[ sql ] [ DB ] CONNECT:[ UseTime:0.010686s ] mysql:dbname=vue_cms_api;host=127.0.0.1;port=3306;charset=utf8
[ sql ] [ SQL ] SHOW COLUMNS FROM `think_user` [ RunTime:0.007911s ]
[ sql ] [ SQL ] SELECT COUNT(*) AS tp_count FROM `think_user` WHERE  `email` = '1063944784@qq.com' LIMIT 1 [ RunTime:0.001915s ]
[ sql ] [ SQL ] SHOW COLUMNS FROM `think_code` [ RunTime:0.002888s ]
[ sql ] [ SQL ] INSERT INTO `think_code` (`to` , `code` , `category`) VALUES ('1063944784@qq.com' , '926828' , '1') [ RunTime:0.064003s ]
---------------------------------------------------------------
[ 2018-06-12T17:29:35+08:00 ] 127.0.0.1 127.0.0.1 POST /api/register/
[ info ] www.vuecms.com/api/register/ [运行时间：0.179175s][吞吐率：5.58req/s] [内存消耗：1,622.86kb] [文件加载：36]
[ info ] [ LANG ] G:\phpstudy\PHPTutorial\WWW\VueCmsApi\thinkphp\lang\zh-cn.php
[ info ] [ ROUTE ] array (
  'type' => 'module',
  'module' => 
  array (
    0 => 'api',
    1 => 'Api',
    2 => 'register',
  ),
  'convert' => false,
)
[ info ] [ HEADER ] array (
  'host' => 'www.vuecms.com',
  'connection' => 'close',
  'content-length' => '53',
  'accept' => 'application/json, text/plain, */*',
  'origin' => 'http://localhost:8081',
  'user-agent' => 'Mozilla/5.0 (iPhone; CPU iPhone OS 11_0 like Mac OS X) AppleWebKit/604.1.38 (KHTML, like Gecko) Version/11.0 Mobile/15A372 Safari/604.1',
  'content-type' => 'application/x-www-form-urlencoded',
  'referer' => 'http://localhost:8081/',
  'accept-encoding' => 'gzip, deflate, br',
  'accept-language' => 'zh-CN,zh;q=0.9',
  'cookie' => 'Pycharm-f3d843f3=9df3831e-8719-4ad7-84fb-2dfc2226a352',
)
[ info ] [ PARAM ] array (
  'user' => '1063944784@qq.com',
  'password' => '123456789$code=926828',
)
[ info ] [ RUN ] app\api\controller\Api->register[ G:\phpstudy\PHPTutorial\WWW\VueCmsApi\application\api\controller\Api.php ]
[ info ] [ DB ] INIT mysql
[ info ] [ LOG ] INIT File
[ sql ] [ DB ] CONNECT:[ UseTime:0.035137s ] mysql:dbname=vue_cms_api;host=127.0.0.1;port=3306;charset=utf8
[ sql ] [ SQL ] SHOW COLUMNS FROM `think_code` [ RunTime:0.031748s ]
[ sql ] [ SQL ] SELECT `add_time` FROM `think_code` WHERE  `to` = '1063944784@qq.com'  AND `category` = '注册' ORDER BY `add_time`  LIMIT 1 [ RunTime:0.001709s ]
---------------------------------------------------------------
[ 2018-06-12T17:31:18+08:00 ] 127.0.0.1 127.0.0.1 POST /api/register/
[ info ] www.vuecms.com/api/register/ [运行时间：0.269065s][吞吐率：3.72req/s] [内存消耗：1,592.47kb] [文件加载：36]
[ info ] [ LANG ] G:\phpstudy\PHPTutorial\WWW\VueCmsApi\thinkphp\lang\zh-cn.php
[ info ] [ ROUTE ] array (
  'type' => 'module',
  'module' => 
  array (
    0 => 'api',
    1 => 'Api',
    2 => 'register',
  ),
  'convert' => false,
)
[ info ] [ HEADER ] array (
  'host' => 'www.vuecms.com',
  'connection' => 'close',
  'content-length' => '53',
  'accept' => 'application/json, text/plain, */*',
  'origin' => 'http://localhost:8081',
  'user-agent' => 'Mozilla/5.0 (iPhone; CPU iPhone OS 11_0 like Mac OS X) AppleWebKit/604.1.38 (KHTML, like Gecko) Version/11.0 Mobile/15A372 Safari/604.1',
  'content-type' => 'application/x-www-form-urlencoded',
  'referer' => 'http://localhost:8081/',
  'accept-encoding' => 'gzip, deflate, br',
  'accept-language' => 'zh-CN,zh;q=0.9',
  'cookie' => 'Pycharm-f3d843f3=9df3831e-8719-4ad7-84fb-2dfc2226a352',
)
[ info ] [ PARAM ] array (
  'user' => '1063944784@qq.com',
  'password' => '123456789$code=926828',
)
[ info ] [ RUN ] app\api\controller\Api->register[ G:\phpstudy\PHPTutorial\WWW\VueCmsApi\application\api\controller\Api.php ]
[ info ] [ DB ] INIT mysql
[ info ] [ LOG ] INIT File
[ sql ] [ DB ] CONNECT:[ UseTime:0.054212s ] mysql:dbname=vue_cms_api;host=127.0.0.1;port=3306;charset=utf8
[ sql ] [ SQL ] SHOW COLUMNS FROM `think_code` [ RunTime:0.030843s ]
[ sql ] [ SQL ] SELECT `add_time` FROM `think_code` WHERE  `to` = '1063944784@qq.com'  AND `category` = '注册' ORDER BY `add_time`  desc LIMIT 1 [ RunTime:0.002349s ]
[ sql ] [ SQL ] SHOW COLUMNS FROM `think_user` [ RunTime:0.004885s ]
[ sql ] [ SQL ] SELECT COUNT(*) AS tp_count FROM `think_user` WHERE  `phone` = '1063944784@qq.com' LIMIT 1 [ RunTime:0.001475s ]
[ sql ] [ SQL ] INSERT INTO `think_user` (`email` , `password`) VALUES ('1063944784@qq.com' , '7663c7ebaa0b13cecaf25edd206a121c') [ RunTime:0.056303s ]
