---------------------------------------------------------------
[ 2018-06-24T09:55:34+08:00 ] 172.16.0.5 14.159.88.247 GET /user/login.html
[ info ] vuecms.bigfool.cn/user/login.html [运行时间：0.005912s][吞吐率：169.15req/s] [内存消耗：286.94kb] [文件加载：40]
[ info ] [ LANG ] /home/ubuntu/VueCmsApi/thinkphp/lang/zh-cn.php
[ info ] [ ROUTE ] array (
  'type' => 'module',
  'module' => 
  array (
    0 => 'index',
    1 => 'user',
    2 => 'login',
  ),
  'convert' => false,
)
[ info ] [ HEADER ] array (
  'cookie' => 'thinkphp_show_page_trace=0|0; PHPSESSID=vqd2f6g3cq9g0cet787eg81626',
  'accept-language' => 'zh-CN,zh;q=0.9',
  'accept-encoding' => 'gzip, deflate',
  'accept' => 'text/html,application/xhtml+xml,application/xml;q=0.9,image/webp,image/apng,*/*;q=0.8',
  'user-agent' => 'Mozilla/5.0 (Windows NT 6.3; Win64; x64) AppleWebKit/537.36 (KHTML, like Gecko) Chrome/66.0.3359.117 Safari/537.36',
  'upgrade-insecure-requests' => '1',
  'cache-control' => 'max-age=0',
  'connection' => 'keep-alive',
  'host' => 'vuecms.bigfool.cn',
  'content-type' => '',
  'content-length' => '',
)
[ info ] [ PARAM ] array (
)
[ info ] [ RUN ] app\index\controller\User->login[ /home/ubuntu/VueCmsApi/application/index/controller/User.php ]
[ info ] [ VIEW ] /home/ubuntu/VueCmsApi/public/../application/index/view/user/login.html [ array (
  0 => 'status',
) ]
[ info ] [ LOG ] INIT File
---------------------------------------------------------------
[ 2018-06-24T10:04:25+08:00 ] 172.16.0.5 14.159.88.247 GET /
[ info ] vuecms.bigfool.cn/ [运行时间：0.001641s][吞吐率：609.37req/s] [内存消耗：206.82kb] [文件加载：37]
[ info ] [ LANG ] /home/ubuntu/VueCmsApi/thinkphp/lang/zh-cn.php
[ info ] [ ROUTE ] array (
  'type' => 'module',
  'module' => 
  array (
    0 => '',
    1 => NULL,
    2 => NULL,
  ),
)
[ info ] [ HEADER ] array (
  'cookie' => 'PHPSESSID=vqd2f6g3cq9g0cet787eg81626',
  'accept-language' => 'zh-CN,zh;q=0.9',
  'accept-encoding' => 'gzip, deflate',
  'accept' => 'text/html,application/xhtml+xml,application/xml;q=0.9,image/webp,image/apng,*/*;q=0.8',
  'user-agent' => 'Mozilla/5.0 (Windows NT 6.3; Win64; x64) AppleWebKit/537.36 (KHTML, like Gecko) Chrome/66.0.3359.117 Safari/537.36',
  'upgrade-insecure-requests' => '1',
  'connection' => 'keep-alive',
  'host' => 'vuecms.bigfool.cn',
  'content-type' => '',
  'content-length' => '',
)
[ info ] [ PARAM ] array (
)
[ info ] [ SESSION ] INIT array (
  'id' => '',
  'var_session_id' => '',
  'prefix' => 'think',
  'type' => '',
  'auto_start' => true,
  'expire' => 604800,
)
[ info ] [ LOG ] INIT File
---------------------------------------------------------------
[ 2018-06-24T10:04:25+08:00 ] 172.16.0.5 14.159.88.247 GET /user/login.html
[ info ] vuecms.bigfool.cn/user/login.html [运行时间：0.002386s][吞吐率：419.14req/s] [内存消耗：210.77kb] [文件加载：38]
[ info ] [ LANG ] /home/ubuntu/VueCmsApi/thinkphp/lang/zh-cn.php
[ info ] [ ROUTE ] array (
  'type' => 'module',
  'module' => 
  array (
    0 => 'index',
    1 => 'user',
    2 => 'login',
  ),
  'convert' => false,
)
[ info ] [ HEADER ] array (
  'cookie' => 'thinkphp_show_page_trace=0|0; PHPSESSID=vqd2f6g3cq9g0cet787eg81626',
  'accept-language' => 'zh-CN,zh;q=0.9',
  'accept-encoding' => 'gzip, deflate',
  'accept' => 'text/html,application/xhtml+xml,application/xml;q=0.9,image/webp,image/apng,*/*;q=0.8',
  'user-agent' => 'Mozilla/5.0 (Windows NT 6.3; Win64; x64) AppleWebKit/537.36 (KHTML, like Gecko) Chrome/66.0.3359.117 Safari/537.36',
  'upgrade-insecure-requests' => '1',
  'connection' => 'keep-alive',
  'host' => 'vuecms.bigfool.cn',
  'content-type' => '',
  'content-length' => '',
)
[ info ] [ PARAM ] array (
)
[ info ] [ RUN ] app\index\controller\User->login[ /home/ubuntu/VueCmsApi/application/index/controller/User.php ]
[ info ] [ VIEW ] /home/ubuntu/VueCmsApi/public/../application/index/view/user/login.html [ array (
  0 => 'status',
) ]
[ info ] [ LOG ] INIT File
---------------------------------------------------------------
[ 2018-06-24T10:04:32+08:00 ] 172.16.0.5 14.159.88.247 GET /
[ info ] vuecms.bigfool.cn/ [运行时间：0.001385s][吞吐率：722.04req/s] [内存消耗：206.82kb] [文件加载：37]
[ info ] [ LANG ] /home/ubuntu/VueCmsApi/thinkphp/lang/zh-cn.php
[ info ] [ ROUTE ] array (
  'type' => 'module',
  'module' => 
  array (
    0 => '',
    1 => NULL,
    2 => NULL,
  ),
)
[ info ] [ HEADER ] array (
  'cookie' => 'PHPSESSID=vqd2f6g3cq9g0cet787eg81626',
  'accept-language' => 'zh-CN,zh;q=0.9',
  'accept-encoding' => 'gzip, deflate',
  'accept' => 'text/html,application/xhtml+xml,application/xml;q=0.9,image/webp,image/apng,*/*;q=0.8',
  'user-agent' => 'Mozilla/5.0 (Windows NT 6.3; Win64; x64) AppleWebKit/537.36 (KHTML, like Gecko) Chrome/66.0.3359.117 Safari/537.36',
  'upgrade-insecure-requests' => '1',
  'connection' => 'keep-alive',
  'host' => 'vuecms.bigfool.cn',
  'content-type' => '',
  'content-length' => '',
)
[ info ] [ PARAM ] array (
)
[ info ] [ SESSION ] INIT array (
  'id' => '',
  'var_session_id' => '',
  'prefix' => 'think',
  'type' => '',
  'auto_start' => true,
  'expire' => 604800,
)
[ info ] [ LOG ] INIT File
---------------------------------------------------------------
[ 2018-06-24T10:04:32+08:00 ] 172.16.0.5 14.159.88.247 GET /user/login.html
[ info ] vuecms.bigfool.cn/user/login.html [运行时间：0.002239s][吞吐率：446.63req/s] [内存消耗：210.34kb] [文件加载：38]
[ info ] [ LANG ] /home/ubuntu/VueCmsApi/thinkphp/lang/zh-cn.php
[ info ] [ ROUTE ] array (
  'type' => 'module',
  'module' => 
  array (
    0 => 'index',
    1 => 'user',
    2 => 'login',
  ),
  'convert' => false,
)
[ info ] [ HEADER ] array (
  'cookie' => 'thinkphp_show_page_trace=0|0; PHPSESSID=vqd2f6g3cq9g0cet787eg81626',
  'accept-language' => 'zh-CN,zh;q=0.9',
  'accept-encoding' => 'gzip, deflate',
  'accept' => 'text/html,application/xhtml+xml,application/xml;q=0.9,image/webp,image/apng,*/*;q=0.8',
  'user-agent' => 'Mozilla/5.0 (Windows NT 6.3; Win64; x64) AppleWebKit/537.36 (KHTML, like Gecko) Chrome/66.0.3359.117 Safari/537.36',
  'upgrade-insecure-requests' => '1',
  'connection' => 'keep-alive',
  'host' => 'vuecms.bigfool.cn',
  'content-type' => '',
  'content-length' => '',
)
[ info ] [ PARAM ] array (
)
[ info ] [ RUN ] app\index\controller\User->login[ /home/ubuntu/VueCmsApi/application/index/controller/User.php ]
[ info ] [ VIEW ] /home/ubuntu/VueCmsApi/public/../application/index/view/user/login.html [ array (
  0 => 'status',
) ]
[ info ] [ LOG ] INIT File
---------------------------------------------------------------
[ 2018-06-24T10:05:24+08:00 ] 172.16.0.5 14.159.88.247 GET /user/login.html
[ info ] vuecms.bigfool.cn/user/login.html [运行时间：0.002175s][吞吐率：459.75req/s] [内存消耗：210.38kb] [文件加载：38]
[ info ] [ LANG ] /home/ubuntu/VueCmsApi/thinkphp/lang/zh-cn.php
[ info ] [ ROUTE ] array (
  'type' => 'module',
  'module' => 
  array (
    0 => 'index',
    1 => 'user',
    2 => 'login',
  ),
  'convert' => false,
)
[ info ] [ HEADER ] array (
  'cookie' => 'thinkphp_show_page_trace=0|0; PHPSESSID=vqd2f6g3cq9g0cet787eg81626',
  'accept-language' => 'zh-CN,zh;q=0.9',
  'accept-encoding' => 'gzip, deflate',
  'accept' => 'text/html,application/xhtml+xml,application/xml;q=0.9,image/webp,image/apng,*/*;q=0.8',
  'user-agent' => 'Mozilla/5.0 (Windows NT 6.3; Win64; x64) AppleWebKit/537.36 (KHTML, like Gecko) Chrome/66.0.3359.117 Safari/537.36',
  'upgrade-insecure-requests' => '1',
  'cache-control' => 'max-age=0',
  'connection' => 'keep-alive',
  'host' => 'vuecms.bigfool.cn',
  'content-type' => '',
  'content-length' => '',
)
[ info ] [ PARAM ] array (
)
[ info ] [ RUN ] app\index\controller\User->login[ /home/ubuntu/VueCmsApi/application/index/controller/User.php ]
[ info ] [ VIEW ] /home/ubuntu/VueCmsApi/public/../application/index/view/user/login.html [ array (
  0 => 'status',
) ]
[ info ] [ LOG ] INIT File
---------------------------------------------------------------
[ 2018-06-24T10:05:32+08:00 ] 172.16.0.5 14.159.88.247 GET /
[ info ] vuecms.bigfool.cn/ [运行时间：0.001841s][吞吐率：543.23req/s] [内存消耗：206.82kb] [文件加载：37]
[ info ] [ LANG ] /home/ubuntu/VueCmsApi/thinkphp/lang/zh-cn.php
[ info ] [ ROUTE ] array (
  'type' => 'module',
  'module' => 
  array (
    0 => '',
    1 => NULL,
    2 => NULL,
  ),
)
[ info ] [ HEADER ] array (
  'cookie' => 'PHPSESSID=vqd2f6g3cq9g0cet787eg81626',
  'accept-language' => 'zh-CN,zh;q=0.9',
  'accept-encoding' => 'gzip, deflate',
  'accept' => 'text/html,application/xhtml+xml,application/xml;q=0.9,image/webp,image/apng,*/*;q=0.8',
  'user-agent' => 'Mozilla/5.0 (Windows NT 6.3; Win64; x64) AppleWebKit/537.36 (KHTML, like Gecko) Chrome/66.0.3359.117 Safari/537.36',
  'upgrade-insecure-requests' => '1',
  'connection' => 'keep-alive',
  'host' => 'vuecms.bigfool.cn',
  'content-type' => '',
  'content-length' => '',
)
[ info ] [ PARAM ] array (
)
[ info ] [ SESSION ] INIT array (
  'id' => '',
  'var_session_id' => '',
  'prefix' => 'think',
  'type' => '',
  'auto_start' => true,
  'expire' => 604800,
)
[ info ] [ LOG ] INIT File
---------------------------------------------------------------
[ 2018-06-24T10:05:32+08:00 ] 172.16.0.5 14.159.88.247 GET /user/login.html
[ info ] vuecms.bigfool.cn/user/login.html [运行时间：0.002121s][吞吐率：471.43req/s] [内存消耗：210.34kb] [文件加载：38]
[ info ] [ LANG ] /home/ubuntu/VueCmsApi/thinkphp/lang/zh-cn.php
[ info ] [ ROUTE ] array (
  'type' => 'module',
  'module' => 
  array (
    0 => 'index',
    1 => 'user',
    2 => 'login',
  ),
  'convert' => false,
)
[ info ] [ HEADER ] array (
  'cookie' => 'thinkphp_show_page_trace=0|0; PHPSESSID=vqd2f6g3cq9g0cet787eg81626',
  'accept-language' => 'zh-CN,zh;q=0.9',
  'accept-encoding' => 'gzip, deflate',
  'accept' => 'text/html,application/xhtml+xml,application/xml;q=0.9,image/webp,image/apng,*/*;q=0.8',
  'user-agent' => 'Mozilla/5.0 (Windows NT 6.3; Win64; x64) AppleWebKit/537.36 (KHTML, like Gecko) Chrome/66.0.3359.117 Safari/537.36',
  'upgrade-insecure-requests' => '1',
  'connection' => 'keep-alive',
  'host' => 'vuecms.bigfool.cn',
  'content-type' => '',
  'content-length' => '',
)
[ info ] [ PARAM ] array (
)
[ info ] [ RUN ] app\index\controller\User->login[ /home/ubuntu/VueCmsApi/application/index/controller/User.php ]
[ info ] [ VIEW ] /home/ubuntu/VueCmsApi/public/../application/index/view/user/login.html [ array (
  0 => 'status',
) ]
[ info ] [ LOG ] INIT File
---------------------------------------------------------------
[ 2018-06-24T10:07:05+08:00 ] 172.16.0.5 14.159.88.247 GET /
[ info ] vuecms.bigfool.cn/ [运行时间：0.001360s][吞吐率：735.33req/s] [内存消耗：206.82kb] [文件加载：37]
[ info ] [ LANG ] /home/ubuntu/VueCmsApi/thinkphp/lang/zh-cn.php
[ info ] [ ROUTE ] array (
  'type' => 'module',
  'module' => 
  array (
    0 => '',
    1 => NULL,
    2 => NULL,
  ),
)
[ info ] [ HEADER ] array (
  'cookie' => 'PHPSESSID=vqd2f6g3cq9g0cet787eg81626',
  'accept-language' => 'zh-CN,zh;q=0.9',
  'accept-encoding' => 'gzip, deflate',
  'accept' => 'text/html,application/xhtml+xml,application/xml;q=0.9,image/webp,image/apng,*/*;q=0.8',
  'user-agent' => 'Mozilla/5.0 (Windows NT 6.3; Win64; x64) AppleWebKit/537.36 (KHTML, like Gecko) Chrome/66.0.3359.117 Safari/537.36',
  'upgrade-insecure-requests' => '1',
  'connection' => 'keep-alive',
  'host' => 'vuecms.bigfool.cn',
  'content-type' => '',
  'content-length' => '',
)
[ info ] [ PARAM ] array (
)
[ info ] [ SESSION ] INIT array (
  'id' => '',
  'var_session_id' => '',
  'prefix' => 'think',
  'type' => '',
  'auto_start' => true,
  'expire' => 604800,
)
[ info ] [ LOG ] INIT File
---------------------------------------------------------------
[ 2018-06-24T10:07:05+08:00 ] 172.16.0.5 14.159.88.247 GET /user/login.html
[ info ] vuecms.bigfool.cn/user/login.html [运行时间：0.001974s][吞吐率：506.56req/s] [内存消耗：210.34kb] [文件加载：38]
[ info ] [ LANG ] /home/ubuntu/VueCmsApi/thinkphp/lang/zh-cn.php
[ info ] [ ROUTE ] array (
  'type' => 'module',
  'module' => 
  array (
    0 => 'index',
    1 => 'user',
    2 => 'login',
  ),
  'convert' => false,
)
[ info ] [ HEADER ] array (
  'cookie' => 'thinkphp_show_page_trace=0|0; PHPSESSID=vqd2f6g3cq9g0cet787eg81626',
  'accept-language' => 'zh-CN,zh;q=0.9',
  'accept-encoding' => 'gzip, deflate',
  'accept' => 'text/html,application/xhtml+xml,application/xml;q=0.9,image/webp,image/apng,*/*;q=0.8',
  'user-agent' => 'Mozilla/5.0 (Windows NT 6.3; Win64; x64) AppleWebKit/537.36 (KHTML, like Gecko) Chrome/66.0.3359.117 Safari/537.36',
  'upgrade-insecure-requests' => '1',
  'connection' => 'keep-alive',
  'host' => 'vuecms.bigfool.cn',
  'content-type' => '',
  'content-length' => '',
)
[ info ] [ PARAM ] array (
)
[ info ] [ RUN ] app\index\controller\User->login[ /home/ubuntu/VueCmsApi/application/index/controller/User.php ]
[ info ] [ VIEW ] /home/ubuntu/VueCmsApi/public/../application/index/view/user/login.html [ array (
  0 => 'status',
) ]
[ info ] [ LOG ] INIT File
---------------------------------------------------------------
[ 2018-06-24T12:28:50+08:00 ] 172.16.0.5 14.159.88.247 GET /
[ info ] vuecmsapi.bigfool.cn/ [运行时间：0.001663s][吞吐率：601.33req/s] [内存消耗：206.95kb] [文件加载：37]
[ info ] [ LANG ] /home/ubuntu/VueCmsApi/thinkphp/lang/zh-cn.php
[ info ] [ ROUTE ] array (
  'type' => 'module',
  'module' => 
  array (
    0 => '',
    1 => NULL,
    2 => NULL,
  ),
)
[ info ] [ HEADER ] array (
  'accept-language' => 'zh-CN,zh;q=0.9',
  'accept-encoding' => 'gzip, deflate',
  'accept' => 'text/html,application/xhtml+xml,application/xml;q=0.9,image/webp,image/apng,*/*;q=0.8',
  'user-agent' => 'Mozilla/5.0 (Windows NT 6.3; Win64; x64) AppleWebKit/537.36 (KHTML, like Gecko) Chrome/66.0.3359.117 Safari/537.36',
  'upgrade-insecure-requests' => '1',
  'connection' => 'keep-alive',
  'host' => 'vuecmsapi.bigfool.cn',
  'content-type' => '',
  'content-length' => '',
)
[ info ] [ PARAM ] array (
)
[ info ] [ SESSION ] INIT array (
  'id' => '',
  'var_session_id' => '',
  'prefix' => 'think',
  'type' => '',
  'auto_start' => true,
  'expire' => 604800,
)
[ info ] [ LOG ] INIT File
---------------------------------------------------------------
[ 2018-06-24T12:28:50+08:00 ] 172.16.0.5 14.159.88.247 GET /user/login.html
[ info ] vuecmsapi.bigfool.cn/user/login.html [运行时间：0.002271s][吞吐率：440.30req/s] [内存消耗：210.34kb] [文件加载：38]
[ info ] [ LANG ] /home/ubuntu/VueCmsApi/thinkphp/lang/zh-cn.php
[ info ] [ ROUTE ] array (
  'type' => 'module',
  'module' => 
  array (
    0 => 'index',
    1 => 'user',
    2 => 'login',
  ),
  'convert' => false,
)
[ info ] [ HEADER ] array (
  'cookie' => 'PHPSESSID=j70jr9he8km4fbkh17139utaq7',
  'accept-language' => 'zh-CN,zh;q=0.9',
  'accept-encoding' => 'gzip, deflate',
  'accept' => 'text/html,application/xhtml+xml,application/xml;q=0.9,image/webp,image/apng,*/*;q=0.8',
  'user-agent' => 'Mozilla/5.0 (Windows NT 6.3; Win64; x64) AppleWebKit/537.36 (KHTML, like Gecko) Chrome/66.0.3359.117 Safari/537.36',
  'upgrade-insecure-requests' => '1',
  'connection' => 'keep-alive',
  'host' => 'vuecmsapi.bigfool.cn',
  'content-type' => '',
  'content-length' => '',
)
[ info ] [ PARAM ] array (
)
[ info ] [ RUN ] app\index\controller\User->login[ /home/ubuntu/VueCmsApi/application/index/controller/User.php ]
[ info ] [ VIEW ] /home/ubuntu/VueCmsApi/public/../application/index/view/user/login.html [ array (
  0 => 'status',
) ]
[ info ] [ LOG ] INIT File
---------------------------------------------------------------
[ 2018-06-24T12:39:31+08:00 ] 172.16.0.5 193.112.43.41 GET //getswipe
[ info ] vuecmsapi.bigfool.cn//getswipe [运行时间：0.003408s][吞吐率：293.41req/s] [内存消耗：194.46kb] [文件加载：29]
[ info ] [ LANG ] /home/ubuntu/VueCmsApi/thinkphp/lang/zh-cn.php
[ info ] [ ROUTE ] array (
  'type' => 'module',
  'module' => 
  array (
    0 => 'getswipe',
    1 => NULL,
    2 => NULL,
  ),
)
[ info ] [ HEADER ] array (
  'cookie' => 'thinkphp_show_page_trace=0|0; PHPSESSID=vqd2f6g3cq9g0cet787eg81626',
  'accept-language' => 'zh-CN,zh;q=0.9',
  'accept-encoding' => 'gzip, deflate',
  'referer' => 'http://vuecms.bigfool.cn/',
  'user-agent' => 'Mozilla/5.0 (Windows NT 6.3; Win64; x64) AppleWebKit/537.36 (KHTML, like Gecko) Chrome/66.0.3359.117 Safari/537.36',
  'accept' => 'application/json, text/plain, */*',
  'connection' => 'close',
  'host' => 'vuecmsapi.bigfool.cn',
  'content-type' => '',
  'content-length' => '',
)
[ info ] [ PARAM ] array (
)
[ info ] [ LOG ] INIT File
---------------------------------------------------------------
[ 2018-06-24T12:51:10+08:00 ] 172.16.0.5 14.159.88.247 GET /api/getswipe
[ info ] vuecmsapi.bigfool.cn/api/getswipe [运行时间：0.003120s][吞吐率：320.49req/s] [内存消耗：367.67kb] [文件加载：36]
[ info ] [ LANG ] /home/ubuntu/VueCmsApi/thinkphp/lang/zh-cn.php
[ info ] [ ROUTE ] array (
  'type' => 'module',
  'module' => 
  array (
    0 => 'api',
    1 => 'Api',
    2 => 'getSwipe',
  ),
  'convert' => false,
)
[ info ] [ HEADER ] array (
  'accept-language' => 'zh-CN,zh;q=0.9',
  'accept-encoding' => 'gzip, deflate',
  'referer' => 'http://vuecms.bigfool.cn/home',
  'user-agent' => 'Mozilla/5.0 (iPhone; CPU iPhone OS 11_0 like Mac OS X) AppleWebKit/604.1.38 (KHTML, like Gecko) Version/11.0 Mobile/15A372 Safari/604.1',
  'origin' => 'http://vuecms.bigfool.cn',
  'accept' => 'application/json, text/plain, */*',
  'connection' => 'keep-alive',
  'host' => 'vuecmsapi.bigfool.cn',
  'content-type' => '',
  'content-length' => '',
)
[ info ] [ PARAM ] array (
)
[ info ] [ RUN ] app\api\controller\Api->getSwipe[ /home/ubuntu/VueCmsApi/application/api/controller/Api.php ]
[ info ] [ DB ] INIT mysql
[ info ] [ LOG ] INIT File
[ sql ] [ DB ] CONNECT:[ UseTime:0.000365s ] mysql:dbname=vue_cms_api;host=127.0.0.1;port=3306;charset=utf8
[ sql ] [ SQL ] SHOW COLUMNS FROM `think_swipe` [ RunTime:0.000702s ]
[ sql ] [ SQL ] SELECT * FROM `think_swipe` ORDER BY `id`  desc LIMIT 3 [ RunTime:0.000305s ]
[ sql ] [ SQL ] SELECT COUNT(*) AS tp_count FROM `think_swipe` LIMIT 1 [ RunTime:0.000255s ]
---------------------------------------------------------------
[ 2018-06-24T12:52:51+08:00 ] 172.16.0.5 14.159.88.247 GET /api/getswipe
[ info ] vuecmsapi.bigfool.cn/api/getswipe [运行时间：0.003212s][吞吐率：311.33req/s] [内存消耗：367.67kb] [文件加载：36]
[ info ] [ LANG ] /home/ubuntu/VueCmsApi/thinkphp/lang/zh-cn.php
[ info ] [ ROUTE ] array (
  'type' => 'module',
  'module' => 
  array (
    0 => 'api',
    1 => 'Api',
    2 => 'getSwipe',
  ),
  'convert' => false,
)
[ info ] [ HEADER ] array (
  'accept-language' => 'zh-CN,zh;q=0.9',
  'accept-encoding' => 'gzip, deflate',
  'referer' => 'http://vuecms.bigfool.cn/home',
  'user-agent' => 'Mozilla/5.0 (iPhone; CPU iPhone OS 11_0 like Mac OS X) AppleWebKit/604.1.38 (KHTML, like Gecko) Version/11.0 Mobile/15A372 Safari/604.1',
  'origin' => 'http://vuecms.bigfool.cn',
  'accept' => 'application/json, text/plain, */*',
  'connection' => 'keep-alive',
  'host' => 'vuecmsapi.bigfool.cn',
  'content-type' => '',
  'content-length' => '',
)
[ info ] [ PARAM ] array (
)
[ info ] [ RUN ] app\api\controller\Api->getSwipe[ /home/ubuntu/VueCmsApi/application/api/controller/Api.php ]
[ info ] [ DB ] INIT mysql
[ info ] [ LOG ] INIT File
[ sql ] [ DB ] CONNECT:[ UseTime:0.000437s ] mysql:dbname=vue_cms_api;host=127.0.0.1;port=3306;charset=utf8
[ sql ] [ SQL ] SHOW COLUMNS FROM `think_swipe` [ RunTime:0.000619s ]
[ sql ] [ SQL ] SELECT * FROM `think_swipe` ORDER BY `id`  desc LIMIT 3 [ RunTime:0.000230s ]
[ sql ] [ SQL ] SELECT COUNT(*) AS tp_count FROM `think_swipe` LIMIT 1 [ RunTime:0.000205s ]
---------------------------------------------------------------
[ 2018-06-24T12:55:33+08:00 ] 172.16.0.5 14.159.88.247 GET /api/getswipe
[ info ] vuecmsapi.bigfool.cn/api/getswipe [运行时间：0.003081s][吞吐率：324.59req/s] [内存消耗：367.67kb] [文件加载：36]
[ info ] [ LANG ] /home/ubuntu/VueCmsApi/thinkphp/lang/zh-cn.php
[ info ] [ ROUTE ] array (
  'type' => 'module',
  'module' => 
  array (
    0 => 'api',
    1 => 'Api',
    2 => 'getSwipe',
  ),
  'convert' => false,
)
[ info ] [ HEADER ] array (
  'accept-language' => 'zh-CN,zh;q=0.9',
  'accept-encoding' => 'gzip, deflate',
  'referer' => 'http://vuecms.bigfool.cn/home',
  'user-agent' => 'Mozilla/5.0 (iPhone; CPU iPhone OS 11_0 like Mac OS X) AppleWebKit/604.1.38 (KHTML, like Gecko) Version/11.0 Mobile/15A372 Safari/604.1',
  'origin' => 'http://vuecms.bigfool.cn',
  'accept' => 'application/json, text/plain, */*',
  'connection' => 'keep-alive',
  'host' => 'vuecmsapi.bigfool.cn',
  'content-type' => '',
  'content-length' => '',
)
[ info ] [ PARAM ] array (
)
[ info ] [ RUN ] app\api\controller\Api->getSwipe[ /home/ubuntu/VueCmsApi/application/api/controller/Api.php ]
[ info ] [ DB ] INIT mysql
[ info ] [ LOG ] INIT File
[ sql ] [ DB ] CONNECT:[ UseTime:0.000414s ] mysql:dbname=vue_cms_api;host=127.0.0.1;port=3306;charset=utf8
[ sql ] [ SQL ] SHOW COLUMNS FROM `think_swipe` [ RunTime:0.000616s ]
[ sql ] [ SQL ] SELECT * FROM `think_swipe` ORDER BY `id`  desc LIMIT 3 [ RunTime:0.000265s ]
[ sql ] [ SQL ] SELECT COUNT(*) AS tp_count FROM `think_swipe` LIMIT 1 [ RunTime:0.000170s ]
---------------------------------------------------------------
[ 2018-06-24T12:55:44+08:00 ] 172.16.0.5 14.159.88.247 GET /api/getswipe
[ info ] vuecmsapi.bigfool.cn/api/getswipe [运行时间：0.002824s][吞吐率：354.13req/s] [内存消耗：367.67kb] [文件加载：36]
[ info ] [ LANG ] /home/ubuntu/VueCmsApi/thinkphp/lang/zh-cn.php
[ info ] [ ROUTE ] array (
  'type' => 'module',
  'module' => 
  array (
    0 => 'api',
    1 => 'Api',
    2 => 'getSwipe',
  ),
  'convert' => false,
)
[ info ] [ HEADER ] array (
  'accept-language' => 'zh-CN,zh;q=0.9',
  'accept-encoding' => 'gzip, deflate',
  'referer' => 'http://vuecms.bigfool.cn/home',
  'user-agent' => 'Mozilla/5.0 (iPhone; CPU iPhone OS 11_0 like Mac OS X) AppleWebKit/604.1.38 (KHTML, like Gecko) Version/11.0 Mobile/15A372 Safari/604.1',
  'origin' => 'http://vuecms.bigfool.cn',
  'accept' => 'application/json, text/plain, */*',
  'connection' => 'keep-alive',
  'host' => 'vuecmsapi.bigfool.cn',
  'content-type' => '',
  'content-length' => '',
)
[ info ] [ PARAM ] array (
)
[ info ] [ RUN ] app\api\controller\Api->getSwipe[ /home/ubuntu/VueCmsApi/application/api/controller/Api.php ]
[ info ] [ DB ] INIT mysql
[ info ] [ LOG ] INIT File
[ sql ] [ DB ] CONNECT:[ UseTime:0.000365s ] mysql:dbname=vue_cms_api;host=127.0.0.1;port=3306;charset=utf8
[ sql ] [ SQL ] SHOW COLUMNS FROM `think_swipe` [ RunTime:0.000649s ]
[ sql ] [ SQL ] SELECT * FROM `think_swipe` ORDER BY `id`  desc LIMIT 3 [ RunTime:0.000214s ]
[ sql ] [ SQL ] SELECT COUNT(*) AS tp_count FROM `think_swipe` LIMIT 1 [ RunTime:0.000195s ]
---------------------------------------------------------------
[ 2018-06-24T12:58:15+08:00 ] 172.16.0.5 14.159.88.247 GET /api/getswipe
[ info ] vuecmsapi.bigfool.cn/api/getswipe [运行时间：0.003818s][吞吐率：261.91req/s] [内存消耗：367.67kb] [文件加载：36]
[ info ] [ LANG ] /home/ubuntu/VueCmsApi/thinkphp/lang/zh-cn.php
[ info ] [ ROUTE ] array (
  'type' => 'module',
  'module' => 
  array (
    0 => 'api',
    1 => 'Api',
    2 => 'getSwipe',
  ),
  'convert' => false,
)
[ info ] [ HEADER ] array (
  'accept-language' => 'zh-CN,zh;q=0.9',
  'accept-encoding' => 'gzip, deflate',
  'referer' => 'http://vuecms.bigfool.cn/home',
  'user-agent' => 'Mozilla/5.0 (iPhone; CPU iPhone OS 11_0 like Mac OS X) AppleWebKit/604.1.38 (KHTML, like Gecko) Version/11.0 Mobile/15A372 Safari/604.1',
  'origin' => 'http://vuecms.bigfool.cn',
  'accept' => 'application/json, text/plain, */*',
  'connection' => 'keep-alive',
  'host' => 'vuecmsapi.bigfool.cn',
  'content-type' => '',
  'content-length' => '',
)
[ info ] [ PARAM ] array (
)
[ info ] [ RUN ] app\api\controller\Api->getSwipe[ /home/ubuntu/VueCmsApi/application/api/controller/Api.php ]
[ info ] [ DB ] INIT mysql
[ info ] [ LOG ] INIT File
[ sql ] [ DB ] CONNECT:[ UseTime:0.000526s ] mysql:dbname=vue_cms_api;host=127.0.0.1;port=3306;charset=utf8
[ sql ] [ SQL ] SHOW COLUMNS FROM `think_swipe` [ RunTime:0.000955s ]
[ sql ] [ SQL ] SELECT * FROM `think_swipe` ORDER BY `id`  desc LIMIT 3 [ RunTime:0.000295s ]
[ sql ] [ SQL ] SELECT COUNT(*) AS tp_count FROM `think_swipe` LIMIT 1 [ RunTime:0.000192s ]
---------------------------------------------------------------
[ 2018-06-24T13:01:27+08:00 ] 172.16.0.5 14.159.88.247 GET /api/getswipe
[ info ] vuecmsapi.bigfool.cn/api/getswipe [运行时间：0.002892s][吞吐率：345.78req/s] [内存消耗：367.67kb] [文件加载：36]
[ info ] [ LANG ] /home/ubuntu/VueCmsApi/thinkphp/lang/zh-cn.php
[ info ] [ ROUTE ] array (
  'type' => 'module',
  'module' => 
  array (
    0 => 'api',
    1 => 'Api',
    2 => 'getSwipe',
  ),
  'convert' => false,
)
[ info ] [ HEADER ] array (
  'accept-language' => 'zh-CN,zh;q=0.9',
  'accept-encoding' => 'gzip, deflate',
  'referer' => 'http://vuecms.bigfool.cn/home',
  'user-agent' => 'Mozilla/5.0 (iPhone; CPU iPhone OS 11_0 like Mac OS X) AppleWebKit/604.1.38 (KHTML, like Gecko) Version/11.0 Mobile/15A372 Safari/604.1',
  'origin' => 'http://vuecms.bigfool.cn',
  'accept' => 'application/json, text/plain, */*',
  'connection' => 'keep-alive',
  'host' => 'vuecmsapi.bigfool.cn',
  'content-type' => '',
  'content-length' => '',
)
[ info ] [ PARAM ] array (
)
[ info ] [ RUN ] app\api\controller\Api->getSwipe[ /home/ubuntu/VueCmsApi/application/api/controller/Api.php ]
[ info ] [ DB ] INIT mysql
[ info ] [ LOG ] INIT File
[ sql ] [ DB ] CONNECT:[ UseTime:0.000378s ] mysql:dbname=vue_cms_api;host=127.0.0.1;port=3306;charset=utf8
[ sql ] [ SQL ] SHOW COLUMNS FROM `think_swipe` [ RunTime:0.000604s ]
[ sql ] [ SQL ] SELECT * FROM `think_swipe` ORDER BY `id`  desc LIMIT 3 [ RunTime:0.000299s ]
[ sql ] [ SQL ] SELECT COUNT(*) AS tp_count FROM `think_swipe` LIMIT 1 [ RunTime:0.000206s ]
---------------------------------------------------------------
[ 2018-06-24T13:11:29+08:00 ] 172.16.0.5 193.112.43.41 GET /api/getswipe
[ info ] vuecmsapi.bigfool.cn/api/getswipe [运行时间：0.002997s][吞吐率：333.68req/s] [内存消耗：367.67kb] [文件加载：36]
[ info ] [ LANG ] /home/ubuntu/VueCmsApi/thinkphp/lang/zh-cn.php
[ info ] [ ROUTE ] array (
  'type' => 'module',
  'module' => 
  array (
    0 => 'api',
    1 => 'Api',
    2 => 'getSwipe',
  ),
  'convert' => false,
)
[ info ] [ HEADER ] array (
  'cookie' => 'thinkphp_show_page_trace=0|0; PHPSESSID=vqd2f6g3cq9g0cet787eg81626',
  'accept-language' => 'zh-CN,zh;q=0.9',
  'accept-encoding' => 'gzip, deflate',
  'referer' => 'http://vuecms.bigfool.cn/home',
  'user-agent' => 'Mozilla/5.0 (iPhone; CPU iPhone OS 11_0 like Mac OS X) AppleWebKit/604.1.38 (KHTML, like Gecko) Version/11.0 Mobile/15A372 Safari/604.1',
  'accept' => 'application/json, text/plain, */*',
  'connection' => 'close',
  'host' => 'vuecmsapi.bigfool.cn',
  'content-type' => '',
  'content-length' => '',
)
[ info ] [ PARAM ] array (
)
[ info ] [ RUN ] app\api\controller\Api->getSwipe[ /home/ubuntu/VueCmsApi/application/api/controller/Api.php ]
[ info ] [ DB ] INIT mysql
[ info ] [ LOG ] INIT File
[ sql ] [ DB ] CONNECT:[ UseTime:0.000417s ] mysql:dbname=vue_cms_api;host=127.0.0.1;port=3306;charset=utf8
[ sql ] [ SQL ] SHOW COLUMNS FROM `think_swipe` [ RunTime:0.000622s ]
[ sql ] [ SQL ] SELECT * FROM `think_swipe` ORDER BY `id`  desc LIMIT 3 [ RunTime:0.000276s ]
[ sql ] [ SQL ] SELECT COUNT(*) AS tp_count FROM `think_swipe` LIMIT 1 [ RunTime:0.000214s ]
---------------------------------------------------------------
[ 2018-06-24T13:13:10+08:00 ] 172.16.0.5 193.112.43.41 GET /api/getswipe
[ info ] vuecmsapi.bigfool.cn/api/getswipe [运行时间：0.003969s][吞吐率：251.96req/s] [内存消耗：367.67kb] [文件加载：36]
[ info ] [ LANG ] /home/ubuntu/VueCmsApi/thinkphp/lang/zh-cn.php
[ info ] [ ROUTE ] array (
  'type' => 'module',
  'module' => 
  array (
    0 => 'api',
    1 => 'Api',
    2 => 'getSwipe',
  ),
  'convert' => false,
)
[ info ] [ HEADER ] array (
  'cookie' => 'thinkphp_show_page_trace=0|0; PHPSESSID=vqd2f6g3cq9g0cet787eg81626',
  'accept-language' => 'zh-CN,zh;q=0.9',
  'accept-encoding' => 'gzip, deflate',
  'referer' => 'http://vuecms.bigfool.cn/home',
  'user-agent' => 'Mozilla/5.0 (iPhone; CPU iPhone OS 11_0 like Mac OS X) AppleWebKit/604.1.38 (KHTML, like Gecko) Version/11.0 Mobile/15A372 Safari/604.1',
  'accept' => 'application/json, text/plain, */*',
  'connection' => 'close',
  'host' => 'vuecmsapi.bigfool.cn',
  'content-type' => '',
  'content-length' => '',
)
[ info ] [ PARAM ] array (
)
[ info ] [ RUN ] app\api\controller\Api->getSwipe[ /home/ubuntu/VueCmsApi/application/api/controller/Api.php ]
[ info ] [ DB ] INIT mysql
[ info ] [ LOG ] INIT File
[ sql ] [ DB ] CONNECT:[ UseTime:0.000495s ] mysql:dbname=vue_cms_api;host=127.0.0.1;port=3306;charset=utf8
[ sql ] [ SQL ] SHOW COLUMNS FROM `think_swipe` [ RunTime:0.000826s ]
[ sql ] [ SQL ] SELECT * FROM `think_swipe` ORDER BY `id`  desc LIMIT 3 [ RunTime:0.000472s ]
[ sql ] [ SQL ] SELECT COUNT(*) AS tp_count FROM `think_swipe` LIMIT 1 [ RunTime:0.000262s ]
---------------------------------------------------------------
[ 2018-06-24T13:21:25+08:00 ] 172.16.0.5 193.112.43.41 GET /api/getswipe
[ info ] vuecmsapi.bigfool.cn/api/getswipe [运行时间：0.003425s][吞吐率：291.98req/s] [内存消耗：367.67kb] [文件加载：36]
[ info ] [ LANG ] /home/ubuntu/VueCmsApi/thinkphp/lang/zh-cn.php
[ info ] [ ROUTE ] array (
  'type' => 'module',
  'module' => 
  array (
    0 => 'api',
    1 => 'Api',
    2 => 'getSwipe',
  ),
  'convert' => false,
)
[ info ] [ HEADER ] array (
  'cookie' => 'thinkphp_show_page_trace=0|0; PHPSESSID=vqd2f6g3cq9g0cet787eg81626',
  'accept-language' => 'zh-CN,zh;q=0.9',
  'accept-encoding' => 'gzip, deflate',
  'referer' => 'http://vuecms.bigfool.cn/home',
  'user-agent' => 'Mozilla/5.0 (iPhone; CPU iPhone OS 11_0 like Mac OS X) AppleWebKit/604.1.38 (KHTML, like Gecko) Version/11.0 Mobile/15A372 Safari/604.1',
  'accept' => 'application/json, text/plain, */*',
  'connection' => 'close',
  'host' => 'vuecmsapi.bigfool.cn',
  'content-type' => '',
  'content-length' => '',
)
[ info ] [ PARAM ] array (
)
[ info ] [ RUN ] app\api\controller\Api->getSwipe[ /home/ubuntu/VueCmsApi/application/api/controller/Api.php ]
[ info ] [ DB ] INIT mysql
[ info ] [ LOG ] INIT File
[ sql ] [ DB ] CONNECT:[ UseTime:0.000515s ] mysql:dbname=vue_cms_api;host=127.0.0.1;port=3306;charset=utf8
[ sql ] [ SQL ] SHOW COLUMNS FROM `think_swipe` [ RunTime:0.000622s ]
[ sql ] [ SQL ] SELECT * FROM `think_swipe` ORDER BY `id`  desc LIMIT 3 [ RunTime:0.000281s ]
[ sql ] [ SQL ] SELECT COUNT(*) AS tp_count FROM `think_swipe` LIMIT 1 [ RunTime:0.000213s ]
---------------------------------------------------------------
[ 2018-06-24T13:21:32+08:00 ] 172.16.0.5 193.112.43.41 GET /api/getnewslist
[ info ] vuecmsapi.bigfool.cn/api/getnewslist [运行时间：0.003171s][吞吐率：315.36req/s] [内存消耗：446.41kb] [文件加载：36]
[ info ] [ LANG ] /home/ubuntu/VueCmsApi/thinkphp/lang/zh-cn.php
[ info ] [ ROUTE ] array (
  'type' => 'module',
  'module' => 
  array (
    0 => 'api',
    1 => 'Api',
    2 => 'getNewsList',
  ),
  'convert' => false,
)
[ info ] [ HEADER ] array (
  'cookie' => 'thinkphp_show_page_trace=0|0; PHPSESSID=vqd2f6g3cq9g0cet787eg81626',
  'accept-language' => 'zh-CN,zh;q=0.9',
  'accept-encoding' => 'gzip, deflate',
  'referer' => 'http://vuecms.bigfool.cn/news/list',
  'user-agent' => 'Mozilla/5.0 (iPhone; CPU iPhone OS 11_0 like Mac OS X) AppleWebKit/604.1.38 (KHTML, like Gecko) Version/11.0 Mobile/15A372 Safari/604.1',
  'accept' => 'application/json, text/plain, */*',
  'connection' => 'close',
  'host' => 'vuecmsapi.bigfool.cn',
  'content-type' => '',
  'content-length' => '',
)
[ info ] [ PARAM ] array (
)
[ info ] [ RUN ] app\api\controller\Api->getNewsList[ /home/ubuntu/VueCmsApi/application/api/controller/Api.php ]
[ info ] [ DB ] INIT mysql
[ info ] [ LOG ] INIT File
[ sql ] [ DB ] CONNECT:[ UseTime:0.000394s ] mysql:dbname=vue_cms_api;host=127.0.0.1;port=3306;charset=utf8
[ sql ] [ SQL ] SHOW COLUMNS FROM `think_news` [ RunTime:0.000622s ]
[ sql ] [ SQL ] SELECT * FROM `think_news` ORDER BY `id`  desc [ RunTime:0.000291s ]
[ sql ] [ SQL ] SELECT COUNT(*) AS tp_count FROM `think_news` LIMIT 1 [ RunTime:0.000178s ]
---------------------------------------------------------------
[ 2018-06-24T13:21:44+08:00 ] 172.16.0.5 193.112.43.41 GET /api/getswipe
[ info ] vuecmsapi.bigfool.cn/api/getswipe [运行时间：0.003620s][吞吐率：276.25req/s] [内存消耗：367.67kb] [文件加载：36]
[ info ] [ LANG ] /home/ubuntu/VueCmsApi/thinkphp/lang/zh-cn.php
[ info ] [ ROUTE ] array (
  'type' => 'module',
  'module' => 
  array (
    0 => 'api',
    1 => 'Api',
    2 => 'getSwipe',
  ),
  'convert' => false,
)
[ info ] [ HEADER ] array (
  'cookie' => 'thinkphp_show_page_trace=0|0; PHPSESSID=vqd2f6g3cq9g0cet787eg81626',
  'accept-language' => 'zh-CN,zh;q=0.9',
  'accept-encoding' => 'gzip, deflate',
  'referer' => 'http://vuecms.bigfool.cn/home',
  'user-agent' => 'Mozilla/5.0 (iPhone; CPU iPhone OS 11_0 like Mac OS X) AppleWebKit/604.1.38 (KHTML, like Gecko) Version/11.0 Mobile/15A372 Safari/604.1',
  'accept' => 'application/json, text/plain, */*',
  'connection' => 'close',
  'host' => 'vuecmsapi.bigfool.cn',
  'content-type' => '',
  'content-length' => '',
)
[ info ] [ PARAM ] array (
)
[ info ] [ RUN ] app\api\controller\Api->getSwipe[ /home/ubuntu/VueCmsApi/application/api/controller/Api.php ]
[ info ] [ DB ] INIT mysql
[ info ] [ LOG ] INIT File
[ sql ] [ DB ] CONNECT:[ UseTime:0.000478s ] mysql:dbname=vue_cms_api;host=127.0.0.1;port=3306;charset=utf8
[ sql ] [ SQL ] SHOW COLUMNS FROM `think_swipe` [ RunTime:0.000668s ]
[ sql ] [ SQL ] SELECT * FROM `think_swipe` ORDER BY `id`  desc LIMIT 3 [ RunTime:0.000231s ]
[ sql ] [ SQL ] SELECT COUNT(*) AS tp_count FROM `think_swipe` LIMIT 1 [ RunTime:0.000206s ]
---------------------------------------------------------------
[ 2018-06-24T13:21:47+08:00 ] 172.16.0.5 193.112.43.41 GET /api/getimgcategory/
[ info ] vuecmsapi.bigfool.cn/api/getimgcategory/ [运行时间：0.004178s][吞吐率：239.35req/s] [内存消耗：368.73kb] [文件加载：36]
[ info ] [ LANG ] /home/ubuntu/VueCmsApi/thinkphp/lang/zh-cn.php
[ info ] [ ROUTE ] array (
  'type' => 'module',
  'module' => 
  array (
    0 => 'api',
    1 => 'Api',
    2 => 'getImgCategory',
  ),
  'convert' => false,
)
[ info ] [ HEADER ] array (
  'cookie' => 'thinkphp_show_page_trace=0|0; PHPSESSID=vqd2f6g3cq9g0cet787eg81626',
  'accept-language' => 'zh-CN,zh;q=0.9',
  'accept-encoding' => 'gzip, deflate',
  'referer' => 'http://vuecms.bigfool.cn/photo/share',
  'user-agent' => 'Mozilla/5.0 (iPhone; CPU iPhone OS 11_0 like Mac OS X) AppleWebKit/604.1.38 (KHTML, like Gecko) Version/11.0 Mobile/15A372 Safari/604.1',
  'accept' => 'application/json, text/plain, */*',
  'connection' => 'close',
  'host' => 'vuecmsapi.bigfool.cn',
  'content-type' => '',
  'content-length' => '',
)
[ info ] [ PARAM ] array (
)
[ info ] [ RUN ] app\api\controller\Api->getImgCategory[ /home/ubuntu/VueCmsApi/application/api/controller/Api.php ]
[ info ] [ DB ] INIT mysql
[ info ] [ LOG ] INIT File
[ sql ] [ DB ] CONNECT:[ UseTime:0.000543s ] mysql:dbname=vue_cms_api;host=127.0.0.1;port=3306;charset=utf8
[ sql ] [ SQL ] SHOW COLUMNS FROM `think_img_category` [ RunTime:0.000958s ]
[ sql ] [ SQL ] SELECT * FROM `think_img_category` [ RunTime:0.000374s ]
[ sql ] [ SQL ] SELECT COUNT(*) AS tp_count FROM `think_img_category` LIMIT 1 [ RunTime:0.000316s ]
---------------------------------------------------------------
[ 2018-06-24T13:21:47+08:00 ] 172.16.0.5 193.112.43.41 GET /api/getimages/0
[ info ] vuecmsapi.bigfool.cn/api/getimages/0 [运行时间：0.003471s][吞吐率：288.09req/s] [内存消耗：432.18kb] [文件加载：36]
[ info ] [ LANG ] /home/ubuntu/VueCmsApi/thinkphp/lang/zh-cn.php
[ info ] [ ROUTE ] array (
  'type' => 'module',
  'module' => 
  array (
    0 => 'api',
    1 => 'Api',
    2 => 'getImage',
  ),
  'convert' => false,
)
[ info ] [ HEADER ] array (
  'cookie' => 'thinkphp_show_page_trace=0|0; PHPSESSID=vqd2f6g3cq9g0cet787eg81626',
  'accept-language' => 'zh-CN,zh;q=0.9',
  'accept-encoding' => 'gzip, deflate',
  'referer' => 'http://vuecms.bigfool.cn/photo/share',
  'user-agent' => 'Mozilla/5.0 (iPhone; CPU iPhone OS 11_0 like Mac OS X) AppleWebKit/604.1.38 (KHTML, like Gecko) Version/11.0 Mobile/15A372 Safari/604.1',
  'accept' => 'application/json, text/plain, */*',
  'connection' => 'close',
  'host' => 'vuecmsapi.bigfool.cn',
  'content-type' => '',
  'content-length' => '',
)
[ info ] [ PARAM ] array (
  'id' => '0',
)
[ info ] [ RUN ] app\api\controller\Api->getImage[ /home/ubuntu/VueCmsApi/application/api/controller/Api.php ]
[ info ] [ DB ] INIT mysql
[ info ] [ LOG ] INIT File
[ sql ] [ DB ] CONNECT:[ UseTime:0.000427s ] mysql:dbname=vue_cms_api;host=127.0.0.1;port=3306;charset=utf8
[ sql ] [ SQL ] SHOW COLUMNS FROM `think_img` [ RunTime:0.000651s ]
[ sql ] [ SQL ] SELECT * FROM `think_img` INNER JOIN `think_img_category` `imgc` ON `imgcategory_id`=`imgc`.`id` [ RunTime:0.000427s ]
[ sql ] [ SQL ] SELECT COUNT(*) AS tp_count FROM `think_img` LIMIT 1 [ RunTime:0.000162s ]
---------------------------------------------------------------
[ 2018-06-24T13:22:01+08:00 ] 172.16.0.5 193.112.43.41 GET /api/getswipe
[ info ] vuecmsapi.bigfool.cn/api/getswipe [运行时间：0.003332s][吞吐率：300.13req/s] [内存消耗：367.67kb] [文件加载：36]
[ info ] [ LANG ] /home/ubuntu/VueCmsApi/thinkphp/lang/zh-cn.php
[ info ] [ ROUTE ] array (
  'type' => 'module',
  'module' => 
  array (
    0 => 'api',
    1 => 'Api',
    2 => 'getSwipe',
  ),
  'convert' => false,
)
[ info ] [ HEADER ] array (
  'cookie' => 'thinkphp_show_page_trace=0|0; PHPSESSID=vqd2f6g3cq9g0cet787eg81626',
  'accept-language' => 'zh-CN,zh;q=0.9',
  'accept-encoding' => 'gzip, deflate',
  'referer' => 'http://vuecms.bigfool.cn/home',
  'user-agent' => 'Mozilla/5.0 (iPhone; CPU iPhone OS 11_0 like Mac OS X) AppleWebKit/604.1.38 (KHTML, like Gecko) Version/11.0 Mobile/15A372 Safari/604.1',
  'accept' => 'application/json, text/plain, */*',
  'connection' => 'close',
  'host' => 'vuecmsapi.bigfool.cn',
  'content-type' => '',
  'content-length' => '',
)
[ info ] [ PARAM ] array (
)
[ info ] [ RUN ] app\api\controller\Api->getSwipe[ /home/ubuntu/VueCmsApi/application/api/controller/Api.php ]
[ info ] [ DB ] INIT mysql
[ info ] [ LOG ] INIT File
[ sql ] [ DB ] CONNECT:[ UseTime:0.000431s ] mysql:dbname=vue_cms_api;host=127.0.0.1;port=3306;charset=utf8
[ sql ] [ SQL ] SHOW COLUMNS FROM `think_swipe` [ RunTime:0.000779s ]
[ sql ] [ SQL ] SELECT * FROM `think_swipe` ORDER BY `id`  desc LIMIT 3 [ RunTime:0.000268s ]
[ sql ] [ SQL ] SELECT COUNT(*) AS tp_count FROM `think_swipe` LIMIT 1 [ RunTime:0.000179s ]
---------------------------------------------------------------
[ 2018-06-24T13:22:09+08:00 ] 172.16.0.5 193.112.43.41 GET /api/goodslist/?page=1
[ info ] vuecmsapi.bigfool.cn/api/goodslist/?page=1 [运行时间：0.005681s][吞吐率：176.02req/s] [内存消耗：449.69kb] [文件加载：39]
[ info ] [ LANG ] /home/ubuntu/VueCmsApi/thinkphp/lang/zh-cn.php
[ info ] [ ROUTE ] array (
  'type' => 'module',
  'module' => 
  array (
    0 => 'api',
    1 => 'Api',
    2 => 'goodsList',
  ),
  'convert' => false,
)
[ info ] [ HEADER ] array (
  'cookie' => 'thinkphp_show_page_trace=0|0; PHPSESSID=vqd2f6g3cq9g0cet787eg81626',
  'accept-language' => 'zh-CN,zh;q=0.9',
  'accept-encoding' => 'gzip, deflate',
  'referer' => 'http://vuecms.bigfool.cn/goods/list',
  'user-agent' => 'Mozilla/5.0 (iPhone; CPU iPhone OS 11_0 like Mac OS X) AppleWebKit/604.1.38 (KHTML, like Gecko) Version/11.0 Mobile/15A372 Safari/604.1',
  'accept' => 'application/json, text/plain, */*',
  'connection' => 'close',
  'host' => 'vuecmsapi.bigfool.cn',
  'content-type' => '',
  'content-length' => '',
)
[ info ] [ PARAM ] array (
  'page' => '1',
)
[ info ] [ RUN ] app\api\controller\Api->goodsList[ /home/ubuntu/VueCmsApi/application/api/controller/Api.php ]
[ info ] [ DB ] INIT mysql
[ info ] [ LOG ] INIT File
[ sql ] [ DB ] CONNECT:[ UseTime:0.000419s ] mysql:dbname=vue_cms_api;host=127.0.0.1;port=3306;charset=utf8
[ sql ] [ SQL ] SHOW COLUMNS FROM `think_goods` [ RunTime:0.000714s ]
[ sql ] [ SQL ] SELECT COUNT(*) AS tp_count FROM `think_goods` LIMIT 1 [ RunTime:0.000242s ]
[ sql ] [ SQL ] SELECT * FROM `think_goods` LIMIT 0,8 [ RunTime:0.000238s ]
[ sql ] [ SQL ] SELECT COUNT(*) AS tp_count FROM `think_goods` LIMIT 1 [ RunTime:0.000185s ]
---------------------------------------------------------------
[ 2018-06-24T13:24:14+08:00 ] 172.16.0.5 193.112.43.41 GET /api/getswipe
[ info ] vuecmsapi.bigfool.cn/api/getswipe [运行时间：0.003077s][吞吐率：324.99req/s] [内存消耗：367.67kb] [文件加载：36]
[ info ] [ LANG ] /home/ubuntu/VueCmsApi/thinkphp/lang/zh-cn.php
[ info ] [ ROUTE ] array (
  'type' => 'module',
  'module' => 
  array (
    0 => 'api',
    1 => 'Api',
    2 => 'getSwipe',
  ),
  'convert' => false,
)
[ info ] [ HEADER ] array (
  'cookie' => 'thinkphp_show_page_trace=0|0; PHPSESSID=vqd2f6g3cq9g0cet787eg81626',
  'accept-language' => 'zh-CN,zh;q=0.9',
  'accept-encoding' => 'gzip, deflate',
  'referer' => 'http://vuecms.bigfool.cn/home',
  'user-agent' => 'Mozilla/5.0 (Windows NT 6.3; Win64; x64) AppleWebKit/537.36 (KHTML, like Gecko) Chrome/66.0.3359.117 Safari/537.36',
  'accept' => 'application/json, text/plain, */*',
  'connection' => 'close',
  'host' => 'vuecmsapi.bigfool.cn',
  'content-type' => '',
  'content-length' => '',
)
[ info ] [ PARAM ] array (
)
[ info ] [ RUN ] app\api\controller\Api->getSwipe[ /home/ubuntu/VueCmsApi/application/api/controller/Api.php ]
[ info ] [ DB ] INIT mysql
[ info ] [ LOG ] INIT File
[ sql ] [ DB ] CONNECT:[ UseTime:0.000496s ] mysql:dbname=vue_cms_api;host=127.0.0.1;port=3306;charset=utf8
[ sql ] [ SQL ] SHOW COLUMNS FROM `think_swipe` [ RunTime:0.000689s ]
[ sql ] [ SQL ] SELECT * FROM `think_swipe` ORDER BY `id`  desc LIMIT 3 [ RunTime:0.000224s ]
[ sql ] [ SQL ] SELECT COUNT(*) AS tp_count FROM `think_swipe` LIMIT 1 [ RunTime:0.000172s ]
---------------------------------------------------------------
[ 2018-06-24T13:24:18+08:00 ] 172.16.0.5 14.159.88.247 GET /home
[ info ] vuecmsapi.bigfool.cn/home [运行时间：0.003346s][吞吐率：298.87req/s] [内存消耗：195.04kb] [文件加载：32]
[ info ] [ LANG ] /home/ubuntu/VueCmsApi/thinkphp/lang/zh-cn.php
[ info ] [ ROUTE ] array (
  'type' => 'module',
  'module' => 
  array (
    0 => 'home',
    1 => NULL,
    2 => NULL,
  ),
)
[ info ] [ HEADER ] array (
  'cookie' => 'PHPSESSID=j70jr9he8km4fbkh17139utaq7',
  'accept-language' => 'zh-CN,zh;q=0.9',
  'accept-encoding' => 'gzip, deflate',
  'accept' => 'text/html,application/xhtml+xml,application/xml;q=0.9,image/webp,image/apng,*/*;q=0.8',
  'user-agent' => 'Mozilla/5.0 (Windows NT 6.3; Win64; x64) AppleWebKit/537.36 (KHTML, like Gecko) Chrome/66.0.3359.117 Safari/537.36',
  'upgrade-insecure-requests' => '1',
  'connection' => 'keep-alive',
  'host' => 'vuecmsapi.bigfool.cn',
  'content-type' => '',
  'content-length' => '',
)
[ info ] [ PARAM ] array (
)
[ info ] [ LOG ] INIT File
---------------------------------------------------------------
[ 2018-06-24T13:24:23+08:00 ] 172.16.0.5 14.159.88.247 GET /
[ info ] vuecmsapi.bigfool.cn/ [运行时间：0.001539s][吞吐率：649.78req/s] [内存消耗：207.32kb] [文件加载：37]
[ info ] [ LANG ] /home/ubuntu/VueCmsApi/thinkphp/lang/zh-cn.php
[ info ] [ ROUTE ] array (
  'type' => 'module',
  'module' => 
  array (
    0 => '',
    1 => NULL,
    2 => NULL,
  ),
)
[ info ] [ HEADER ] array (
  'cookie' => 'PHPSESSID=j70jr9he8km4fbkh17139utaq7; thinkphp_show_page_trace=0|0',
  'accept-language' => 'zh-CN,zh;q=0.9',
  'accept-encoding' => 'gzip, deflate',
  'accept' => 'text/html,application/xhtml+xml,application/xml;q=0.9,image/webp,image/apng,*/*;q=0.8',
  'user-agent' => 'Mozilla/5.0 (Windows NT 6.3; Win64; x64) AppleWebKit/537.36 (KHTML, like Gecko) Chrome/66.0.3359.117 Safari/537.36',
  'upgrade-insecure-requests' => '1',
  'connection' => 'keep-alive',
  'host' => 'vuecmsapi.bigfool.cn',
  'content-type' => '',
  'content-length' => '',
)
[ info ] [ PARAM ] array (
)
[ info ] [ SESSION ] INIT array (
  'id' => '',
  'var_session_id' => '',
  'prefix' => 'think',
  'type' => '',
  'auto_start' => true,
  'expire' => 604800,
)
[ info ] [ LOG ] INIT File
---------------------------------------------------------------
[ 2018-06-24T13:24:23+08:00 ] 172.16.0.5 14.159.88.247 GET /user/login.html
[ info ] vuecmsapi.bigfool.cn/user/login.html [运行时间：0.002383s][吞吐率：419.64req/s] [内存消耗：210.34kb] [文件加载：38]
[ info ] [ LANG ] /home/ubuntu/VueCmsApi/thinkphp/lang/zh-cn.php
[ info ] [ ROUTE ] array (
  'type' => 'module',
  'module' => 
  array (
    0 => 'index',
    1 => 'user',
    2 => 'login',
  ),
  'convert' => false,
)
[ info ] [ HEADER ] array (
  'cookie' => 'thinkphp_show_page_trace=0|0; PHPSESSID=j70jr9he8km4fbkh17139utaq7; thinkphp_show_page_trace=0|0',
  'accept-language' => 'zh-CN,zh;q=0.9',
  'accept-encoding' => 'gzip, deflate',
  'accept' => 'text/html,application/xhtml+xml,application/xml;q=0.9,image/webp,image/apng,*/*;q=0.8',
  'user-agent' => 'Mozilla/5.0 (Windows NT 6.3; Win64; x64) AppleWebKit/537.36 (KHTML, like Gecko) Chrome/66.0.3359.117 Safari/537.36',
  'upgrade-insecure-requests' => '1',
  'connection' => 'keep-alive',
  'host' => 'vuecmsapi.bigfool.cn',
  'content-type' => '',
  'content-length' => '',
)
[ info ] [ PARAM ] array (
)
[ info ] [ RUN ] app\index\controller\User->login[ /home/ubuntu/VueCmsApi/application/index/controller/User.php ]
[ info ] [ VIEW ] /home/ubuntu/VueCmsApi/public/../application/index/view/user/login.html [ array (
  0 => 'status',
) ]
[ info ] [ LOG ] INIT File
