---------------------------------------------------------------
[ 2018-05-14T21:14:59+08:00 ] 127.0.0.1 127.0.0.1 GET /admin
[ info ] www.vuecms.com/admin [运行时间：0.223564s][吞吐率：4.47req/s] [内存消耗：1,201.98kb] [文件加载：39]
[ info ] [ LANG ] G:\phpstudy\PHPTutorial\WWW\VueCmsApi\thinkphp\lang\zh-cn.php
[ info ] [ ROUTE ] array (
  'type' => 'module',
  'module' => 
  array (
    0 => 'index',
    1 => 'index',
    2 => 'index',
  ),
  'convert' => false,
)
[ info ] [ HEADER ] array (
  'cookie' => 'PHPSESSID=jmqjg5fusldf62hvh7n9v0bdg5',
  'accept-language' => 'zh-CN,zh;q=0.9',
  'accept-encoding' => 'gzip, deflate',
  'accept' => 'text/html,application/xhtml+xml,application/xml;q=0.9,image/webp,image/apng,*/*;q=0.8',
  'user-agent' => 'Mozilla/5.0 (Windows NT 6.3; Win64; x64) AppleWebKit/537.36 (KHTML, like Gecko) Chrome/66.0.3359.117 Safari/537.36',
  'upgrade-insecure-requests' => '1',
  'connection' => 'close',
  'host' => 'www.vuecms.com',
)
[ info ] [ PARAM ] array (
)
[ info ] [ SESSION ] INIT array (
  'id' => '',
  'var_session_id' => '',
  'prefix' => 'think',
  'type' => '',
  'auto_start' => true,
  'expire' => 604800,
)
[ info ] [ RUN ] app\index\controller\Index->index[ G:\phpstudy\PHPTutorial\WWW\VueCmsApi\application\index\controller\Index.php ]
[ info ] [ VIEW ] G:\phpstudy\PHPTutorial\WWW\VueCmsApi\public/../application/index\view\index\index.html [ array (
) ]
[ info ] [ LOG ] INIT File
---------------------------------------------------------------
[ 2018-05-14T21:15:09+08:00 ] 127.0.0.1 127.0.0.1 GET /api/getnewslist
[ info ] www.vuecms.com/api/getnewslist [运行时间：1.072685s][吞吐率：0.93req/s] [内存消耗：1,660.49kb] [文件加载：36]
[ info ] [ LANG ] G:\phpstudy\PHPTutorial\WWW\VueCmsApi\thinkphp\lang\zh-cn.php
[ info ] [ ROUTE ] array (
  'type' => 'module',
  'module' => 
  array (
    0 => 'api',
    1 => 'Api',
    2 => 'getNewsList',
  ),
  'convert' => false,
)
[ info ] [ HEADER ] array (
  'host' => 'www.vuecms.com',
  'connection' => 'close',
  'accept' => 'application/json, text/plain, */*',
  'user-agent' => 'Mozilla/5.0 (iPhone; CPU iPhone OS 11_0 like Mac OS X) AppleWebKit/604.1.38 (KHTML, like Gecko) Version/11.0 Mobile/15A372 Safari/604.1',
  'referer' => 'http://localhost:8081/',
  'accept-encoding' => 'gzip, deflate, br',
  'accept-language' => 'zh-CN,zh;q=0.9',
  'cookie' => 'Pycharm-f3d843f3=9df3831e-8719-4ad7-84fb-2dfc2226a352',
)
[ info ] [ PARAM ] array (
)
[ info ] [ RUN ] app\api\controller\Api->getNewsList[ G:\phpstudy\PHPTutorial\WWW\VueCmsApi\application\api\controller\Api.php ]
[ info ] [ DB ] INIT mysql
[ info ] [ LOG ] INIT File
[ sql ] [ DB ] CONNECT:[ UseTime:0.798544s ] mysql:dbname=vue_cms_api;host=127.0.0.1;port=3306;charset=utf8
[ sql ] [ SQL ] SHOW COLUMNS FROM `think_news` [ RunTime:0.090615s ]
[ sql ] [ SQL ] SELECT * FROM `think_news` ORDER BY `id`  desc [ RunTime:0.004325s ]
[ sql ] [ SQL ] SELECT COUNT(*) AS tp_count FROM `think_news` LIMIT 1 [ RunTime:0.001788s ]
---------------------------------------------------------------
[ 2018-05-14T21:21:14+08:00 ] 127.0.0.1 127.0.0.1 GET /api/getnewslist
[ info ] www.vuecms.com/api/getnewslist [运行时间：0.335821s][吞吐率：2.98req/s] [内存消耗：1,660.49kb] [文件加载：36]
[ info ] [ LANG ] G:\phpstudy\PHPTutorial\WWW\VueCmsApi\thinkphp\lang\zh-cn.php
[ info ] [ ROUTE ] array (
  'type' => 'module',
  'module' => 
  array (
    0 => 'api',
    1 => 'Api',
    2 => 'getNewsList',
  ),
  'convert' => false,
)
[ info ] [ HEADER ] array (
  'host' => 'www.vuecms.com',
  'connection' => 'close',
  'accept' => 'application/json, text/plain, */*',
  'user-agent' => 'Mozilla/5.0 (iPhone; CPU iPhone OS 11_0 like Mac OS X) AppleWebKit/604.1.38 (KHTML, like Gecko) Version/11.0 Mobile/15A372 Safari/604.1',
  'referer' => 'http://localhost:8081/',
  'accept-encoding' => 'gzip, deflate, br',
  'accept-language' => 'zh-CN,zh;q=0.9',
  'cookie' => 'Pycharm-f3d843f3=9df3831e-8719-4ad7-84fb-2dfc2226a352',
)
[ info ] [ PARAM ] array (
)
[ info ] [ RUN ] app\api\controller\Api->getNewsList[ G:\phpstudy\PHPTutorial\WWW\VueCmsApi\application\api\controller\Api.php ]
[ info ] [ DB ] INIT mysql
[ info ] [ LOG ] INIT File
[ sql ] [ DB ] CONNECT:[ UseTime:0.202739s ] mysql:dbname=vue_cms_api;host=127.0.0.1;port=3306;charset=utf8
[ sql ] [ SQL ] SHOW COLUMNS FROM `think_news` [ RunTime:0.006845s ]
[ sql ] [ SQL ] SELECT * FROM `think_news` ORDER BY `id`  desc [ RunTime:0.004371s ]
[ sql ] [ SQL ] SELECT COUNT(*) AS tp_count FROM `think_news` LIMIT 1 [ RunTime:0.001366s ]
---------------------------------------------------------------
[ 2018-05-14T21:23:17+08:00 ] 127.0.0.1 127.0.0.1 GET /api/getnewslist
[ info ] www.vuecms.com/api/getnewslist [运行时间：0.250266s][吞吐率：4.00req/s] [内存消耗：1,660.49kb] [文件加载：36]
[ info ] [ LANG ] G:\phpstudy\PHPTutorial\WWW\VueCmsApi\thinkphp\lang\zh-cn.php
[ info ] [ ROUTE ] array (
  'type' => 'module',
  'module' => 
  array (
    0 => 'api',
    1 => 'Api',
    2 => 'getNewsList',
  ),
  'convert' => false,
)
[ info ] [ HEADER ] array (
  'host' => 'www.vuecms.com',
  'connection' => 'close',
  'accept' => 'application/json, text/plain, */*',
  'user-agent' => 'Mozilla/5.0 (iPhone; CPU iPhone OS 11_0 like Mac OS X) AppleWebKit/604.1.38 (KHTML, like Gecko) Version/11.0 Mobile/15A372 Safari/604.1',
  'referer' => 'http://localhost:8081/',
  'accept-encoding' => 'gzip, deflate, br',
  'accept-language' => 'zh-CN,zh;q=0.9',
  'cookie' => 'Pycharm-f3d843f3=9df3831e-8719-4ad7-84fb-2dfc2226a352',
)
[ info ] [ PARAM ] array (
)
[ info ] [ RUN ] app\api\controller\Api->getNewsList[ G:\phpstudy\PHPTutorial\WWW\VueCmsApi\application\api\controller\Api.php ]
[ info ] [ DB ] INIT mysql
[ info ] [ LOG ] INIT File
[ sql ] [ DB ] CONNECT:[ UseTime:0.010741s ] mysql:dbname=vue_cms_api;host=127.0.0.1;port=3306;charset=utf8
[ sql ] [ SQL ] SHOW COLUMNS FROM `think_news` [ RunTime:0.008398s ]
[ sql ] [ SQL ] SELECT * FROM `think_news` ORDER BY `id`  desc [ RunTime:0.007036s ]
[ sql ] [ SQL ] SELECT COUNT(*) AS tp_count FROM `think_news` LIMIT 1 [ RunTime:0.001957s ]
---------------------------------------------------------------
[ 2018-05-14T21:25:28+08:00 ] 127.0.0.1 127.0.0.1 GET /api/getswipe
[ info ] www.vuecms.com/api/getswipe [运行时间：0.151139s][吞吐率：6.62req/s] [内存消耗：1,562.77kb] [文件加载：36]
[ info ] [ LANG ] G:\phpstudy\PHPTutorial\WWW\VueCmsApi\thinkphp\lang\zh-cn.php
[ info ] [ ROUTE ] array (
  'type' => 'module',
  'module' => 
  array (
    0 => 'api',
    1 => 'Api',
    2 => 'getSwipe',
  ),
  'convert' => false,
)
[ info ] [ HEADER ] array (
  'host' => 'www.vuecms.com',
  'connection' => 'close',
  'accept' => 'application/json, text/plain, */*',
  'user-agent' => 'Mozilla/5.0 (iPhone; CPU iPhone OS 11_0 like Mac OS X) AppleWebKit/604.1.38 (KHTML, like Gecko) Version/11.0 Mobile/15A372 Safari/604.1',
  'referer' => 'http://localhost:8081/',
  'accept-encoding' => 'gzip, deflate, br',
  'accept-language' => 'zh-CN,zh;q=0.9',
  'cookie' => 'Pycharm-f3d843f3=9df3831e-8719-4ad7-84fb-2dfc2226a352',
)
[ info ] [ PARAM ] array (
)
[ info ] [ RUN ] app\api\controller\Api->getSwipe[ G:\phpstudy\PHPTutorial\WWW\VueCmsApi\application\api\controller\Api.php ]
[ info ] [ DB ] INIT mysql
[ info ] [ LOG ] INIT File
[ sql ] [ DB ] CONNECT:[ UseTime:0.011446s ] mysql:dbname=vue_cms_api;host=127.0.0.1;port=3306;charset=utf8
[ sql ] [ SQL ] SHOW COLUMNS FROM `think_swipe` [ RunTime:0.008314s ]
[ sql ] [ SQL ] SELECT * FROM `think_swipe` ORDER BY `id`  desc LIMIT 3 [ RunTime:0.001725s ]
[ sql ] [ SQL ] SELECT COUNT(*) AS tp_count FROM `think_swipe` LIMIT 1 [ RunTime:0.001542s ]
---------------------------------------------------------------
[ 2018-05-14T21:25:38+08:00 ] 127.0.0.1 127.0.0.1 GET /api/getswipe
[ info ] www.vuecms.com/api/getswipe [运行时间：0.245554s][吞吐率：4.07req/s] [内存消耗：1,562.77kb] [文件加载：36]
[ info ] [ LANG ] G:\phpstudy\PHPTutorial\WWW\VueCmsApi\thinkphp\lang\zh-cn.php
[ info ] [ ROUTE ] array (
  'type' => 'module',
  'module' => 
  array (
    0 => 'api',
    1 => 'Api',
    2 => 'getSwipe',
  ),
  'convert' => false,
)
[ info ] [ HEADER ] array (
  'host' => 'www.vuecms.com',
  'connection' => 'close',
  'accept' => 'application/json, text/plain, */*',
  'user-agent' => 'Mozilla/5.0 (iPhone; CPU iPhone OS 11_0 like Mac OS X) AppleWebKit/604.1.38 (KHTML, like Gecko) Version/11.0 Mobile/15A372 Safari/604.1',
  'referer' => 'http://localhost:8081/',
  'accept-encoding' => 'gzip, deflate, br',
  'accept-language' => 'zh-CN,zh;q=0.9',
  'cookie' => 'Pycharm-f3d843f3=9df3831e-8719-4ad7-84fb-2dfc2226a352',
)
[ info ] [ PARAM ] array (
)
[ info ] [ RUN ] app\api\controller\Api->getSwipe[ G:\phpstudy\PHPTutorial\WWW\VueCmsApi\application\api\controller\Api.php ]
[ info ] [ DB ] INIT mysql
[ info ] [ LOG ] INIT File
[ sql ] [ DB ] CONNECT:[ UseTime:0.013674s ] mysql:dbname=vue_cms_api;host=127.0.0.1;port=3306;charset=utf8
[ sql ] [ SQL ] SHOW COLUMNS FROM `think_swipe` [ RunTime:0.007304s ]
[ sql ] [ SQL ] SELECT * FROM `think_swipe` ORDER BY `id`  desc LIMIT 3 [ RunTime:0.001913s ]
[ sql ] [ SQL ] SELECT COUNT(*) AS tp_count FROM `think_swipe` LIMIT 1 [ RunTime:0.001565s ]
---------------------------------------------------------------
[ 2018-05-14T21:27:25+08:00 ] 127.0.0.1 127.0.0.1 GET /api/getnewslist
[ info ] www.vuecms.com/api/getnewslist [运行时间：0.167606s][吞吐率：5.97req/s] [内存消耗：1,660.49kb] [文件加载：36]
[ info ] [ LANG ] G:\phpstudy\PHPTutorial\WWW\VueCmsApi\thinkphp\lang\zh-cn.php
[ info ] [ ROUTE ] array (
  'type' => 'module',
  'module' => 
  array (
    0 => 'api',
    1 => 'Api',
    2 => 'getNewsList',
  ),
  'convert' => false,
)
[ info ] [ HEADER ] array (
  'host' => 'www.vuecms.com',
  'connection' => 'close',
  'accept' => 'application/json, text/plain, */*',
  'user-agent' => 'Mozilla/5.0 (iPhone; CPU iPhone OS 11_0 like Mac OS X) AppleWebKit/604.1.38 (KHTML, like Gecko) Version/11.0 Mobile/15A372 Safari/604.1',
  'referer' => 'http://localhost:8081/',
  'accept-encoding' => 'gzip, deflate, br',
  'accept-language' => 'zh-CN,zh;q=0.9',
  'cookie' => 'Pycharm-f3d843f3=9df3831e-8719-4ad7-84fb-2dfc2226a352',
)
[ info ] [ PARAM ] array (
)
[ info ] [ RUN ] app\api\controller\Api->getNewsList[ G:\phpstudy\PHPTutorial\WWW\VueCmsApi\application\api\controller\Api.php ]
[ info ] [ DB ] INIT mysql
[ info ] [ LOG ] INIT File
[ sql ] [ DB ] CONNECT:[ UseTime:0.011393s ] mysql:dbname=vue_cms_api;host=127.0.0.1;port=3306;charset=utf8
[ sql ] [ SQL ] SHOW COLUMNS FROM `think_news` [ RunTime:0.008197s ]
[ sql ] [ SQL ] SELECT * FROM `think_news` ORDER BY `id`  desc [ RunTime:0.003904s ]
[ sql ] [ SQL ] SELECT COUNT(*) AS tp_count FROM `think_news` LIMIT 1 [ RunTime:0.002075s ]
---------------------------------------------------------------
[ 2018-05-14T21:36:00+08:00 ] 127.0.0.1 127.0.0.1 GET /api/getnewslist
[ info ] www.vuecms.com/api/getnewslist [运行时间：0.806205s][吞吐率：1.24req/s] [内存消耗：1,660.49kb] [文件加载：36]
[ info ] [ LANG ] G:\phpstudy\PHPTutorial\WWW\VueCmsApi\thinkphp\lang\zh-cn.php
[ info ] [ ROUTE ] array (
  'type' => 'module',
  'module' => 
  array (
    0 => 'api',
    1 => 'Api',
    2 => 'getNewsList',
  ),
  'convert' => false,
)
[ info ] [ HEADER ] array (
  'host' => 'www.vuecms.com',
  'connection' => 'close',
  'accept' => 'application/json, text/plain, */*',
  'user-agent' => 'Mozilla/5.0 (iPhone; CPU iPhone OS 11_0 like Mac OS X) AppleWebKit/604.1.38 (KHTML, like Gecko) Version/11.0 Mobile/15A372 Safari/604.1',
  'referer' => 'http://localhost:8081/',
  'accept-encoding' => 'gzip, deflate, br',
  'accept-language' => 'zh-CN,zh;q=0.9',
  'cookie' => 'Pycharm-f3d843f3=9df3831e-8719-4ad7-84fb-2dfc2226a352',
)
[ info ] [ PARAM ] array (
)
[ info ] [ RUN ] app\api\controller\Api->getNewsList[ G:\phpstudy\PHPTutorial\WWW\VueCmsApi\application\api\controller\Api.php ]
[ info ] [ DB ] INIT mysql
[ info ] [ LOG ] INIT File
[ sql ] [ DB ] CONNECT:[ UseTime:0.463224s ] mysql:dbname=vue_cms_api;host=127.0.0.1;port=3306;charset=utf8
[ sql ] [ SQL ] SHOW COLUMNS FROM `think_news` [ RunTime:0.008368s ]
[ sql ] [ SQL ] SELECT * FROM `think_news` ORDER BY `id`  desc [ RunTime:0.004008s ]
[ sql ] [ SQL ] SELECT COUNT(*) AS tp_count FROM `think_news` LIMIT 1 [ RunTime:0.001544s ]
---------------------------------------------------------------
[ 2018-05-14T21:44:24+08:00 ] 127.0.0.1 127.0.0.1 GET /api/getnewslist
[ info ] www.vuecms.com/api/getnewslist [运行时间：0.806965s][吞吐率：1.24req/s] [内存消耗：1,660.49kb] [文件加载：36]
[ info ] [ LANG ] G:\phpstudy\PHPTutorial\WWW\VueCmsApi\thinkphp\lang\zh-cn.php
[ info ] [ ROUTE ] array (
  'type' => 'module',
  'module' => 
  array (
    0 => 'api',
    1 => 'Api',
    2 => 'getNewsList',
  ),
  'convert' => false,
)
[ info ] [ HEADER ] array (
  'host' => 'www.vuecms.com',
  'connection' => 'close',
  'accept' => 'application/json, text/plain, */*',
  'user-agent' => 'Mozilla/5.0 (iPhone; CPU iPhone OS 11_0 like Mac OS X) AppleWebKit/604.1.38 (KHTML, like Gecko) Version/11.0 Mobile/15A372 Safari/604.1',
  'referer' => 'http://localhost:8081/',
  'accept-encoding' => 'gzip, deflate, br',
  'accept-language' => 'zh-CN,zh;q=0.9',
  'cookie' => 'Pycharm-f3d843f3=9df3831e-8719-4ad7-84fb-2dfc2226a352',
)
[ info ] [ PARAM ] array (
)
[ info ] [ RUN ] app\api\controller\Api->getNewsList[ G:\phpstudy\PHPTutorial\WWW\VueCmsApi\application\api\controller\Api.php ]
[ info ] [ DB ] INIT mysql
[ info ] [ LOG ] INIT File
[ sql ] [ DB ] CONNECT:[ UseTime:0.413591s ] mysql:dbname=vue_cms_api;host=127.0.0.1;port=3306;charset=utf8
[ sql ] [ SQL ] SHOW COLUMNS FROM `think_news` [ RunTime:0.011642s ]
[ sql ] [ SQL ] SELECT * FROM `think_news` ORDER BY `id`  desc [ RunTime:0.005291s ]
[ sql ] [ SQL ] SELECT COUNT(*) AS tp_count FROM `think_news` LIMIT 1 [ RunTime:0.002551s ]
---------------------------------------------------------------
[ 2018-05-14T21:44:53+08:00 ] 127.0.0.1 127.0.0.1 GET /api/getnewslist
[ info ] www.vuecms.com/api/getnewslist [运行时间：0.207761s][吞吐率：4.81req/s] [内存消耗：1,660.49kb] [文件加载：36]
[ info ] [ LANG ] G:\phpstudy\PHPTutorial\WWW\VueCmsApi\thinkphp\lang\zh-cn.php
[ info ] [ ROUTE ] array (
  'type' => 'module',
  'module' => 
  array (
    0 => 'api',
    1 => 'Api',
    2 => 'getNewsList',
  ),
  'convert' => false,
)
[ info ] [ HEADER ] array (
  'host' => 'www.vuecms.com',
  'connection' => 'close',
  'accept' => 'application/json, text/plain, */*',
  'user-agent' => 'Mozilla/5.0 (iPhone; CPU iPhone OS 11_0 like Mac OS X) AppleWebKit/604.1.38 (KHTML, like Gecko) Version/11.0 Mobile/15A372 Safari/604.1',
  'referer' => 'http://localhost:8081/',
  'accept-encoding' => 'gzip, deflate, br',
  'accept-language' => 'zh-CN,zh;q=0.9',
  'cookie' => 'Pycharm-f3d843f3=9df3831e-8719-4ad7-84fb-2dfc2226a352',
)
[ info ] [ PARAM ] array (
)
[ info ] [ RUN ] app\api\controller\Api->getNewsList[ G:\phpstudy\PHPTutorial\WWW\VueCmsApi\application\api\controller\Api.php ]
[ info ] [ DB ] INIT mysql
[ info ] [ LOG ] INIT File
[ sql ] [ DB ] CONNECT:[ UseTime:0.022827s ] mysql:dbname=vue_cms_api;host=127.0.0.1;port=3306;charset=utf8
[ sql ] [ SQL ] SHOW COLUMNS FROM `think_news` [ RunTime:0.007190s ]
[ sql ] [ SQL ] SELECT * FROM `think_news` ORDER BY `id`  desc [ RunTime:0.004183s ]
[ sql ] [ SQL ] SELECT COUNT(*) AS tp_count FROM `think_news` LIMIT 1 [ RunTime:0.001768s ]
---------------------------------------------------------------
[ 2018-05-14T22:01:37+08:00 ] 127.0.0.1 127.0.0.1 GET /api/getnewslist
[ info ] www.vuecms.com/api/getnewslist [运行时间：0.618976s][吞吐率：1.62req/s] [内存消耗：1,660.49kb] [文件加载：36]
[ info ] [ LANG ] G:\phpstudy\PHPTutorial\WWW\VueCmsApi\thinkphp\lang\zh-cn.php
[ info ] [ ROUTE ] array (
  'type' => 'module',
  'module' => 
  array (
    0 => 'api',
    1 => 'Api',
    2 => 'getNewsList',
  ),
  'convert' => false,
)
[ info ] [ HEADER ] array (
  'host' => 'www.vuecms.com',
  'connection' => 'close',
  'accept' => 'application/json, text/plain, */*',
  'user-agent' => 'Mozilla/5.0 (iPhone; CPU iPhone OS 11_0 like Mac OS X) AppleWebKit/604.1.38 (KHTML, like Gecko) Version/11.0 Mobile/15A372 Safari/604.1',
  'referer' => 'http://localhost:8081/',
  'accept-encoding' => 'gzip, deflate, br',
  'accept-language' => 'zh-CN,zh;q=0.9',
  'cookie' => 'Pycharm-f3d843f3=9df3831e-8719-4ad7-84fb-2dfc2226a352',
)
[ info ] [ PARAM ] array (
)
[ info ] [ RUN ] app\api\controller\Api->getNewsList[ G:\phpstudy\PHPTutorial\WWW\VueCmsApi\application\api\controller\Api.php ]
[ info ] [ DB ] INIT mysql
[ info ] [ LOG ] INIT File
[ sql ] [ DB ] CONNECT:[ UseTime:0.314135s ] mysql:dbname=vue_cms_api;host=127.0.0.1;port=3306;charset=utf8
[ sql ] [ SQL ] SHOW COLUMNS FROM `think_news` [ RunTime:0.011412s ]
[ sql ] [ SQL ] SELECT * FROM `think_news` ORDER BY `id`  desc [ RunTime:0.004377s ]
[ sql ] [ SQL ] SELECT COUNT(*) AS tp_count FROM `think_news` LIMIT 1 [ RunTime:0.001826s ]
---------------------------------------------------------------
[ 2018-05-14T22:05:59+08:00 ] 127.0.0.1 127.0.0.1 GET /api/getswipe
[ info ] www.vuecms.com/api/getswipe [运行时间：0.293233s][吞吐率：3.41req/s] [内存消耗：1,562.77kb] [文件加载：36]
[ info ] [ LANG ] G:\phpstudy\PHPTutorial\WWW\VueCmsApi\thinkphp\lang\zh-cn.php
[ info ] [ ROUTE ] array (
  'type' => 'module',
  'module' => 
  array (
    0 => 'api',
    1 => 'Api',
    2 => 'getSwipe',
  ),
  'convert' => false,
)
[ info ] [ HEADER ] array (
  'host' => 'www.vuecms.com',
  'connection' => 'close',
  'accept' => 'application/json, text/plain, */*',
  'user-agent' => 'Mozilla/5.0 (iPhone; CPU iPhone OS 11_0 like Mac OS X) AppleWebKit/604.1.38 (KHTML, like Gecko) Version/11.0 Mobile/15A372 Safari/604.1',
  'referer' => 'http://localhost:8081/',
  'accept-encoding' => 'gzip, deflate, br',
  'accept-language' => 'zh-CN,zh;q=0.9',
  'cookie' => 'Pycharm-f3d843f3=9df3831e-8719-4ad7-84fb-2dfc2226a352',
)
[ info ] [ PARAM ] array (
)
[ info ] [ RUN ] app\api\controller\Api->getSwipe[ G:\phpstudy\PHPTutorial\WWW\VueCmsApi\application\api\controller\Api.php ]
[ info ] [ DB ] INIT mysql
[ info ] [ LOG ] INIT File
[ sql ] [ DB ] CONNECT:[ UseTime:0.012487s ] mysql:dbname=vue_cms_api;host=127.0.0.1;port=3306;charset=utf8
[ sql ] [ SQL ] SHOW COLUMNS FROM `think_swipe` [ RunTime:0.016343s ]
[ sql ] [ SQL ] SELECT * FROM `think_swipe` ORDER BY `id`  desc LIMIT 3 [ RunTime:0.013754s ]
[ sql ] [ SQL ] SELECT COUNT(*) AS tp_count FROM `think_swipe` LIMIT 1 [ RunTime:0.001276s ]
---------------------------------------------------------------
[ 2018-05-14T22:06:38+08:00 ] 127.0.0.1 127.0.0.1 GET /api/getnewslist
[ info ] www.vuecms.com/api/getnewslist [运行时间：0.212676s][吞吐率：4.70req/s] [内存消耗：1,660.49kb] [文件加载：36]
[ info ] [ LANG ] G:\phpstudy\PHPTutorial\WWW\VueCmsApi\thinkphp\lang\zh-cn.php
[ info ] [ ROUTE ] array (
  'type' => 'module',
  'module' => 
  array (
    0 => 'api',
    1 => 'Api',
    2 => 'getNewsList',
  ),
  'convert' => false,
)
[ info ] [ HEADER ] array (
  'host' => 'www.vuecms.com',
  'connection' => 'close',
  'accept' => 'application/json, text/plain, */*',
  'user-agent' => 'Mozilla/5.0 (iPhone; CPU iPhone OS 11_0 like Mac OS X) AppleWebKit/604.1.38 (KHTML, like Gecko) Version/11.0 Mobile/15A372 Safari/604.1',
  'referer' => 'http://localhost:8081/',
  'accept-encoding' => 'gzip, deflate, br',
  'accept-language' => 'zh-CN,zh;q=0.9',
  'cookie' => 'Pycharm-f3d843f3=9df3831e-8719-4ad7-84fb-2dfc2226a352',
)
[ info ] [ PARAM ] array (
)
[ info ] [ RUN ] app\api\controller\Api->getNewsList[ G:\phpstudy\PHPTutorial\WWW\VueCmsApi\application\api\controller\Api.php ]
[ info ] [ DB ] INIT mysql
[ info ] [ LOG ] INIT File
[ sql ] [ DB ] CONNECT:[ UseTime:0.013608s ] mysql:dbname=vue_cms_api;host=127.0.0.1;port=3306;charset=utf8
[ sql ] [ SQL ] SHOW COLUMNS FROM `think_news` [ RunTime:0.039882s ]
[ sql ] [ SQL ] SELECT * FROM `think_news` ORDER BY `id`  desc [ RunTime:0.021238s ]
[ sql ] [ SQL ] SELECT COUNT(*) AS tp_count FROM `think_news` LIMIT 1 [ RunTime:0.001906s ]
---------------------------------------------------------------
[ 2018-05-14T22:06:43+08:00 ] 127.0.0.1 127.0.0.1 GET /api/getswipe
[ info ] www.vuecms.com/api/getswipe [运行时间：0.257535s][吞吐率：3.88req/s] [内存消耗：1,562.77kb] [文件加载：36]
[ info ] [ LANG ] G:\phpstudy\PHPTutorial\WWW\VueCmsApi\thinkphp\lang\zh-cn.php
[ info ] [ ROUTE ] array (
  'type' => 'module',
  'module' => 
  array (
    0 => 'api',
    1 => 'Api',
    2 => 'getSwipe',
  ),
  'convert' => false,
)
[ info ] [ HEADER ] array (
  'host' => 'www.vuecms.com',
  'connection' => 'close',
  'accept' => 'application/json, text/plain, */*',
  'user-agent' => 'Mozilla/5.0 (iPhone; CPU iPhone OS 11_0 like Mac OS X) AppleWebKit/604.1.38 (KHTML, like Gecko) Version/11.0 Mobile/15A372 Safari/604.1',
  'referer' => 'http://localhost:8081/',
  'accept-encoding' => 'gzip, deflate, br',
  'accept-language' => 'zh-CN,zh;q=0.9',
  'cookie' => 'Pycharm-f3d843f3=9df3831e-8719-4ad7-84fb-2dfc2226a352',
)
[ info ] [ PARAM ] array (
)
[ info ] [ RUN ] app\api\controller\Api->getSwipe[ G:\phpstudy\PHPTutorial\WWW\VueCmsApi\application\api\controller\Api.php ]
[ info ] [ DB ] INIT mysql
[ info ] [ LOG ] INIT File
[ sql ] [ DB ] CONNECT:[ UseTime:0.050995s ] mysql:dbname=vue_cms_api;host=127.0.0.1;port=3306;charset=utf8
[ sql ] [ SQL ] SHOW COLUMNS FROM `think_swipe` [ RunTime:0.040285s ]
[ sql ] [ SQL ] SELECT * FROM `think_swipe` ORDER BY `id`  desc LIMIT 3 [ RunTime:0.001932s ]
[ sql ] [ SQL ] SELECT COUNT(*) AS tp_count FROM `think_swipe` LIMIT 1 [ RunTime:0.001864s ]
---------------------------------------------------------------
[ 2018-05-14T22:06:46+08:00 ] 127.0.0.1 127.0.0.1 GET /api/getnewslist
[ info ] www.vuecms.com/api/getnewslist [运行时间：0.330526s][吞吐率：3.03req/s] [内存消耗：1,660.49kb] [文件加载：36]
[ info ] [ LANG ] G:\phpstudy\PHPTutorial\WWW\VueCmsApi\thinkphp\lang\zh-cn.php
[ info ] [ ROUTE ] array (
  'type' => 'module',
  'module' => 
  array (
    0 => 'api',
    1 => 'Api',
    2 => 'getNewsList',
  ),
  'convert' => false,
)
[ info ] [ HEADER ] array (
  'host' => 'www.vuecms.com',
  'connection' => 'close',
  'accept' => 'application/json, text/plain, */*',
  'user-agent' => 'Mozilla/5.0 (iPhone; CPU iPhone OS 11_0 like Mac OS X) AppleWebKit/604.1.38 (KHTML, like Gecko) Version/11.0 Mobile/15A372 Safari/604.1',
  'referer' => 'http://localhost:8081/',
  'accept-encoding' => 'gzip, deflate, br',
  'accept-language' => 'zh-CN,zh;q=0.9',
  'cookie' => 'Pycharm-f3d843f3=9df3831e-8719-4ad7-84fb-2dfc2226a352',
)
[ info ] [ PARAM ] array (
)
[ info ] [ RUN ] app\api\controller\Api->getNewsList[ G:\phpstudy\PHPTutorial\WWW\VueCmsApi\application\api\controller\Api.php ]
[ info ] [ DB ] INIT mysql
[ info ] [ LOG ] INIT File
[ sql ] [ DB ] CONNECT:[ UseTime:0.072404s ] mysql:dbname=vue_cms_api;host=127.0.0.1;port=3306;charset=utf8
[ sql ] [ SQL ] SHOW COLUMNS FROM `think_news` [ RunTime:0.068764s ]
[ sql ] [ SQL ] SELECT * FROM `think_news` ORDER BY `id`  desc [ RunTime:0.017417s ]
[ sql ] [ SQL ] SELECT COUNT(*) AS tp_count FROM `think_news` LIMIT 1 [ RunTime:0.001659s ]
---------------------------------------------------------------
[ 2018-05-14T22:06:47+08:00 ] 127.0.0.1 127.0.0.1 GET /api/getswipe
[ info ] www.vuecms.com/api/getswipe [运行时间：0.198663s][吞吐率：5.03req/s] [内存消耗：1,562.77kb] [文件加载：36]
[ info ] [ LANG ] G:\phpstudy\PHPTutorial\WWW\VueCmsApi\thinkphp\lang\zh-cn.php
[ info ] [ ROUTE ] array (
  'type' => 'module',
  'module' => 
  array (
    0 => 'api',
    1 => 'Api',
    2 => 'getSwipe',
  ),
  'convert' => false,
)
[ info ] [ HEADER ] array (
  'host' => 'www.vuecms.com',
  'connection' => 'close',
  'accept' => 'application/json, text/plain, */*',
  'user-agent' => 'Mozilla/5.0 (iPhone; CPU iPhone OS 11_0 like Mac OS X) AppleWebKit/604.1.38 (KHTML, like Gecko) Version/11.0 Mobile/15A372 Safari/604.1',
  'referer' => 'http://localhost:8081/',
  'accept-encoding' => 'gzip, deflate, br',
  'accept-language' => 'zh-CN,zh;q=0.9',
  'cookie' => 'Pycharm-f3d843f3=9df3831e-8719-4ad7-84fb-2dfc2226a352',
)
[ info ] [ PARAM ] array (
)
[ info ] [ RUN ] app\api\controller\Api->getSwipe[ G:\phpstudy\PHPTutorial\WWW\VueCmsApi\application\api\controller\Api.php ]
[ info ] [ DB ] INIT mysql
[ info ] [ LOG ] INIT File
[ sql ] [ DB ] CONNECT:[ UseTime:0.018719s ] mysql:dbname=vue_cms_api;host=127.0.0.1;port=3306;charset=utf8
[ sql ] [ SQL ] SHOW COLUMNS FROM `think_swipe` [ RunTime:0.037495s ]
[ sql ] [ SQL ] SELECT * FROM `think_swipe` ORDER BY `id`  desc LIMIT 3 [ RunTime:0.013734s ]
[ sql ] [ SQL ] SELECT COUNT(*) AS tp_count FROM `think_swipe` LIMIT 1 [ RunTime:0.001398s ]
---------------------------------------------------------------
[ 2018-05-14T22:06:49+08:00 ] 127.0.0.1 127.0.0.1 GET /api/getnewslist
[ info ] www.vuecms.com/api/getnewslist [运行时间：0.233785s][吞吐率：4.28req/s] [内存消耗：1,660.49kb] [文件加载：36]
[ info ] [ LANG ] G:\phpstudy\PHPTutorial\WWW\VueCmsApi\thinkphp\lang\zh-cn.php
[ info ] [ ROUTE ] array (
  'type' => 'module',
  'module' => 
  array (
    0 => 'api',
    1 => 'Api',
    2 => 'getNewsList',
  ),
  'convert' => false,
)
[ info ] [ HEADER ] array (
  'host' => 'www.vuecms.com',
  'connection' => 'close',
  'accept' => 'application/json, text/plain, */*',
  'user-agent' => 'Mozilla/5.0 (iPhone; CPU iPhone OS 11_0 like Mac OS X) AppleWebKit/604.1.38 (KHTML, like Gecko) Version/11.0 Mobile/15A372 Safari/604.1',
  'referer' => 'http://localhost:8081/',
  'accept-encoding' => 'gzip, deflate, br',
  'accept-language' => 'zh-CN,zh;q=0.9',
  'cookie' => 'Pycharm-f3d843f3=9df3831e-8719-4ad7-84fb-2dfc2226a352',
)
[ info ] [ PARAM ] array (
)
[ info ] [ RUN ] app\api\controller\Api->getNewsList[ G:\phpstudy\PHPTutorial\WWW\VueCmsApi\application\api\controller\Api.php ]
[ info ] [ DB ] INIT mysql
[ info ] [ LOG ] INIT File
[ sql ] [ DB ] CONNECT:[ UseTime:0.070009s ] mysql:dbname=vue_cms_api;host=127.0.0.1;port=3306;charset=utf8
[ sql ] [ SQL ] SHOW COLUMNS FROM `think_news` [ RunTime:0.017005s ]
[ sql ] [ SQL ] SELECT * FROM `think_news` ORDER BY `id`  desc [ RunTime:0.004392s ]
[ sql ] [ SQL ] SELECT COUNT(*) AS tp_count FROM `think_news` LIMIT 1 [ RunTime:0.002105s ]
---------------------------------------------------------------
[ 2018-05-14T22:14:24+08:00 ] 127.0.0.1 127.0.0.1 GET /api/getswipe
[ info ] www.vuecms.com/api/getswipe [运行时间：0.459225s][吞吐率：2.18req/s] [内存消耗：1,566.30kb] [文件加载：36]
[ info ] [ LANG ] G:\phpstudy\PHPTutorial\WWW\VueCmsApi\thinkphp\lang\zh-cn.php
[ info ] [ ROUTE ] array (
  'type' => 'module',
  'module' => 
  array (
    0 => 'api',
    1 => 'Api',
    2 => 'getSwipe',
  ),
  'convert' => false,
)
[ info ] [ HEADER ] array (
  'cookie' => 'PHPSESSID=jmqjg5fusldf62hvh7n9v0bdg5; thinkphp_show_page_trace=0|0',
  'accept-language' => 'zh-CN,zh;q=0.9',
  'accept-encoding' => 'gzip, deflate',
  'accept' => 'text/html,application/xhtml+xml,application/xml;q=0.9,image/webp,image/apng,*/*;q=0.8',
  'user-agent' => 'Mozilla/5.0 (Windows NT 6.3; Win64; x64) AppleWebKit/537.36 (KHTML, like Gecko) Chrome/66.0.3359.117 Safari/537.36',
  'upgrade-insecure-requests' => '1',
  'connection' => 'close',
  'host' => 'www.vuecms.com',
)
[ info ] [ PARAM ] array (
)
[ info ] [ RUN ] app\api\controller\Api->getSwipe[ G:\phpstudy\PHPTutorial\WWW\VueCmsApi\application\api\controller\Api.php ]
[ info ] [ DB ] INIT mysql
[ info ] [ LOG ] INIT File
[ sql ] [ DB ] CONNECT:[ UseTime:0.203917s ] mysql:dbname=vue_cms_api;host=127.0.0.1;port=3306;charset=utf8
[ sql ] [ SQL ] SHOW COLUMNS FROM `think_swipe` [ RunTime:0.042748s ]
[ sql ] [ SQL ] SELECT * FROM `think_swipe` ORDER BY `id`  desc LIMIT 3 [ RunTime:0.013577s ]
[ sql ] [ SQL ] SELECT COUNT(*) AS tp_count FROM `think_swipe` LIMIT 1 [ RunTime:0.001339s ]
---------------------------------------------------------------
[ 2018-05-14T22:14:38+08:00 ] 127.0.0.1 127.0.0.1 GET /api/getnewsdetail?id=1
[ info ] www.vuecms.com/api/getnewsdetail?id=1 [运行时间：0.072282s][吞吐率：13.83req/s] [内存消耗：932.06kb] [文件加载：29]
[ info ] [ LANG ] G:\phpstudy\PHPTutorial\WWW\VueCmsApi\thinkphp\lang\zh-cn.php
[ info ] [ ROUTE ] array (
  'type' => 'module',
  'module' => 
  array (
    0 => 'api',
    1 => 'Api',
    2 => 'getNewsDetail',
  ),
  'convert' => false,
)
[ info ] [ HEADER ] array (
  'cookie' => 'PHPSESSID=jmqjg5fusldf62hvh7n9v0bdg5; thinkphp_show_page_trace=0|0',
  'accept-language' => 'zh-CN,zh;q=0.9',
  'accept-encoding' => 'gzip, deflate',
  'accept' => 'text/html,application/xhtml+xml,application/xml;q=0.9,image/webp,image/apng,*/*;q=0.8',
  'user-agent' => 'Mozilla/5.0 (Windows NT 6.3; Win64; x64) AppleWebKit/537.36 (KHTML, like Gecko) Chrome/66.0.3359.117 Safari/537.36',
  'upgrade-insecure-requests' => '1',
  'connection' => 'close',
  'host' => 'www.vuecms.com',
)
[ info ] [ PARAM ] array (
  'id' => '1',
)
[ info ] [ RUN ] app\api\controller\Api->getNewsDetail[ G:\phpstudy\PHPTutorial\WWW\VueCmsApi\application\api\controller\Api.php ]
[ info ] [ LOG ] INIT File
---------------------------------------------------------------
[ 2018-05-14T22:14:48+08:00 ] 127.0.0.1 127.0.0.1 GET /api/getnewsdetail?id=3
[ info ] www.vuecms.com/api/getnewsdetail?id=3 [运行时间：0.073825s][吞吐率：13.55req/s] [内存消耗：932.06kb] [文件加载：29]
[ info ] [ LANG ] G:\phpstudy\PHPTutorial\WWW\VueCmsApi\thinkphp\lang\zh-cn.php
[ info ] [ ROUTE ] array (
  'type' => 'module',
  'module' => 
  array (
    0 => 'api',
    1 => 'Api',
    2 => 'getNewsDetail',
  ),
  'convert' => false,
)
[ info ] [ HEADER ] array (
  'cookie' => 'PHPSESSID=jmqjg5fusldf62hvh7n9v0bdg5; thinkphp_show_page_trace=0|0',
  'accept-language' => 'zh-CN,zh;q=0.9',
  'accept-encoding' => 'gzip, deflate',
  'accept' => 'text/html,application/xhtml+xml,application/xml;q=0.9,image/webp,image/apng,*/*;q=0.8',
  'user-agent' => 'Mozilla/5.0 (Windows NT 6.3; Win64; x64) AppleWebKit/537.36 (KHTML, like Gecko) Chrome/66.0.3359.117 Safari/537.36',
  'upgrade-insecure-requests' => '1',
  'connection' => 'close',
  'host' => 'www.vuecms.com',
)
[ info ] [ PARAM ] array (
  'id' => '3',
)
[ info ] [ RUN ] app\api\controller\Api->getNewsDetail[ G:\phpstudy\PHPTutorial\WWW\VueCmsApi\application\api\controller\Api.php ]
[ info ] [ LOG ] INIT File
---------------------------------------------------------------
[ 2018-05-14T22:15:08+08:00 ] 127.0.0.1 127.0.0.1 GET /api/getnewsdetail?id=3
[ info ] www.vuecms.com/api/getnewsdetail?id=3 [运行时间：0.284935s][吞吐率：3.51req/s] [内存消耗：1,585.48kb] [文件加载：36]
[ info ] [ LANG ] G:\phpstudy\PHPTutorial\WWW\VueCmsApi\thinkphp\lang\zh-cn.php
[ info ] [ ROUTE ] array (
  'type' => 'module',
  'module' => 
  array (
    0 => 'api',
    1 => 'Api',
    2 => 'getNewsDetail',
  ),
  'convert' => false,
)
[ info ] [ HEADER ] array (
  'cookie' => 'PHPSESSID=jmqjg5fusldf62hvh7n9v0bdg5; thinkphp_show_page_trace=0|0',
  'accept-language' => 'zh-CN,zh;q=0.9',
  'accept-encoding' => 'gzip, deflate',
  'accept' => 'text/html,application/xhtml+xml,application/xml;q=0.9,image/webp,image/apng,*/*;q=0.8',
  'user-agent' => 'Mozilla/5.0 (Windows NT 6.3; Win64; x64) AppleWebKit/537.36 (KHTML, like Gecko) Chrome/66.0.3359.117 Safari/537.36',
  'upgrade-insecure-requests' => '1',
  'cache-control' => 'max-age=0',
  'connection' => 'close',
  'host' => 'www.vuecms.com',
)
[ info ] [ PARAM ] array (
  'id' => '3',
)
[ info ] [ RUN ] app\api\controller\Api->getNewsDetail[ G:\phpstudy\PHPTutorial\WWW\VueCmsApi\application\api\controller\Api.php ]
[ info ] [ DB ] INIT mysql
[ info ] [ LOG ] INIT File
[ sql ] [ DB ] CONNECT:[ UseTime:0.022033s ] mysql:dbname=vue_cms_api;host=127.0.0.1;port=3306;charset=utf8
[ sql ] [ SQL ] SHOW COLUMNS FROM `think_news` [ RunTime:0.039770s ]
[ sql ] [ SQL ] SELECT * FROM `think_news` WHERE  `id` = 3 LIMIT 1 [ RunTime:0.111449s ]
---------------------------------------------------------------
[ 2018-05-14T22:16:28+08:00 ] 127.0.0.1 127.0.0.1 GET /api/getnewsdetail/1
[ info ] www.vuecms.com/api/getnewsdetail/1 [运行时间：0.216166s][吞吐率：4.63req/s] [内存消耗：901.70kb] [文件加载：32]
[ info ] [ LANG ] G:\phpstudy\PHPTutorial\WWW\VueCmsApi\thinkphp\lang\zh-cn.php
[ info ] [ ROUTE ] array (
  'type' => 'module',
  'module' => 
  array (
    0 => 'Api',
    1 => 'getNewsDetail',
    2 => '1',
  ),
  'convert' => false,
)
[ info ] [ HEADER ] array (
  'cookie' => 'PHPSESSID=jmqjg5fusldf62hvh7n9v0bdg5; thinkphp_show_page_trace=0|0',
  'accept-language' => 'zh-CN,zh;q=0.9',
  'accept-encoding' => 'gzip, deflate',
  'accept' => 'text/html,application/xhtml+xml,application/xml;q=0.9,image/webp,image/apng,*/*;q=0.8',
  'user-agent' => 'Mozilla/5.0 (Windows NT 6.3; Win64; x64) AppleWebKit/537.36 (KHTML, like Gecko) Chrome/66.0.3359.117 Safari/537.36',
  'upgrade-insecure-requests' => '1',
  'connection' => 'close',
  'host' => 'www.vuecms.com',
)
[ info ] [ PARAM ] array (
  'id' => '1',
)
[ info ] [ LOG ] INIT File
---------------------------------------------------------------
[ 2018-05-14T22:16:52+08:00 ] 127.0.0.1 127.0.0.1 GET /api/getnewsdetail/1
[ info ] www.vuecms.com/api/getnewsdetail/1 [运行时间：0.105866s][吞吐率：9.45req/s] [内存消耗：900.32kb] [文件加载：32]
[ info ] [ LANG ] G:\phpstudy\PHPTutorial\WWW\VueCmsApi\thinkphp\lang\zh-cn.php
[ info ] [ ROUTE ] array (
  'type' => 'module',
  'module' => 
  array (
    0 => 'api',
    1 => 'getnewsdetail',
    2 => '1',
  ),
)
[ info ] [ HEADER ] array (
  'cookie' => 'thinkphp_show_page_trace=0|0; PHPSESSID=jmqjg5fusldf62hvh7n9v0bdg5; thinkphp_show_page_trace=0|0',
  'accept-language' => 'zh-CN,zh;q=0.9',
  'accept-encoding' => 'gzip, deflate',
  'accept' => 'text/html,application/xhtml+xml,application/xml;q=0.9,image/webp,image/apng,*/*;q=0.8',
  'user-agent' => 'Mozilla/5.0 (Windows NT 6.3; Win64; x64) AppleWebKit/537.36 (KHTML, like Gecko) Chrome/66.0.3359.117 Safari/537.36',
  'upgrade-insecure-requests' => '1',
  'cache-control' => 'max-age=0',
  'connection' => 'close',
  'host' => 'www.vuecms.com',
)
[ info ] [ PARAM ] array (
)
[ info ] [ LOG ] INIT File
---------------------------------------------------------------
[ 2018-05-14T22:19:59+08:00 ] 127.0.0.1 127.0.0.1 GET /api/getnewsdetail/1
[ info ] www.vuecms.com/api/getnewsdetail/1 [运行时间：0.227160s][吞吐率：4.40req/s] [内存消耗：1,577.89kb] [文件加载：36]
[ info ] [ LANG ] G:\phpstudy\PHPTutorial\WWW\VueCmsApi\thinkphp\lang\zh-cn.php
[ info ] [ ROUTE ] array (
  'type' => 'module',
  'module' => 
  array (
    0 => 'api',
    1 => 'Api',
    2 => 'getNewsDetail',
  ),
  'convert' => false,
)
[ info ] [ HEADER ] array (
  'cookie' => 'thinkphp_show_page_trace=0|0; PHPSESSID=jmqjg5fusldf62hvh7n9v0bdg5; thinkphp_show_page_trace=0|0',
  'accept-language' => 'zh-CN,zh;q=0.9',
  'accept-encoding' => 'gzip, deflate',
  'accept' => 'text/html,application/xhtml+xml,application/xml;q=0.9,image/webp,image/apng,*/*;q=0.8',
  'user-agent' => 'Mozilla/5.0 (Windows NT 6.3; Win64; x64) AppleWebKit/537.36 (KHTML, like Gecko) Chrome/66.0.3359.117 Safari/537.36',
  'upgrade-insecure-requests' => '1',
  'cache-control' => 'max-age=0',
  'connection' => 'close',
  'host' => 'www.vuecms.com',
)
[ info ] [ PARAM ] array (
  'id' => '1',
)
[ info ] [ RUN ] app\api\controller\Api->getNewsDetail[ G:\phpstudy\PHPTutorial\WWW\VueCmsApi\application\api\controller\Api.php ]
[ info ] [ DB ] INIT mysql
[ info ] [ LOG ] INIT File
[ sql ] [ DB ] CONNECT:[ UseTime:0.032252s ] mysql:dbname=vue_cms_api;host=127.0.0.1;port=3306;charset=utf8
[ sql ] [ SQL ] SHOW COLUMNS FROM `think_news` [ RunTime:0.015718s ]
[ sql ] [ SQL ] SELECT * FROM `think_news` WHERE  `id` = 1 LIMIT 1 [ RunTime:0.035760s ]
---------------------------------------------------------------
[ 2018-05-14T22:27:41+08:00 ] 127.0.0.1 127.0.0.1 GET /api/getnewslist
[ info ] www.vuecms.com/api/getnewslist [运行时间：0.587558s][吞吐率：1.70req/s] [内存消耗：1,663.82kb] [文件加载：36]
[ info ] [ LANG ] G:\phpstudy\PHPTutorial\WWW\VueCmsApi\thinkphp\lang\zh-cn.php
[ info ] [ ROUTE ] array (
  'type' => 'module',
  'module' => 
  array (
    0 => 'api',
    1 => 'Api',
    2 => 'getNewsList',
  ),
  'convert' => false,
)
[ info ] [ HEADER ] array (
  'host' => 'www.vuecms.com',
  'connection' => 'close',
  'accept' => 'application/json, text/plain, */*',
  'user-agent' => 'Mozilla/5.0 (iPhone; CPU iPhone OS 11_0 like Mac OS X) AppleWebKit/604.1.38 (KHTML, like Gecko) Version/11.0 Mobile/15A372 Safari/604.1',
  'referer' => 'http://localhost:8081/',
  'accept-encoding' => 'gzip, deflate, br',
  'accept-language' => 'zh-CN,zh;q=0.9',
  'cookie' => 'Pycharm-f3d843f3=9df3831e-8719-4ad7-84fb-2dfc2226a352',
)
[ info ] [ PARAM ] array (
)
[ info ] [ RUN ] app\api\controller\Api->getNewsList[ G:\phpstudy\PHPTutorial\WWW\VueCmsApi\application\api\controller\Api.php ]
[ info ] [ DB ] INIT mysql
[ info ] [ LOG ] INIT File
[ sql ] [ DB ] CONNECT:[ UseTime:0.233691s ] mysql:dbname=vue_cms_api;host=127.0.0.1;port=3306;charset=utf8
[ sql ] [ SQL ] SHOW COLUMNS FROM `think_news` [ RunTime:0.150704s ]
[ sql ] [ SQL ] SELECT * FROM `think_news` ORDER BY `id`  desc [ RunTime:0.015719s ]
[ sql ] [ SQL ] SELECT COUNT(*) AS tp_count FROM `think_news` LIMIT 1 [ RunTime:0.001935s ]
---------------------------------------------------------------
[ 2018-05-14T22:35:45+08:00 ] 127.0.0.1 127.0.0.1 GET /api/getnewsdetail10
[ info ] www.vuecms.com/api/getnewsdetail10 [运行时间：0.150758s][吞吐率：6.63req/s] [内存消耗：858.41kb] [文件加载：29]
[ info ] [ LANG ] G:\phpstudy\PHPTutorial\WWW\VueCmsApi\thinkphp\lang\zh-cn.php
[ info ] [ ROUTE ] array (
  'type' => 'module',
  'module' => 
  array (
    0 => 'api',
    1 => 'getnewsdetail10',
    2 => NULL,
  ),
)
[ info ] [ HEADER ] array (
  'host' => 'www.vuecms.com',
  'connection' => 'close',
  'accept' => 'application/json, text/plain, */*',
  'user-agent' => 'Mozilla/5.0 (iPhone; CPU iPhone OS 11_0 like Mac OS X) AppleWebKit/604.1.38 (KHTML, like Gecko) Version/11.0 Mobile/15A372 Safari/604.1',
  'referer' => 'http://localhost:8081/',
  'accept-encoding' => 'gzip, deflate, br',
  'accept-language' => 'zh-CN,zh;q=0.9',
  'cookie' => 'Pycharm-f3d843f3=9df3831e-8719-4ad7-84fb-2dfc2226a352',
)
[ info ] [ PARAM ] array (
)
[ info ] [ LOG ] INIT File
---------------------------------------------------------------
[ 2018-05-14T22:36:29+08:00 ] 127.0.0.1 127.0.0.1 GET /api/getnewsdetail?id=10
[ info ] www.vuecms.com/api/getnewsdetail?id=10 [运行时间：0.079766s][吞吐率：12.54req/s] [内存消耗：858.87kb] [文件加载：29]
[ info ] [ LANG ] G:\phpstudy\PHPTutorial\WWW\VueCmsApi\thinkphp\lang\zh-cn.php
[ info ] [ ROUTE ] array (
  'type' => 'module',
  'module' => 
  array (
    0 => 'api',
    1 => 'getnewsdetail',
    2 => NULL,
  ),
)
[ info ] [ HEADER ] array (
  'host' => 'www.vuecms.com',
  'connection' => 'close',
  'accept' => 'application/json, text/plain, */*',
  'user-agent' => 'Mozilla/5.0 (iPhone; CPU iPhone OS 11_0 like Mac OS X) AppleWebKit/604.1.38 (KHTML, like Gecko) Version/11.0 Mobile/15A372 Safari/604.1',
  'referer' => 'http://localhost:8081/',
  'accept-encoding' => 'gzip, deflate, br',
  'accept-language' => 'zh-CN,zh;q=0.9',
  'cookie' => 'Pycharm-f3d843f3=9df3831e-8719-4ad7-84fb-2dfc2226a352',
)
[ info ] [ PARAM ] array (
  'id' => '10',
)
[ info ] [ LOG ] INIT File
---------------------------------------------------------------
[ 2018-05-14T22:36:37+08:00 ] 127.0.0.1 127.0.0.1 GET /api/getnewsdetail?id=10
[ info ] www.vuecms.com/api/getnewsdetail?id=10 [运行时间：0.138179s][吞吐率：7.24req/s] [内存消耗：858.87kb] [文件加载：29]
[ info ] [ LANG ] G:\phpstudy\PHPTutorial\WWW\VueCmsApi\thinkphp\lang\zh-cn.php
[ info ] [ ROUTE ] array (
  'type' => 'module',
  'module' => 
  array (
    0 => 'api',
    1 => 'getnewsdetail',
    2 => NULL,
  ),
)
[ info ] [ HEADER ] array (
  'host' => 'www.vuecms.com',
  'connection' => 'close',
  'accept' => 'application/json, text/plain, */*',
  'user-agent' => 'Mozilla/5.0 (iPhone; CPU iPhone OS 11_0 like Mac OS X) AppleWebKit/604.1.38 (KHTML, like Gecko) Version/11.0 Mobile/15A372 Safari/604.1',
  'referer' => 'http://localhost:8081/',
  'accept-encoding' => 'gzip, deflate, br',
  'accept-language' => 'zh-CN,zh;q=0.9',
  'cookie' => 'Pycharm-f3d843f3=9df3831e-8719-4ad7-84fb-2dfc2226a352',
)
[ info ] [ PARAM ] array (
  'id' => '10',
)
[ info ] [ LOG ] INIT File
---------------------------------------------------------------
[ 2018-05-14T22:37:13+08:00 ] 127.0.0.1 127.0.0.1 GET /api/getnewsdetail/10
[ info ] www.vuecms.com/api/getnewsdetail/10 [运行时间：0.390964s][吞吐率：2.56req/s] [内存消耗：1,575.13kb] [文件加载：36]
[ info ] [ LANG ] G:\phpstudy\PHPTutorial\WWW\VueCmsApi\thinkphp\lang\zh-cn.php
[ info ] [ ROUTE ] array (
  'type' => 'module',
  'module' => 
  array (
    0 => 'api',
    1 => 'Api',
    2 => 'getNewsDetail',
  ),
  'convert' => false,
)
[ info ] [ HEADER ] array (
  'host' => 'www.vuecms.com',
  'connection' => 'close',
  'accept' => 'application/json, text/plain, */*',
  'user-agent' => 'Mozilla/5.0 (iPhone; CPU iPhone OS 11_0 like Mac OS X) AppleWebKit/604.1.38 (KHTML, like Gecko) Version/11.0 Mobile/15A372 Safari/604.1',
  'referer' => 'http://localhost:8081/',
  'accept-encoding' => 'gzip, deflate, br',
  'accept-language' => 'zh-CN,zh;q=0.9',
  'cookie' => 'Pycharm-f3d843f3=9df3831e-8719-4ad7-84fb-2dfc2226a352',
)
[ info ] [ PARAM ] array (
  'id' => '10',
)
[ info ] [ RUN ] app\api\controller\Api->getNewsDetail[ G:\phpstudy\PHPTutorial\WWW\VueCmsApi\application\api\controller\Api.php ]
[ info ] [ DB ] INIT mysql
[ info ] [ LOG ] INIT File
[ sql ] [ DB ] CONNECT:[ UseTime:0.157578s ] mysql:dbname=vue_cms_api;host=127.0.0.1;port=3306;charset=utf8
[ sql ] [ SQL ] SHOW COLUMNS FROM `think_news` [ RunTime:0.083245s ]
[ sql ] [ SQL ] SELECT * FROM `think_news` WHERE  `id` = 10 LIMIT 1 [ RunTime:0.014803s ]
---------------------------------------------------------------
[ 2018-05-14T22:38:23+08:00 ] 127.0.0.1 127.0.0.1 GET /api/getnewsdetail/10
[ info ] www.vuecms.com/api/getnewsdetail/10 [运行时间：0.332763s][吞吐率：3.01req/s] [内存消耗：1,575.13kb] [文件加载：36]
[ info ] [ LANG ] G:\phpstudy\PHPTutorial\WWW\VueCmsApi\thinkphp\lang\zh-cn.php
[ info ] [ ROUTE ] array (
  'type' => 'module',
  'module' => 
  array (
    0 => 'api',
    1 => 'Api',
    2 => 'getNewsDetail',
  ),
  'convert' => false,
)
[ info ] [ HEADER ] array (
  'host' => 'www.vuecms.com',
  'connection' => 'close',
  'accept' => 'application/json, text/plain, */*',
  'user-agent' => 'Mozilla/5.0 (iPhone; CPU iPhone OS 11_0 like Mac OS X) AppleWebKit/604.1.38 (KHTML, like Gecko) Version/11.0 Mobile/15A372 Safari/604.1',
  'referer' => 'http://localhost:8081/',
  'accept-encoding' => 'gzip, deflate, br',
  'accept-language' => 'zh-CN,zh;q=0.9',
  'cookie' => 'Pycharm-f3d843f3=9df3831e-8719-4ad7-84fb-2dfc2226a352',
)
[ info ] [ PARAM ] array (
  'id' => '10',
)
[ info ] [ RUN ] app\api\controller\Api->getNewsDetail[ G:\phpstudy\PHPTutorial\WWW\VueCmsApi\application\api\controller\Api.php ]
[ info ] [ DB ] INIT mysql
[ info ] [ LOG ] INIT File
[ sql ] [ DB ] CONNECT:[ UseTime:0.044467s ] mysql:dbname=vue_cms_api;host=127.0.0.1;port=3306;charset=utf8
[ sql ] [ SQL ] SHOW COLUMNS FROM `think_news` [ RunTime:0.105953s ]
[ sql ] [ SQL ] SELECT * FROM `think_news` WHERE  `id` = 10 LIMIT 1 [ RunTime:0.009998s ]
---------------------------------------------------------------
[ 2018-05-14T22:38:31+08:00 ] 127.0.0.1 127.0.0.1 GET /api/getnewsdetail/10
[ info ] www.vuecms.com/api/getnewsdetail/10 [运行时间：0.239044s][吞吐率：4.18req/s] [内存消耗：1,575.13kb] [文件加载：36]
[ info ] [ LANG ] G:\phpstudy\PHPTutorial\WWW\VueCmsApi\thinkphp\lang\zh-cn.php
[ info ] [ ROUTE ] array (
  'type' => 'module',
  'module' => 
  array (
    0 => 'api',
    1 => 'Api',
    2 => 'getNewsDetail',
  ),
  'convert' => false,
)
[ info ] [ HEADER ] array (
  'host' => 'www.vuecms.com',
  'connection' => 'close',
  'accept' => 'application/json, text/plain, */*',
  'user-agent' => 'Mozilla/5.0 (iPhone; CPU iPhone OS 11_0 like Mac OS X) AppleWebKit/604.1.38 (KHTML, like Gecko) Version/11.0 Mobile/15A372 Safari/604.1',
  'referer' => 'http://localhost:8081/',
  'accept-encoding' => 'gzip, deflate, br',
  'accept-language' => 'zh-CN,zh;q=0.9',
  'cookie' => 'Pycharm-f3d843f3=9df3831e-8719-4ad7-84fb-2dfc2226a352',
)
[ info ] [ PARAM ] array (
  'id' => '10',
)
[ info ] [ RUN ] app\api\controller\Api->getNewsDetail[ G:\phpstudy\PHPTutorial\WWW\VueCmsApi\application\api\controller\Api.php ]
[ info ] [ DB ] INIT mysql
[ info ] [ LOG ] INIT File
[ sql ] [ DB ] CONNECT:[ UseTime:0.025102s ] mysql:dbname=vue_cms_api;host=127.0.0.1;port=3306;charset=utf8
[ sql ] [ SQL ] SHOW COLUMNS FROM `think_news` [ RunTime:0.071209s ]
[ sql ] [ SQL ] SELECT * FROM `think_news` WHERE  `id` = 10 LIMIT 1 [ RunTime:0.014159s ]
---------------------------------------------------------------
[ 2018-05-14T22:38:53+08:00 ] 127.0.0.1 127.0.0.1 GET /api/getnewsdetail/10
[ info ] www.vuecms.com/api/getnewsdetail/10 [运行时间：0.252871s][吞吐率：3.95req/s] [内存消耗：1,575.13kb] [文件加载：36]
[ info ] [ LANG ] G:\phpstudy\PHPTutorial\WWW\VueCmsApi\thinkphp\lang\zh-cn.php
[ info ] [ ROUTE ] array (
  'type' => 'module',
  'module' => 
  array (
    0 => 'api',
    1 => 'Api',
    2 => 'getNewsDetail',
  ),
  'convert' => false,
)
[ info ] [ HEADER ] array (
  'host' => 'www.vuecms.com',
  'connection' => 'close',
  'accept' => 'application/json, text/plain, */*',
  'user-agent' => 'Mozilla/5.0 (iPhone; CPU iPhone OS 11_0 like Mac OS X) AppleWebKit/604.1.38 (KHTML, like Gecko) Version/11.0 Mobile/15A372 Safari/604.1',
  'referer' => 'http://localhost:8081/',
  'accept-encoding' => 'gzip, deflate, br',
  'accept-language' => 'zh-CN,zh;q=0.9',
  'cookie' => 'Pycharm-f3d843f3=9df3831e-8719-4ad7-84fb-2dfc2226a352',
)
[ info ] [ PARAM ] array (
  'id' => '10',
)
[ info ] [ RUN ] app\api\controller\Api->getNewsDetail[ G:\phpstudy\PHPTutorial\WWW\VueCmsApi\application\api\controller\Api.php ]
[ info ] [ DB ] INIT mysql
[ info ] [ LOG ] INIT File
[ sql ] [ DB ] CONNECT:[ UseTime:0.034314s ] mysql:dbname=vue_cms_api;host=127.0.0.1;port=3306;charset=utf8
[ sql ] [ SQL ] SHOW COLUMNS FROM `think_news` [ RunTime:0.041899s ]
[ sql ] [ SQL ] SELECT * FROM `think_news` WHERE  `id` = 10 LIMIT 1 [ RunTime:0.030276s ]
---------------------------------------------------------------
[ 2018-05-14T22:38:57+08:00 ] 127.0.0.1 127.0.0.1 GET /api/getnewsdetail/10
[ info ] www.vuecms.com/api/getnewsdetail/10 [运行时间：0.319691s][吞吐率：3.13req/s] [内存消耗：1,575.13kb] [文件加载：36]
[ info ] [ LANG ] G:\phpstudy\PHPTutorial\WWW\VueCmsApi\thinkphp\lang\zh-cn.php
[ info ] [ ROUTE ] array (
  'type' => 'module',
  'module' => 
  array (
    0 => 'api',
    1 => 'Api',
    2 => 'getNewsDetail',
  ),
  'convert' => false,
)
[ info ] [ HEADER ] array (
  'host' => 'www.vuecms.com',
  'connection' => 'close',
  'accept' => 'application/json, text/plain, */*',
  'user-agent' => 'Mozilla/5.0 (iPhone; CPU iPhone OS 11_0 like Mac OS X) AppleWebKit/604.1.38 (KHTML, like Gecko) Version/11.0 Mobile/15A372 Safari/604.1',
  'referer' => 'http://localhost:8081/',
  'accept-encoding' => 'gzip, deflate, br',
  'accept-language' => 'zh-CN,zh;q=0.9',
  'cookie' => 'Pycharm-f3d843f3=9df3831e-8719-4ad7-84fb-2dfc2226a352',
)
[ info ] [ PARAM ] array (
  'id' => '10',
)
[ info ] [ RUN ] app\api\controller\Api->getNewsDetail[ G:\phpstudy\PHPTutorial\WWW\VueCmsApi\application\api\controller\Api.php ]
[ info ] [ DB ] INIT mysql
[ info ] [ LOG ] INIT File
[ sql ] [ DB ] CONNECT:[ UseTime:0.020603s ] mysql:dbname=vue_cms_api;host=127.0.0.1;port=3306;charset=utf8
[ sql ] [ SQL ] SHOW COLUMNS FROM `think_news` [ RunTime:0.133440s ]
[ sql ] [ SQL ] SELECT * FROM `think_news` WHERE  `id` = 10 LIMIT 1 [ RunTime:0.032119s ]
---------------------------------------------------------------
[ 2018-05-14T22:39:05+08:00 ] 127.0.0.1 127.0.0.1 GET /api/getnewsdetail/10
[ info ] www.vuecms.com/api/getnewsdetail/10 [运行时间：0.251137s][吞吐率：3.98req/s] [内存消耗：1,575.13kb] [文件加载：36]
[ info ] [ LANG ] G:\phpstudy\PHPTutorial\WWW\VueCmsApi\thinkphp\lang\zh-cn.php
[ info ] [ ROUTE ] array (
  'type' => 'module',
  'module' => 
  array (
    0 => 'api',
    1 => 'Api',
    2 => 'getNewsDetail',
  ),
  'convert' => false,
)
[ info ] [ HEADER ] array (
  'host' => 'www.vuecms.com',
  'connection' => 'close',
  'accept' => 'application/json, text/plain, */*',
  'user-agent' => 'Mozilla/5.0 (iPhone; CPU iPhone OS 11_0 like Mac OS X) AppleWebKit/604.1.38 (KHTML, like Gecko) Version/11.0 Mobile/15A372 Safari/604.1',
  'referer' => 'http://localhost:8081/',
  'accept-encoding' => 'gzip, deflate, br',
  'accept-language' => 'zh-CN,zh;q=0.9',
  'cookie' => 'Pycharm-f3d843f3=9df3831e-8719-4ad7-84fb-2dfc2226a352',
)
[ info ] [ PARAM ] array (
  'id' => '10',
)
[ info ] [ RUN ] app\api\controller\Api->getNewsDetail[ G:\phpstudy\PHPTutorial\WWW\VueCmsApi\application\api\controller\Api.php ]
[ info ] [ DB ] INIT mysql
[ info ] [ LOG ] INIT File
[ sql ] [ DB ] CONNECT:[ UseTime:0.028856s ] mysql:dbname=vue_cms_api;host=127.0.0.1;port=3306;charset=utf8
[ sql ] [ SQL ] SHOW COLUMNS FROM `think_news` [ RunTime:0.046823s ]
[ sql ] [ SQL ] SELECT * FROM `think_news` WHERE  `id` = 10 LIMIT 1 [ RunTime:0.011845s ]
---------------------------------------------------------------
[ 2018-05-14T22:41:41+08:00 ] 127.0.0.1 127.0.0.1 GET /api/getnewsdetail/10
[ info ] www.vuecms.com/api/getnewsdetail/10 [运行时间：0.281176s][吞吐率：3.56req/s] [内存消耗：1,575.13kb] [文件加载：36]
[ info ] [ LANG ] G:\phpstudy\PHPTutorial\WWW\VueCmsApi\thinkphp\lang\zh-cn.php
[ info ] [ ROUTE ] array (
  'type' => 'module',
  'module' => 
  array (
    0 => 'api',
    1 => 'Api',
    2 => 'getNewsDetail',
  ),
  'convert' => false,
)
[ info ] [ HEADER ] array (
  'host' => 'www.vuecms.com',
  'connection' => 'close',
  'accept' => 'application/json, text/plain, */*',
  'user-agent' => 'Mozilla/5.0 (iPhone; CPU iPhone OS 11_0 like Mac OS X) AppleWebKit/604.1.38 (KHTML, like Gecko) Version/11.0 Mobile/15A372 Safari/604.1',
  'referer' => 'http://localhost:8081/',
  'accept-encoding' => 'gzip, deflate, br',
  'accept-language' => 'zh-CN,zh;q=0.9',
  'cookie' => 'Pycharm-f3d843f3=9df3831e-8719-4ad7-84fb-2dfc2226a352',
)
[ info ] [ PARAM ] array (
  'id' => '10',
)
[ info ] [ RUN ] app\api\controller\Api->getNewsDetail[ G:\phpstudy\PHPTutorial\WWW\VueCmsApi\application\api\controller\Api.php ]
[ info ] [ DB ] INIT mysql
[ info ] [ LOG ] INIT File
[ sql ] [ DB ] CONNECT:[ UseTime:0.027873s ] mysql:dbname=vue_cms_api;host=127.0.0.1;port=3306;charset=utf8
[ sql ] [ SQL ] SHOW COLUMNS FROM `think_news` [ RunTime:0.058227s ]
[ sql ] [ SQL ] SELECT * FROM `think_news` WHERE  `id` = 10 LIMIT 1 [ RunTime:0.001897s ]
---------------------------------------------------------------
[ 2018-05-14T22:43:25+08:00 ] 127.0.0.1 127.0.0.1 GET /api/getnewsdetail/10
[ info ] www.vuecms.com/api/getnewsdetail/10 [运行时间：0.759821s][吞吐率：1.32req/s] [内存消耗：1,575.13kb] [文件加载：36]
[ info ] [ LANG ] G:\phpstudy\PHPTutorial\WWW\VueCmsApi\thinkphp\lang\zh-cn.php
[ info ] [ ROUTE ] array (
  'type' => 'module',
  'module' => 
  array (
    0 => 'api',
    1 => 'Api',
    2 => 'getNewsDetail',
  ),
  'convert' => false,
)
[ info ] [ HEADER ] array (
  'host' => 'www.vuecms.com',
  'connection' => 'close',
  'accept' => 'application/json, text/plain, */*',
  'user-agent' => 'Mozilla/5.0 (iPhone; CPU iPhone OS 11_0 like Mac OS X) AppleWebKit/604.1.38 (KHTML, like Gecko) Version/11.0 Mobile/15A372 Safari/604.1',
  'referer' => 'http://localhost:8081/',
  'accept-encoding' => 'gzip, deflate, br',
  'accept-language' => 'zh-CN,zh;q=0.9',
  'cookie' => 'Pycharm-f3d843f3=9df3831e-8719-4ad7-84fb-2dfc2226a352',
)
[ info ] [ PARAM ] array (
  'id' => '10',
)
[ info ] [ RUN ] app\api\controller\Api->getNewsDetail[ G:\phpstudy\PHPTutorial\WWW\VueCmsApi\application\api\controller\Api.php ]
[ info ] [ DB ] INIT mysql
[ info ] [ LOG ] INIT File
[ sql ] [ DB ] CONNECT:[ UseTime:0.472603s ] mysql:dbname=vue_cms_api;host=127.0.0.1;port=3306;charset=utf8
[ sql ] [ SQL ] SHOW COLUMNS FROM `think_news` [ RunTime:0.057349s ]
[ sql ] [ SQL ] SELECT * FROM `think_news` WHERE  `id` = 10 LIMIT 1 [ RunTime:0.008430s ]
---------------------------------------------------------------
[ 2018-05-14T22:45:17+08:00 ] 127.0.0.1 127.0.0.1 GET /api/getnewslist
[ info ] www.vuecms.com/api/getnewslist [运行时间：0.487737s][吞吐率：2.05req/s] [内存消耗：1,663.82kb] [文件加载：36]
[ info ] [ LANG ] G:\phpstudy\PHPTutorial\WWW\VueCmsApi\thinkphp\lang\zh-cn.php
[ info ] [ ROUTE ] array (
  'type' => 'module',
  'module' => 
  array (
    0 => 'api',
    1 => 'Api',
    2 => 'getNewsList',
  ),
  'convert' => false,
)
[ info ] [ HEADER ] array (
  'host' => 'www.vuecms.com',
  'connection' => 'close',
  'accept' => 'application/json, text/plain, */*',
  'user-agent' => 'Mozilla/5.0 (iPhone; CPU iPhone OS 11_0 like Mac OS X) AppleWebKit/604.1.38 (KHTML, like Gecko) Version/11.0 Mobile/15A372 Safari/604.1',
  'referer' => 'http://localhost:8081/',
  'accept-encoding' => 'gzip, deflate, br',
  'accept-language' => 'zh-CN,zh;q=0.9',
  'cookie' => 'Pycharm-f3d843f3=9df3831e-8719-4ad7-84fb-2dfc2226a352',
)
[ info ] [ PARAM ] array (
)
[ info ] [ RUN ] app\api\controller\Api->getNewsList[ G:\phpstudy\PHPTutorial\WWW\VueCmsApi\application\api\controller\Api.php ]
[ info ] [ DB ] INIT mysql
[ info ] [ LOG ] INIT File
[ sql ] [ DB ] CONNECT:[ UseTime:0.034981s ] mysql:dbname=vue_cms_api;host=127.0.0.1;port=3306;charset=utf8
[ sql ] [ SQL ] SHOW COLUMNS FROM `think_news` [ RunTime:0.220547s ]
[ sql ] [ SQL ] SELECT * FROM `think_news` ORDER BY `id`  desc [ RunTime:0.044472s ]
[ sql ] [ SQL ] SELECT COUNT(*) AS tp_count FROM `think_news` LIMIT 1 [ RunTime:0.002213s ]
---------------------------------------------------------------
[ 2018-05-14T22:45:20+08:00 ] 127.0.0.1 127.0.0.1 GET /api/getnewsdetail/9
[ info ] www.vuecms.com/api/getnewsdetail/9 [运行时间：0.345111s][吞吐率：2.90req/s] [内存消耗：1,585.11kb] [文件加载：36]
[ info ] [ LANG ] G:\phpstudy\PHPTutorial\WWW\VueCmsApi\thinkphp\lang\zh-cn.php
[ info ] [ ROUTE ] array (
  'type' => 'module',
  'module' => 
  array (
    0 => 'api',
    1 => 'Api',
    2 => 'getNewsDetail',
  ),
  'convert' => false,
)
[ info ] [ HEADER ] array (
  'host' => 'www.vuecms.com',
  'connection' => 'close',
  'accept' => 'application/json, text/plain, */*',
  'user-agent' => 'Mozilla/5.0 (iPhone; CPU iPhone OS 11_0 like Mac OS X) AppleWebKit/604.1.38 (KHTML, like Gecko) Version/11.0 Mobile/15A372 Safari/604.1',
  'referer' => 'http://localhost:8081/',
  'accept-encoding' => 'gzip, deflate, br',
  'accept-language' => 'zh-CN,zh;q=0.9',
  'cookie' => 'Pycharm-f3d843f3=9df3831e-8719-4ad7-84fb-2dfc2226a352',
)
[ info ] [ PARAM ] array (
  'id' => '9',
)
[ info ] [ RUN ] app\api\controller\Api->getNewsDetail[ G:\phpstudy\PHPTutorial\WWW\VueCmsApi\application\api\controller\Api.php ]
[ info ] [ DB ] INIT mysql
[ info ] [ LOG ] INIT File
[ sql ] [ DB ] CONNECT:[ UseTime:0.060322s ] mysql:dbname=vue_cms_api;host=127.0.0.1;port=3306;charset=utf8
[ sql ] [ SQL ] SHOW COLUMNS FROM `think_news` [ RunTime:0.090596s ]
[ sql ] [ SQL ] SELECT * FROM `think_news` WHERE  `id` = 9 LIMIT 1 [ RunTime:0.040694s ]
---------------------------------------------------------------
[ 2018-05-14T22:50:57+08:00 ] 127.0.0.1 127.0.0.1 GET /api/getnewslist
[ info ] www.vuecms.com/api/getnewslist [运行时间：0.453401s][吞吐率：2.21req/s] [内存消耗：1,663.82kb] [文件加载：36]
[ info ] [ LANG ] G:\phpstudy\PHPTutorial\WWW\VueCmsApi\thinkphp\lang\zh-cn.php
[ info ] [ ROUTE ] array (
  'type' => 'module',
  'module' => 
  array (
    0 => 'api',
    1 => 'Api',
    2 => 'getNewsList',
  ),
  'convert' => false,
)
[ info ] [ HEADER ] array (
  'host' => 'www.vuecms.com',
  'connection' => 'close',
  'accept' => 'application/json, text/plain, */*',
  'user-agent' => 'Mozilla/5.0 (iPhone; CPU iPhone OS 11_0 like Mac OS X) AppleWebKit/604.1.38 (KHTML, like Gecko) Version/11.0 Mobile/15A372 Safari/604.1',
  'referer' => 'http://localhost:8081/',
  'accept-encoding' => 'gzip, deflate, br',
  'accept-language' => 'zh-CN,zh;q=0.9',
  'cookie' => 'Pycharm-f3d843f3=9df3831e-8719-4ad7-84fb-2dfc2226a352',
)
[ info ] [ PARAM ] array (
)
[ info ] [ RUN ] app\api\controller\Api->getNewsList[ G:\phpstudy\PHPTutorial\WWW\VueCmsApi\application\api\controller\Api.php ]
[ info ] [ DB ] INIT mysql
[ info ] [ LOG ] INIT File
[ sql ] [ DB ] CONNECT:[ UseTime:0.233446s ] mysql:dbname=vue_cms_api;host=127.0.0.1;port=3306;charset=utf8
[ sql ] [ SQL ] SHOW COLUMNS FROM `think_news` [ RunTime:0.043633s ]
[ sql ] [ SQL ] SELECT * FROM `think_news` ORDER BY `id`  desc [ RunTime:0.020061s ]
[ sql ] [ SQL ] SELECT COUNT(*) AS tp_count FROM `think_news` LIMIT 1 [ RunTime:0.001582s ]
---------------------------------------------------------------
[ 2018-05-14T22:51:09+08:00 ] 127.0.0.1 127.0.0.1 GET /api/getnewsdetail/3
[ info ] www.vuecms.com/api/getnewsdetail/3 [运行时间：0.250632s][吞吐率：3.99req/s] [内存消耗：1,585.13kb] [文件加载：36]
[ info ] [ LANG ] G:\phpstudy\PHPTutorial\WWW\VueCmsApi\thinkphp\lang\zh-cn.php
[ info ] [ ROUTE ] array (
  'type' => 'module',
  'module' => 
  array (
    0 => 'api',
    1 => 'Api',
    2 => 'getNewsDetail',
  ),
  'convert' => false,
)
[ info ] [ HEADER ] array (
  'host' => 'www.vuecms.com',
  'connection' => 'close',
  'accept' => 'application/json, text/plain, */*',
  'user-agent' => 'Mozilla/5.0 (iPhone; CPU iPhone OS 11_0 like Mac OS X) AppleWebKit/604.1.38 (KHTML, like Gecko) Version/11.0 Mobile/15A372 Safari/604.1',
  'referer' => 'http://localhost:8081/',
  'accept-encoding' => 'gzip, deflate, br',
  'accept-language' => 'zh-CN,zh;q=0.9',
  'cookie' => 'Pycharm-f3d843f3=9df3831e-8719-4ad7-84fb-2dfc2226a352',
)
[ info ] [ PARAM ] array (
  'id' => '3',
)
[ info ] [ RUN ] app\api\controller\Api->getNewsDetail[ G:\phpstudy\PHPTutorial\WWW\VueCmsApi\application\api\controller\Api.php ]
[ info ] [ DB ] INIT mysql
[ info ] [ LOG ] INIT File
[ sql ] [ DB ] CONNECT:[ UseTime:0.012699s ] mysql:dbname=vue_cms_api;host=127.0.0.1;port=3306;charset=utf8
[ sql ] [ SQL ] SHOW COLUMNS FROM `think_news` [ RunTime:0.049241s ]
[ sql ] [ SQL ] SELECT * FROM `think_news` WHERE  `id` = 3 LIMIT 1 [ RunTime:0.009066s ]
---------------------------------------------------------------
[ 2018-05-14T22:51:38+08:00 ] 127.0.0.1 127.0.0.1 GET /api/getnewsdetail/3
[ info ] www.vuecms.com/api/getnewsdetail/3 [运行时间：0.452424s][吞吐率：2.21req/s] [内存消耗：1,585.13kb] [文件加载：36]
[ info ] [ LANG ] G:\phpstudy\PHPTutorial\WWW\VueCmsApi\thinkphp\lang\zh-cn.php
[ info ] [ ROUTE ] array (
  'type' => 'module',
  'module' => 
  array (
    0 => 'api',
    1 => 'Api',
    2 => 'getNewsDetail',
  ),
  'convert' => false,
)
[ info ] [ HEADER ] array (
  'host' => 'www.vuecms.com',
  'connection' => 'close',
  'accept' => 'application/json, text/plain, */*',
  'user-agent' => 'Mozilla/5.0 (iPhone; CPU iPhone OS 11_0 like Mac OS X) AppleWebKit/604.1.38 (KHTML, like Gecko) Version/11.0 Mobile/15A372 Safari/604.1',
  'referer' => 'http://localhost:8081/',
  'accept-encoding' => 'gzip, deflate, br',
  'accept-language' => 'zh-CN,zh;q=0.9',
  'cookie' => 'Pycharm-f3d843f3=9df3831e-8719-4ad7-84fb-2dfc2226a352',
)
[ info ] [ PARAM ] array (
  'id' => '3',
)
[ info ] [ RUN ] app\api\controller\Api->getNewsDetail[ G:\phpstudy\PHPTutorial\WWW\VueCmsApi\application\api\controller\Api.php ]
[ info ] [ DB ] INIT mysql
[ info ] [ LOG ] INIT File
[ sql ] [ DB ] CONNECT:[ UseTime:0.164713s ] mysql:dbname=vue_cms_api;host=127.0.0.1;port=3306;charset=utf8
[ sql ] [ SQL ] SHOW COLUMNS FROM `think_news` [ RunTime:0.149375s ]
[ sql ] [ SQL ] SELECT * FROM `think_news` WHERE  `id` = 3 LIMIT 1 [ RunTime:0.014059s ]
---------------------------------------------------------------
[ 2018-05-14T22:54:12+08:00 ] 127.0.0.1 127.0.0.1 GET /api/getnewsdetail/3
[ info ] www.vuecms.com/api/getnewsdetail/3 [运行时间：0.228835s][吞吐率：4.37req/s] [内存消耗：1,585.13kb] [文件加载：36]
[ info ] [ LANG ] G:\phpstudy\PHPTutorial\WWW\VueCmsApi\thinkphp\lang\zh-cn.php
[ info ] [ ROUTE ] array (
  'type' => 'module',
  'module' => 
  array (
    0 => 'api',
    1 => 'Api',
    2 => 'getNewsDetail',
  ),
  'convert' => false,
)
[ info ] [ HEADER ] array (
  'host' => 'www.vuecms.com',
  'connection' => 'close',
  'accept' => 'application/json, text/plain, */*',
  'user-agent' => 'Mozilla/5.0 (iPhone; CPU iPhone OS 11_0 like Mac OS X) AppleWebKit/604.1.38 (KHTML, like Gecko) Version/11.0 Mobile/15A372 Safari/604.1',
  'referer' => 'http://localhost:8081/',
  'accept-encoding' => 'gzip, deflate, br',
  'accept-language' => 'zh-CN,zh;q=0.9',
  'cookie' => 'Pycharm-f3d843f3=9df3831e-8719-4ad7-84fb-2dfc2226a352',
)
[ info ] [ PARAM ] array (
  'id' => '3',
)
[ info ] [ RUN ] app\api\controller\Api->getNewsDetail[ G:\phpstudy\PHPTutorial\WWW\VueCmsApi\application\api\controller\Api.php ]
[ info ] [ DB ] INIT mysql
[ info ] [ LOG ] INIT File
[ sql ] [ DB ] CONNECT:[ UseTime:0.018208s ] mysql:dbname=vue_cms_api;host=127.0.0.1;port=3306;charset=utf8
[ sql ] [ SQL ] SHOW COLUMNS FROM `think_news` [ RunTime:0.043106s ]
[ sql ] [ SQL ] SELECT * FROM `think_news` WHERE  `id` = 3 LIMIT 1 [ RunTime:0.011795s ]
