---------------------------------------------------------------
[ 2018-05-24T20:05:53+08:00 ] 127.0.0.1 127.0.0.1 GET /api/getswipe
[ info ] www.vuecms.com/api/getswipe [运行时间：3.203931s][吞吐率：0.31req/s] [内存消耗：1,570.81kb] [文件加载：36]
[ info ] [ LANG ] G:\phpstudy\PHPTutorial\WWW\VueCmsApi\thinkphp\lang\zh-cn.php
[ info ] [ ROUTE ] array (
  'type' => 'module',
  'module' => 
  array (
    0 => 'api',
    1 => 'Api',
    2 => 'getSwipe',
  ),
  'convert' => false,
)
[ info ] [ HEADER ] array (
  'host' => 'www.vuecms.com',
  'connection' => 'close',
  'accept' => 'application/json, text/plain, */*',
  'user-agent' => 'Mozilla/5.0 (Windows NT 6.3; Win64; x64) AppleWebKit/537.36 (KHTML, like Gecko) Chrome/66.0.3359.117 Safari/537.36',
  'referer' => 'http://localhost:8081/',
  'accept-encoding' => 'gzip, deflate, br',
  'accept-language' => 'zh-CN,zh;q=0.9',
  'cookie' => 'Pycharm-f3d843f3=9df3831e-8719-4ad7-84fb-2dfc2226a352',
)
[ info ] [ PARAM ] array (
)
[ info ] [ RUN ] app\api\controller\Api->getSwipe[ G:\phpstudy\PHPTutorial\WWW\VueCmsApi\application\api\controller\Api.php ]
[ info ] [ DB ] INIT mysql
[ info ] [ LOG ] INIT File
[ sql ] [ DB ] CONNECT:[ UseTime:1.652760s ] mysql:dbname=vue_cms_api;host=127.0.0.1;port=3306;charset=utf8
[ sql ] [ SQL ] SHOW COLUMNS FROM `think_swipe` [ RunTime:1.076860s ]
[ sql ] [ SQL ] SELECT * FROM `think_swipe` ORDER BY `id`  desc LIMIT 3 [ RunTime:0.223868s ]
[ sql ] [ SQL ] SELECT COUNT(*) AS tp_count FROM `think_swipe` LIMIT 1 [ RunTime:0.020725s ]
---------------------------------------------------------------
[ 2018-05-24T20:06:16+08:00 ] 127.0.0.1 127.0.0.1 GET /api/getimages/0
[ info ] www.vuecms.com/api/getimages/0 [运行时间：0.642621s][吞吐率：1.56req/s] [内存消耗：1,645.38kb] [文件加载：36]
[ info ] [ LANG ] G:\phpstudy\PHPTutorial\WWW\VueCmsApi\thinkphp\lang\zh-cn.php
[ info ] [ ROUTE ] array (
  'type' => 'module',
  'module' => 
  array (
    0 => 'api',
    1 => 'Api',
    2 => 'getImage',
  ),
  'convert' => false,
)
[ info ] [ HEADER ] array (
  'host' => 'www.vuecms.com',
  'connection' => 'close',
  'accept' => 'application/json, text/plain, */*',
  'user-agent' => 'Mozilla/5.0 (iPhone; CPU iPhone OS 11_0 like Mac OS X) AppleWebKit/604.1.38 (KHTML, like Gecko) Version/11.0 Mobile/15A372 Safari/604.1',
  'referer' => 'http://localhost:8081/',
  'accept-encoding' => 'gzip, deflate, br',
  'accept-language' => 'zh-CN,zh;q=0.9',
  'cookie' => 'Pycharm-f3d843f3=9df3831e-8719-4ad7-84fb-2dfc2226a352',
)
[ info ] [ PARAM ] array (
  'id' => '0',
)
[ info ] [ RUN ] app\api\controller\Api->getImage[ G:\phpstudy\PHPTutorial\WWW\VueCmsApi\application\api\controller\Api.php ]
[ info ] [ DB ] INIT mysql
[ info ] [ LOG ] INIT File
[ sql ] [ DB ] CONNECT:[ UseTime:0.019482s ] mysql:dbname=vue_cms_api;host=127.0.0.1;port=3306;charset=utf8
[ sql ] [ SQL ] SHOW COLUMNS FROM `think_img` [ RunTime:0.024125s ]
[ sql ] [ SQL ] SELECT * FROM `think_img` INNER JOIN `think_img_category` `imgc` ON `imgcategory_id`=`imgc`.`id` [ RunTime:0.131819s ]
[ sql ] [ SQL ] SELECT COUNT(*) AS tp_count FROM `think_img` LIMIT 1 [ RunTime:0.016315s ]
---------------------------------------------------------------
[ 2018-05-24T20:06:17+08:00 ] 127.0.0.1 127.0.0.1 GET /api/getimgcategory/
[ info ] www.vuecms.com/api/getimgcategory/ [运行时间：0.802499s][吞吐率：1.25req/s] [内存消耗：1,571.41kb] [文件加载：36]
[ info ] [ LANG ] G:\phpstudy\PHPTutorial\WWW\VueCmsApi\thinkphp\lang\zh-cn.php
[ info ] [ ROUTE ] array (
  'type' => 'module',
  'module' => 
  array (
    0 => 'api',
    1 => 'Api',
    2 => 'getImgCategory',
  ),
  'convert' => false,
)
[ info ] [ HEADER ] array (
  'host' => 'www.vuecms.com',
  'connection' => 'close',
  'accept' => 'application/json, text/plain, */*',
  'user-agent' => 'Mozilla/5.0 (iPhone; CPU iPhone OS 11_0 like Mac OS X) AppleWebKit/604.1.38 (KHTML, like Gecko) Version/11.0 Mobile/15A372 Safari/604.1',
  'referer' => 'http://localhost:8081/',
  'accept-encoding' => 'gzip, deflate, br',
  'accept-language' => 'zh-CN,zh;q=0.9',
  'cookie' => 'Pycharm-f3d843f3=9df3831e-8719-4ad7-84fb-2dfc2226a352',
)
[ info ] [ PARAM ] array (
)
[ info ] [ RUN ] app\api\controller\Api->getImgCategory[ G:\phpstudy\PHPTutorial\WWW\VueCmsApi\application\api\controller\Api.php ]
[ info ] [ DB ] INIT mysql
[ info ] [ LOG ] INIT File
[ sql ] [ DB ] CONNECT:[ UseTime:0.124387s ] mysql:dbname=vue_cms_api;host=127.0.0.1;port=3306;charset=utf8
[ sql ] [ SQL ] SHOW COLUMNS FROM `think_img_category` [ RunTime:0.288903s ]
[ sql ] [ SQL ] SELECT * FROM `think_img_category` [ RunTime:0.013722s ]
[ sql ] [ SQL ] SELECT COUNT(*) AS tp_count FROM `think_img_category` LIMIT 1 [ RunTime:0.001744s ]
---------------------------------------------------------------
[ 2018-05-24T20:06:19+08:00 ] 127.0.0.1 127.0.0.1 GET /api/getimages/1
[ info ] www.vuecms.com/api/getimages/1 [运行时间：0.522661s][吞吐率：1.91req/s] [内存消耗：1,581.92kb] [文件加载：36]
[ info ] [ LANG ] G:\phpstudy\PHPTutorial\WWW\VueCmsApi\thinkphp\lang\zh-cn.php
[ info ] [ ROUTE ] array (
  'type' => 'module',
  'module' => 
  array (
    0 => 'api',
    1 => 'Api',
    2 => 'getImage',
  ),
  'convert' => false,
)
[ info ] [ HEADER ] array (
  'host' => 'www.vuecms.com',
  'connection' => 'close',
  'accept' => 'application/json, text/plain, */*',
  'user-agent' => 'Mozilla/5.0 (iPhone; CPU iPhone OS 11_0 like Mac OS X) AppleWebKit/604.1.38 (KHTML, like Gecko) Version/11.0 Mobile/15A372 Safari/604.1',
  'referer' => 'http://localhost:8081/',
  'accept-encoding' => 'gzip, deflate, br',
  'accept-language' => 'zh-CN,zh;q=0.9',
  'cookie' => 'Pycharm-f3d843f3=9df3831e-8719-4ad7-84fb-2dfc2226a352',
)
[ info ] [ PARAM ] array (
  'id' => '1',
)
[ info ] [ RUN ] app\api\controller\Api->getImage[ G:\phpstudy\PHPTutorial\WWW\VueCmsApi\application\api\controller\Api.php ]
[ info ] [ DB ] INIT mysql
[ info ] [ LOG ] INIT File
[ sql ] [ DB ] CONNECT:[ UseTime:0.011629s ] mysql:dbname=vue_cms_api;host=127.0.0.1;port=3306;charset=utf8
[ sql ] [ SQL ] SHOW COLUMNS FROM `think_img` [ RunTime:0.133858s ]
[ sql ] [ SQL ] SELECT * FROM `think_img` INNER JOIN `think_img_category` `imgc` ON `imgcategory_id`=`imgc`.`id` WHERE  `imgcategory_id` = 1 [ RunTime:0.127198s ]
[ sql ] [ SQL ] SELECT COUNT(*) AS tp_count FROM `think_img` WHERE  `imgcategory_id` = 1 LIMIT 1 [ RunTime:0.030161s ]
---------------------------------------------------------------
[ 2018-05-24T20:08:40+08:00 ] 127.0.0.1 127.0.0.1 GET /api/getimages/1
[ info ] www.vuecms.com/api/getimages/1 [运行时间：0.464083s][吞吐率：2.15req/s] [内存消耗：1,581.92kb] [文件加载：36]
[ info ] [ LANG ] G:\phpstudy\PHPTutorial\WWW\VueCmsApi\thinkphp\lang\zh-cn.php
[ info ] [ ROUTE ] array (
  'type' => 'module',
  'module' => 
  array (
    0 => 'api',
    1 => 'Api',
    2 => 'getImage',
  ),
  'convert' => false,
)
[ info ] [ HEADER ] array (
  'host' => 'www.vuecms.com',
  'connection' => 'close',
  'accept' => 'application/json, text/plain, */*',
  'user-agent' => 'Mozilla/5.0 (iPhone; CPU iPhone OS 11_0 like Mac OS X) AppleWebKit/604.1.38 (KHTML, like Gecko) Version/11.0 Mobile/15A372 Safari/604.1',
  'referer' => 'http://localhost:8081/',
  'accept-encoding' => 'gzip, deflate, br',
  'accept-language' => 'zh-CN,zh;q=0.9',
  'cookie' => 'Pycharm-f3d843f3=9df3831e-8719-4ad7-84fb-2dfc2226a352',
)
[ info ] [ PARAM ] array (
  'id' => '1',
)
[ info ] [ RUN ] app\api\controller\Api->getImage[ G:\phpstudy\PHPTutorial\WWW\VueCmsApi\application\api\controller\Api.php ]
[ info ] [ DB ] INIT mysql
[ info ] [ LOG ] INIT File
[ sql ] [ DB ] CONNECT:[ UseTime:0.026743s ] mysql:dbname=vue_cms_api;host=127.0.0.1;port=3306;charset=utf8
[ sql ] [ SQL ] SHOW COLUMNS FROM `think_img` [ RunTime:0.061496s ]
[ sql ] [ SQL ] SELECT * FROM `think_img` INNER JOIN `think_img_category` `imgc` ON `imgcategory_id`=`imgc`.`id` WHERE  `imgcategory_id` = 1 [ RunTime:0.012756s ]
[ sql ] [ SQL ] SELECT COUNT(*) AS tp_count FROM `think_img` WHERE  `imgcategory_id` = 1 LIMIT 1 [ RunTime:0.002186s ]
---------------------------------------------------------------
[ 2018-05-24T20:09:10+08:00 ] 127.0.0.1 127.0.0.1 GET /api/getimages/2
[ info ] www.vuecms.com/api/getimages/2 [运行时间：0.280797s][吞吐率：3.56req/s] [内存消耗：1,620.03kb] [文件加载：36]
[ info ] [ LANG ] G:\phpstudy\PHPTutorial\WWW\VueCmsApi\thinkphp\lang\zh-cn.php
[ info ] [ ROUTE ] array (
  'type' => 'module',
  'module' => 
  array (
    0 => 'api',
    1 => 'Api',
    2 => 'getImage',
  ),
  'convert' => false,
)
[ info ] [ HEADER ] array (
  'cookie' => 'PHPSESSID=l39q50up1697u9vu4d9eor60f7',
  'accept-language' => 'zh-CN,zh;q=0.9',
  'accept-encoding' => 'gzip, deflate',
  'accept' => 'text/html,application/xhtml+xml,application/xml;q=0.9,image/webp,image/apng,*/*;q=0.8',
  'user-agent' => 'Mozilla/5.0 (Windows NT 6.3; Win64; x64) AppleWebKit/537.36 (KHTML, like Gecko) Chrome/66.0.3359.117 Safari/537.36',
  'upgrade-insecure-requests' => '1',
  'connection' => 'close',
  'host' => 'www.vuecms.com',
)
[ info ] [ PARAM ] array (
  'id' => '2',
)
[ info ] [ RUN ] app\api\controller\Api->getImage[ G:\phpstudy\PHPTutorial\WWW\VueCmsApi\application\api\controller\Api.php ]
[ info ] [ DB ] INIT mysql
[ info ] [ LOG ] INIT File
[ sql ] [ DB ] CONNECT:[ UseTime:0.024068s ] mysql:dbname=vue_cms_api;host=127.0.0.1;port=3306;charset=utf8
[ sql ] [ SQL ] SHOW COLUMNS FROM `think_img` [ RunTime:0.047107s ]
[ sql ] [ SQL ] SELECT * FROM `think_img` INNER JOIN `think_img_category` `imgc` ON `imgcategory_id`=`imgc`.`id` WHERE  `imgcategory_id` = 2 [ RunTime:0.017435s ]
[ sql ] [ SQL ] SELECT COUNT(*) AS tp_count FROM `think_img` WHERE  `imgcategory_id` = 2 LIMIT 1 [ RunTime:0.002212s ]
---------------------------------------------------------------
[ 2018-05-24T20:13:43+08:00 ] 127.0.0.1 127.0.0.1 GET /api/getimagedetail/1
[ info ] www.vuecms.com/api/getimagedetail/1 [运行时间：0.676847s][吞吐率：1.48req/s] [内存消耗：1,592.54kb] [文件加载：36]
[ info ] [ LANG ] G:\phpstudy\PHPTutorial\WWW\VueCmsApi\thinkphp\lang\zh-cn.php
[ info ] [ ROUTE ] array (
  'type' => 'module',
  'module' => 
  array (
    0 => 'api',
    1 => 'Api',
    2 => 'getImageDetail',
  ),
  'convert' => false,
)
[ info ] [ HEADER ] array (
  'cookie' => 'PHPSESSID=l39q50up1697u9vu4d9eor60f7',
  'accept-language' => 'zh-CN,zh;q=0.9',
  'accept-encoding' => 'gzip, deflate',
  'accept' => 'text/html,application/xhtml+xml,application/xml;q=0.9,image/webp,image/apng,*/*;q=0.8',
  'user-agent' => 'Mozilla/5.0 (Windows NT 6.3; Win64; x64) AppleWebKit/537.36 (KHTML, like Gecko) Chrome/66.0.3359.117 Safari/537.36',
  'upgrade-insecure-requests' => '1',
  'connection' => 'close',
  'host' => 'www.vuecms.com',
)
[ info ] [ PARAM ] array (
  'id' => '1',
)
[ info ] [ RUN ] app\api\controller\Api->getImageDetail[ G:\phpstudy\PHPTutorial\WWW\VueCmsApi\application\api\controller\Api.php ]
[ info ] [ DB ] INIT mysql
[ info ] [ LOG ] INIT File
[ sql ] [ DB ] CONNECT:[ UseTime:0.335984s ] mysql:dbname=vue_cms_api;host=127.0.0.1;port=3306;charset=utf8
[ sql ] [ SQL ] SHOW COLUMNS FROM `think_img` [ RunTime:0.142389s ]
[ sql ] [ SQL ] SELECT * FROM `think_img` INNER JOIN `think_img_category` `imgc` ON `imgcategory_id`=`imgc`.`id` WHERE  `img_id` = 1 LIMIT 1 [ RunTime:0.016374s ]
---------------------------------------------------------------
[ 2018-05-24T20:14:12+08:00 ] 127.0.0.1 127.0.0.1 GET /api/getimagedetail/1
[ info ] www.vuecms.com/api/getimagedetail/1 [运行时间：0.582972s][吞吐率：1.72req/s] [内存消耗：1,592.51kb] [文件加载：36]
[ info ] [ LANG ] G:\phpstudy\PHPTutorial\WWW\VueCmsApi\thinkphp\lang\zh-cn.php
[ info ] [ ROUTE ] array (
  'type' => 'module',
  'module' => 
  array (
    0 => 'api',
    1 => 'Api',
    2 => 'getImageDetail',
  ),
  'convert' => false,
)
[ info ] [ HEADER ] array (
  'host' => 'www.vuecms.com',
  'connection' => 'close',
  'accept' => 'application/json, text/plain, */*',
  'user-agent' => 'Mozilla/5.0 (iPhone; CPU iPhone OS 11_0 like Mac OS X) AppleWebKit/604.1.38 (KHTML, like Gecko) Version/11.0 Mobile/15A372 Safari/604.1',
  'referer' => 'http://localhost:8081/',
  'accept-encoding' => 'gzip, deflate, br',
  'accept-language' => 'zh-CN,zh;q=0.9',
  'cookie' => 'Pycharm-f3d843f3=9df3831e-8719-4ad7-84fb-2dfc2226a352',
)
[ info ] [ PARAM ] array (
  'id' => '1',
)
[ info ] [ RUN ] app\api\controller\Api->getImageDetail[ G:\phpstudy\PHPTutorial\WWW\VueCmsApi\application\api\controller\Api.php ]
[ info ] [ DB ] INIT mysql
[ info ] [ LOG ] INIT File
[ sql ] [ DB ] CONNECT:[ UseTime:0.023049s ] mysql:dbname=vue_cms_api;host=127.0.0.1;port=3306;charset=utf8
[ sql ] [ SQL ] SHOW COLUMNS FROM `think_img` [ RunTime:0.082727s ]
[ sql ] [ SQL ] SELECT * FROM `think_img` INNER JOIN `think_img_category` `imgc` ON `imgcategory_id`=`imgc`.`id` WHERE  `img_id` = 1 LIMIT 1 [ RunTime:0.005754s ]
---------------------------------------------------------------
[ 2018-05-24T20:15:51+08:00 ] 127.0.0.1 127.0.0.1 GET /api/getimagedetail/1
[ info ] www.vuecms.com/api/getimagedetail/1 [运行时间：0.477017s][吞吐率：2.10req/s] [内存消耗：1,592.51kb] [文件加载：36]
[ info ] [ LANG ] G:\phpstudy\PHPTutorial\WWW\VueCmsApi\thinkphp\lang\zh-cn.php
[ info ] [ ROUTE ] array (
  'type' => 'module',
  'module' => 
  array (
    0 => 'api',
    1 => 'Api',
    2 => 'getImageDetail',
  ),
  'convert' => false,
)
[ info ] [ HEADER ] array (
  'host' => 'www.vuecms.com',
  'connection' => 'close',
  'accept' => 'application/json, text/plain, */*',
  'user-agent' => 'Mozilla/5.0 (iPhone; CPU iPhone OS 11_0 like Mac OS X) AppleWebKit/604.1.38 (KHTML, like Gecko) Version/11.0 Mobile/15A372 Safari/604.1',
  'referer' => 'http://localhost:8081/',
  'accept-encoding' => 'gzip, deflate, br',
  'accept-language' => 'zh-CN,zh;q=0.9',
  'cookie' => 'Pycharm-f3d843f3=9df3831e-8719-4ad7-84fb-2dfc2226a352',
)
[ info ] [ PARAM ] array (
  'id' => '1',
)
[ info ] [ RUN ] app\api\controller\Api->getImageDetail[ G:\phpstudy\PHPTutorial\WWW\VueCmsApi\application\api\controller\Api.php ]
[ info ] [ DB ] INIT mysql
[ info ] [ LOG ] INIT File
[ sql ] [ DB ] CONNECT:[ UseTime:0.019832s ] mysql:dbname=vue_cms_api;host=127.0.0.1;port=3306;charset=utf8
[ sql ] [ SQL ] SHOW COLUMNS FROM `think_img` [ RunTime:0.039971s ]
[ sql ] [ SQL ] SELECT * FROM `think_img` INNER JOIN `think_img_category` `imgc` ON `imgcategory_id`=`imgc`.`id` WHERE  `img_id` = 1 LIMIT 1 [ RunTime:0.021960s ]
---------------------------------------------------------------
[ 2018-05-24T20:17:50+08:00 ] 127.0.0.1 127.0.0.1 GET /api/getimages/0
[ info ] www.vuecms.com/api/getimages/0 [运行时间：0.263325s][吞吐率：3.80req/s] [内存消耗：1,648.50kb] [文件加载：36]
[ info ] [ LANG ] G:\phpstudy\PHPTutorial\WWW\VueCmsApi\thinkphp\lang\zh-cn.php
[ info ] [ ROUTE ] array (
  'type' => 'module',
  'module' => 
  array (
    0 => 'api',
    1 => 'Api',
    2 => 'getImage',
  ),
  'convert' => false,
)
[ info ] [ HEADER ] array (
  'host' => 'www.vuecms.com',
  'connection' => 'close',
  'accept' => 'application/json, text/plain, */*',
  'user-agent' => 'Mozilla/5.0 (iPhone; CPU iPhone OS 11_0 like Mac OS X) AppleWebKit/604.1.38 (KHTML, like Gecko) Version/11.0 Mobile/15A372 Safari/604.1',
  'referer' => 'http://localhost:8081/',
  'accept-encoding' => 'gzip, deflate, br',
  'accept-language' => 'zh-CN,zh;q=0.9',
  'cookie' => 'Pycharm-f3d843f3=9df3831e-8719-4ad7-84fb-2dfc2226a352',
)
[ info ] [ PARAM ] array (
  'id' => '0',
)
[ info ] [ RUN ] app\api\controller\Api->getImage[ G:\phpstudy\PHPTutorial\WWW\VueCmsApi\application\api\controller\Api.php ]
[ info ] [ DB ] INIT mysql
[ info ] [ LOG ] INIT File
[ sql ] [ DB ] CONNECT:[ UseTime:0.038703s ] mysql:dbname=vue_cms_api;host=127.0.0.1;port=3306;charset=utf8
[ sql ] [ SQL ] SHOW COLUMNS FROM `think_img` [ RunTime:0.071936s ]
[ sql ] [ SQL ] SELECT * FROM `think_img` INNER JOIN `think_img_category` `imgc` ON `imgcategory_id`=`imgc`.`id` [ RunTime:0.006919s ]
[ sql ] [ SQL ] SELECT COUNT(*) AS tp_count FROM `think_img` LIMIT 1 [ RunTime:0.002176s ]
---------------------------------------------------------------
[ 2018-05-24T20:17:51+08:00 ] 127.0.0.1 127.0.0.1 GET /api/getimgcategory/
[ info ] www.vuecms.com/api/getimgcategory/ [运行时间：0.230710s][吞吐率：4.33req/s] [内存消耗：1,574.53kb] [文件加载：36]
[ info ] [ LANG ] G:\phpstudy\PHPTutorial\WWW\VueCmsApi\thinkphp\lang\zh-cn.php
[ info ] [ ROUTE ] array (
  'type' => 'module',
  'module' => 
  array (
    0 => 'api',
    1 => 'Api',
    2 => 'getImgCategory',
  ),
  'convert' => false,
)
[ info ] [ HEADER ] array (
  'host' => 'www.vuecms.com',
  'connection' => 'close',
  'accept' => 'application/json, text/plain, */*',
  'user-agent' => 'Mozilla/5.0 (iPhone; CPU iPhone OS 11_0 like Mac OS X) AppleWebKit/604.1.38 (KHTML, like Gecko) Version/11.0 Mobile/15A372 Safari/604.1',
  'referer' => 'http://localhost:8081/',
  'accept-encoding' => 'gzip, deflate, br',
  'accept-language' => 'zh-CN,zh;q=0.9',
  'cookie' => 'Pycharm-f3d843f3=9df3831e-8719-4ad7-84fb-2dfc2226a352',
)
[ info ] [ PARAM ] array (
)
[ info ] [ RUN ] app\api\controller\Api->getImgCategory[ G:\phpstudy\PHPTutorial\WWW\VueCmsApi\application\api\controller\Api.php ]
[ info ] [ DB ] INIT mysql
[ info ] [ LOG ] INIT File
[ sql ] [ DB ] CONNECT:[ UseTime:0.012566s ] mysql:dbname=vue_cms_api;host=127.0.0.1;port=3306;charset=utf8
[ sql ] [ SQL ] SHOW COLUMNS FROM `think_img_category` [ RunTime:0.062997s ]
[ sql ] [ SQL ] SELECT * FROM `think_img_category` [ RunTime:0.002282s ]
[ sql ] [ SQL ] SELECT COUNT(*) AS tp_count FROM `think_img_category` LIMIT 1 [ RunTime:0.001876s ]
---------------------------------------------------------------
[ 2018-05-24T20:19:04+08:00 ] 127.0.0.1 127.0.0.1 GET /api/getimagedetail/1
[ info ] www.vuecms.com/api/getimagedetail/1 [运行时间：0.244153s][吞吐率：4.10req/s] [内存消耗：1,592.51kb] [文件加载：36]
[ info ] [ LANG ] G:\phpstudy\PHPTutorial\WWW\VueCmsApi\thinkphp\lang\zh-cn.php
[ info ] [ ROUTE ] array (
  'type' => 'module',
  'module' => 
  array (
    0 => 'api',
    1 => 'Api',
    2 => 'getImageDetail',
  ),
  'convert' => false,
)
[ info ] [ HEADER ] array (
  'host' => 'www.vuecms.com',
  'connection' => 'close',
  'accept' => 'application/json, text/plain, */*',
  'user-agent' => 'Mozilla/5.0 (iPhone; CPU iPhone OS 11_0 like Mac OS X) AppleWebKit/604.1.38 (KHTML, like Gecko) Version/11.0 Mobile/15A372 Safari/604.1',
  'referer' => 'http://localhost:8081/',
  'accept-encoding' => 'gzip, deflate, br',
  'accept-language' => 'zh-CN,zh;q=0.9',
  'cookie' => 'Pycharm-f3d843f3=9df3831e-8719-4ad7-84fb-2dfc2226a352',
)
[ info ] [ PARAM ] array (
  'id' => '1',
)
[ info ] [ RUN ] app\api\controller\Api->getImageDetail[ G:\phpstudy\PHPTutorial\WWW\VueCmsApi\application\api\controller\Api.php ]
[ info ] [ DB ] INIT mysql
[ info ] [ LOG ] INIT File
[ sql ] [ DB ] CONNECT:[ UseTime:0.031120s ] mysql:dbname=vue_cms_api;host=127.0.0.1;port=3306;charset=utf8
[ sql ] [ SQL ] SHOW COLUMNS FROM `think_img` [ RunTime:0.037350s ]
[ sql ] [ SQL ] SELECT * FROM `think_img` INNER JOIN `think_img_category` `imgc` ON `imgcategory_id`=`imgc`.`id` WHERE  `img_id` = 1 LIMIT 1 [ RunTime:0.025817s ]
---------------------------------------------------------------
[ 2018-05-24T20:20:32+08:00 ] 127.0.0.1 127.0.0.1 GET /api/getimgcategory/
[ info ] www.vuecms.com/api/getimgcategory/ [运行时间：0.226304s][吞吐率：4.42req/s] [内存消耗：1,574.53kb] [文件加载：36]
[ info ] [ LANG ] G:\phpstudy\PHPTutorial\WWW\VueCmsApi\thinkphp\lang\zh-cn.php
[ info ] [ ROUTE ] array (
  'type' => 'module',
  'module' => 
  array (
    0 => 'api',
    1 => 'Api',
    2 => 'getImgCategory',
  ),
  'convert' => false,
)
[ info ] [ HEADER ] array (
  'host' => 'www.vuecms.com',
  'connection' => 'close',
  'accept' => 'application/json, text/plain, */*',
  'user-agent' => 'Mozilla/5.0 (iPhone; CPU iPhone OS 11_0 like Mac OS X) AppleWebKit/604.1.38 (KHTML, like Gecko) Version/11.0 Mobile/15A372 Safari/604.1',
  'referer' => 'http://localhost:8081/',
  'accept-encoding' => 'gzip, deflate, br',
  'accept-language' => 'zh-CN,zh;q=0.9',
  'cookie' => 'Pycharm-f3d843f3=9df3831e-8719-4ad7-84fb-2dfc2226a352',
)
[ info ] [ PARAM ] array (
)
[ info ] [ RUN ] app\api\controller\Api->getImgCategory[ G:\phpstudy\PHPTutorial\WWW\VueCmsApi\application\api\controller\Api.php ]
[ info ] [ DB ] INIT mysql
[ info ] [ LOG ] INIT File
[ sql ] [ DB ] CONNECT:[ UseTime:0.022120s ] mysql:dbname=vue_cms_api;host=127.0.0.1;port=3306;charset=utf8
[ sql ] [ SQL ] SHOW COLUMNS FROM `think_img_category` [ RunTime:0.040098s ]
[ sql ] [ SQL ] SELECT * FROM `think_img_category` [ RunTime:0.012432s ]
[ sql ] [ SQL ] SELECT COUNT(*) AS tp_count FROM `think_img_category` LIMIT 1 [ RunTime:0.001653s ]
---------------------------------------------------------------
[ 2018-05-24T20:20:33+08:00 ] 127.0.0.1 127.0.0.1 GET /api/getimages/0
[ info ] www.vuecms.com/api/getimages/0 [运行时间：0.193550s][吞吐率：5.17req/s] [内存消耗：1,648.50kb] [文件加载：36]
[ info ] [ LANG ] G:\phpstudy\PHPTutorial\WWW\VueCmsApi\thinkphp\lang\zh-cn.php
[ info ] [ ROUTE ] array (
  'type' => 'module',
  'module' => 
  array (
    0 => 'api',
    1 => 'Api',
    2 => 'getImage',
  ),
  'convert' => false,
)
[ info ] [ HEADER ] array (
  'host' => 'www.vuecms.com',
  'connection' => 'close',
  'accept' => 'application/json, text/plain, */*',
  'user-agent' => 'Mozilla/5.0 (iPhone; CPU iPhone OS 11_0 like Mac OS X) AppleWebKit/604.1.38 (KHTML, like Gecko) Version/11.0 Mobile/15A372 Safari/604.1',
  'referer' => 'http://localhost:8081/',
  'accept-encoding' => 'gzip, deflate, br',
  'accept-language' => 'zh-CN,zh;q=0.9',
  'cookie' => 'Pycharm-f3d843f3=9df3831e-8719-4ad7-84fb-2dfc2226a352',
)
[ info ] [ PARAM ] array (
  'id' => '0',
)
[ info ] [ RUN ] app\api\controller\Api->getImage[ G:\phpstudy\PHPTutorial\WWW\VueCmsApi\application\api\controller\Api.php ]
[ info ] [ DB ] INIT mysql
[ info ] [ LOG ] INIT File
[ sql ] [ DB ] CONNECT:[ UseTime:0.010416s ] mysql:dbname=vue_cms_api;host=127.0.0.1;port=3306;charset=utf8
[ sql ] [ SQL ] SHOW COLUMNS FROM `think_img` [ RunTime:0.041248s ]
[ sql ] [ SQL ] SELECT * FROM `think_img` INNER JOIN `think_img_category` `imgc` ON `imgcategory_id`=`imgc`.`id` [ RunTime:0.006528s ]
[ sql ] [ SQL ] SELECT COUNT(*) AS tp_count FROM `think_img` LIMIT 1 [ RunTime:0.001659s ]
---------------------------------------------------------------
[ 2018-05-24T20:20:34+08:00 ] 127.0.0.1 127.0.0.1 GET /api/getswipe
[ info ] www.vuecms.com/api/getswipe [运行时间：0.278482s][吞吐率：3.59req/s] [内存消耗：1,573.93kb] [文件加载：36]
[ info ] [ LANG ] G:\phpstudy\PHPTutorial\WWW\VueCmsApi\thinkphp\lang\zh-cn.php
[ info ] [ ROUTE ] array (
  'type' => 'module',
  'module' => 
  array (
    0 => 'api',
    1 => 'Api',
    2 => 'getSwipe',
  ),
  'convert' => false,
)
[ info ] [ HEADER ] array (
  'host' => 'www.vuecms.com',
  'connection' => 'close',
  'accept' => 'application/json, text/plain, */*',
  'user-agent' => 'Mozilla/5.0 (iPhone; CPU iPhone OS 11_0 like Mac OS X) AppleWebKit/604.1.38 (KHTML, like Gecko) Version/11.0 Mobile/15A372 Safari/604.1',
  'referer' => 'http://localhost:8081/',
  'accept-encoding' => 'gzip, deflate, br',
  'accept-language' => 'zh-CN,zh;q=0.9',
  'cookie' => 'Pycharm-f3d843f3=9df3831e-8719-4ad7-84fb-2dfc2226a352',
)
[ info ] [ PARAM ] array (
)
[ info ] [ RUN ] app\api\controller\Api->getSwipe[ G:\phpstudy\PHPTutorial\WWW\VueCmsApi\application\api\controller\Api.php ]
[ info ] [ DB ] INIT mysql
[ info ] [ LOG ] INIT File
[ sql ] [ DB ] CONNECT:[ UseTime:0.035841s ] mysql:dbname=vue_cms_api;host=127.0.0.1;port=3306;charset=utf8
[ sql ] [ SQL ] SHOW COLUMNS FROM `think_swipe` [ RunTime:0.009121s ]
[ sql ] [ SQL ] SELECT * FROM `think_swipe` ORDER BY `id`  desc LIMIT 3 [ RunTime:0.002059s ]
[ sql ] [ SQL ] SELECT COUNT(*) AS tp_count FROM `think_swipe` LIMIT 1 [ RunTime:0.001742s ]
---------------------------------------------------------------
[ 2018-05-24T20:20:35+08:00 ] 127.0.0.1 127.0.0.1 GET /api/getnewslist
[ info ] www.vuecms.com/api/getnewslist [运行时间：0.240218s][吞吐率：4.16req/s] [内存消耗：1,671.66kb] [文件加载：36]
[ info ] [ LANG ] G:\phpstudy\PHPTutorial\WWW\VueCmsApi\thinkphp\lang\zh-cn.php
[ info ] [ ROUTE ] array (
  'type' => 'module',
  'module' => 
  array (
    0 => 'api',
    1 => 'Api',
    2 => 'getNewsList',
  ),
  'convert' => false,
)
[ info ] [ HEADER ] array (
  'host' => 'www.vuecms.com',
  'connection' => 'close',
  'accept' => 'application/json, text/plain, */*',
  'user-agent' => 'Mozilla/5.0 (iPhone; CPU iPhone OS 11_0 like Mac OS X) AppleWebKit/604.1.38 (KHTML, like Gecko) Version/11.0 Mobile/15A372 Safari/604.1',
  'referer' => 'http://localhost:8081/',
  'accept-encoding' => 'gzip, deflate, br',
  'accept-language' => 'zh-CN,zh;q=0.9',
  'cookie' => 'Pycharm-f3d843f3=9df3831e-8719-4ad7-84fb-2dfc2226a352',
)
[ info ] [ PARAM ] array (
)
[ info ] [ RUN ] app\api\controller\Api->getNewsList[ G:\phpstudy\PHPTutorial\WWW\VueCmsApi\application\api\controller\Api.php ]
[ info ] [ DB ] INIT mysql
[ info ] [ LOG ] INIT File
[ sql ] [ DB ] CONNECT:[ UseTime:0.036413s ] mysql:dbname=vue_cms_api;host=127.0.0.1;port=3306;charset=utf8
[ sql ] [ SQL ] SHOW COLUMNS FROM `think_news` [ RunTime:0.048617s ]
[ sql ] [ SQL ] SELECT * FROM `think_news` ORDER BY `id`  desc [ RunTime:0.014577s ]
[ sql ] [ SQL ] SELECT COUNT(*) AS tp_count FROM `think_news` LIMIT 1 [ RunTime:0.001526s ]
---------------------------------------------------------------
[ 2018-05-24T20:20:38+08:00 ] 127.0.0.1 127.0.0.1 GET /api/getnewsdetail/10
[ info ] www.vuecms.com/api/getnewsdetail/10 [运行时间：0.220080s][吞吐率：4.54req/s] [内存消耗：1,582.97kb] [文件加载：36]
[ info ] [ LANG ] G:\phpstudy\PHPTutorial\WWW\VueCmsApi\thinkphp\lang\zh-cn.php
[ info ] [ ROUTE ] array (
  'type' => 'module',
  'module' => 
  array (
    0 => 'api',
    1 => 'Api',
    2 => 'getNewsDetail',
  ),
  'convert' => false,
)
[ info ] [ HEADER ] array (
  'host' => 'www.vuecms.com',
  'connection' => 'close',
  'accept' => 'application/json, text/plain, */*',
  'user-agent' => 'Mozilla/5.0 (iPhone; CPU iPhone OS 11_0 like Mac OS X) AppleWebKit/604.1.38 (KHTML, like Gecko) Version/11.0 Mobile/15A372 Safari/604.1',
  'referer' => 'http://localhost:8081/',
  'accept-encoding' => 'gzip, deflate, br',
  'accept-language' => 'zh-CN,zh;q=0.9',
  'cookie' => 'Pycharm-f3d843f3=9df3831e-8719-4ad7-84fb-2dfc2226a352',
)
[ info ] [ PARAM ] array (
  'id' => '10',
)
[ info ] [ RUN ] app\api\controller\Api->getNewsDetail[ G:\phpstudy\PHPTutorial\WWW\VueCmsApi\application\api\controller\Api.php ]
[ info ] [ DB ] INIT mysql
[ info ] [ LOG ] INIT File
[ sql ] [ DB ] CONNECT:[ UseTime:0.034794s ] mysql:dbname=vue_cms_api;host=127.0.0.1;port=3306;charset=utf8
[ sql ] [ SQL ] SHOW COLUMNS FROM `think_news` [ RunTime:0.042865s ]
[ sql ] [ SQL ] SELECT * FROM `think_news` WHERE  `id` = 10 LIMIT 1 [ RunTime:0.002414s ]
---------------------------------------------------------------
[ 2018-05-24T20:20:46+08:00 ] 127.0.0.1 127.0.0.1 GET /api/getnewslist
[ info ] www.vuecms.com/api/getnewslist [运行时间：0.545066s][吞吐率：1.83req/s] [内存消耗：1,671.66kb] [文件加载：36]
[ info ] [ LANG ] G:\phpstudy\PHPTutorial\WWW\VueCmsApi\thinkphp\lang\zh-cn.php
[ info ] [ ROUTE ] array (
  'type' => 'module',
  'module' => 
  array (
    0 => 'api',
    1 => 'Api',
    2 => 'getNewsList',
  ),
  'convert' => false,
)
[ info ] [ HEADER ] array (
  'host' => 'www.vuecms.com',
  'connection' => 'close',
  'accept' => 'application/json, text/plain, */*',
  'user-agent' => 'Mozilla/5.0 (iPhone; CPU iPhone OS 11_0 like Mac OS X) AppleWebKit/604.1.38 (KHTML, like Gecko) Version/11.0 Mobile/15A372 Safari/604.1',
  'referer' => 'http://localhost:8081/',
  'accept-encoding' => 'gzip, deflate, br',
  'accept-language' => 'zh-CN,zh;q=0.9',
  'cookie' => 'Pycharm-f3d843f3=9df3831e-8719-4ad7-84fb-2dfc2226a352',
)
[ info ] [ PARAM ] array (
)
[ info ] [ RUN ] app\api\controller\Api->getNewsList[ G:\phpstudy\PHPTutorial\WWW\VueCmsApi\application\api\controller\Api.php ]
[ info ] [ DB ] INIT mysql
[ info ] [ LOG ] INIT File
[ sql ] [ DB ] CONNECT:[ UseTime:0.275379s ] mysql:dbname=vue_cms_api;host=127.0.0.1;port=3306;charset=utf8
[ sql ] [ SQL ] SHOW COLUMNS FROM `think_news` [ RunTime:0.065126s ]
[ sql ] [ SQL ] SELECT * FROM `think_news` ORDER BY `id`  desc [ RunTime:0.003701s ]
[ sql ] [ SQL ] SELECT COUNT(*) AS tp_count FROM `think_news` LIMIT 1 [ RunTime:0.001544s ]
---------------------------------------------------------------
[ 2018-05-24T20:20:48+08:00 ] 127.0.0.1 127.0.0.1 GET /api/getswipe
[ info ] www.vuecms.com/api/getswipe [运行时间：0.213819s][吞吐率：4.68req/s] [内存消耗：1,573.93kb] [文件加载：36]
[ info ] [ LANG ] G:\phpstudy\PHPTutorial\WWW\VueCmsApi\thinkphp\lang\zh-cn.php
[ info ] [ ROUTE ] array (
  'type' => 'module',
  'module' => 
  array (
    0 => 'api',
    1 => 'Api',
    2 => 'getSwipe',
  ),
  'convert' => false,
)
[ info ] [ HEADER ] array (
  'host' => 'www.vuecms.com',
  'connection' => 'close',
  'accept' => 'application/json, text/plain, */*',
  'user-agent' => 'Mozilla/5.0 (iPhone; CPU iPhone OS 11_0 like Mac OS X) AppleWebKit/604.1.38 (KHTML, like Gecko) Version/11.0 Mobile/15A372 Safari/604.1',
  'referer' => 'http://localhost:8081/',
  'accept-encoding' => 'gzip, deflate, br',
  'accept-language' => 'zh-CN,zh;q=0.9',
  'cookie' => 'Pycharm-f3d843f3=9df3831e-8719-4ad7-84fb-2dfc2226a352',
)
[ info ] [ PARAM ] array (
)
[ info ] [ RUN ] app\api\controller\Api->getSwipe[ G:\phpstudy\PHPTutorial\WWW\VueCmsApi\application\api\controller\Api.php ]
[ info ] [ DB ] INIT mysql
[ info ] [ LOG ] INIT File
[ sql ] [ DB ] CONNECT:[ UseTime:0.014192s ] mysql:dbname=vue_cms_api;host=127.0.0.1;port=3306;charset=utf8
[ sql ] [ SQL ] SHOW COLUMNS FROM `think_swipe` [ RunTime:0.022123s ]
[ sql ] [ SQL ] SELECT * FROM `think_swipe` ORDER BY `id`  desc LIMIT 3 [ RunTime:0.001811s ]
[ sql ] [ SQL ] SELECT COUNT(*) AS tp_count FROM `think_swipe` LIMIT 1 [ RunTime:0.001654s ]
---------------------------------------------------------------
[ 2018-05-24T20:20:49+08:00 ] 127.0.0.1 127.0.0.1 GET /api/getimgcategory/
[ info ] www.vuecms.com/api/getimgcategory/ [运行时间：0.212377s][吞吐率：4.71req/s] [内存消耗：1,574.53kb] [文件加载：36]
[ info ] [ LANG ] G:\phpstudy\PHPTutorial\WWW\VueCmsApi\thinkphp\lang\zh-cn.php
[ info ] [ ROUTE ] array (
  'type' => 'module',
  'module' => 
  array (
    0 => 'api',
    1 => 'Api',
    2 => 'getImgCategory',
  ),
  'convert' => false,
)
[ info ] [ HEADER ] array (
  'host' => 'www.vuecms.com',
  'connection' => 'close',
  'accept' => 'application/json, text/plain, */*',
  'user-agent' => 'Mozilla/5.0 (iPhone; CPU iPhone OS 11_0 like Mac OS X) AppleWebKit/604.1.38 (KHTML, like Gecko) Version/11.0 Mobile/15A372 Safari/604.1',
  'referer' => 'http://localhost:8081/',
  'accept-encoding' => 'gzip, deflate, br',
  'accept-language' => 'zh-CN,zh;q=0.9',
  'cookie' => 'Pycharm-f3d843f3=9df3831e-8719-4ad7-84fb-2dfc2226a352',
)
[ info ] [ PARAM ] array (
)
[ info ] [ RUN ] app\api\controller\Api->getImgCategory[ G:\phpstudy\PHPTutorial\WWW\VueCmsApi\application\api\controller\Api.php ]
[ info ] [ DB ] INIT mysql
[ info ] [ LOG ] INIT File
[ sql ] [ DB ] CONNECT:[ UseTime:0.038927s ] mysql:dbname=vue_cms_api;host=127.0.0.1;port=3306;charset=utf8
[ sql ] [ SQL ] SHOW COLUMNS FROM `think_img_category` [ RunTime:0.029670s ]
[ sql ] [ SQL ] SELECT * FROM `think_img_category` [ RunTime:0.001956s ]
[ sql ] [ SQL ] SELECT COUNT(*) AS tp_count FROM `think_img_category` LIMIT 1 [ RunTime:0.001797s ]
---------------------------------------------------------------
[ 2018-05-24T20:20:50+08:00 ] 127.0.0.1 127.0.0.1 GET /api/getimages/0
[ info ] www.vuecms.com/api/getimages/0 [运行时间：0.185928s][吞吐率：5.38req/s] [内存消耗：1,648.50kb] [文件加载：36]
[ info ] [ LANG ] G:\phpstudy\PHPTutorial\WWW\VueCmsApi\thinkphp\lang\zh-cn.php
[ info ] [ ROUTE ] array (
  'type' => 'module',
  'module' => 
  array (
    0 => 'api',
    1 => 'Api',
    2 => 'getImage',
  ),
  'convert' => false,
)
[ info ] [ HEADER ] array (
  'host' => 'www.vuecms.com',
  'connection' => 'close',
  'accept' => 'application/json, text/plain, */*',
  'user-agent' => 'Mozilla/5.0 (iPhone; CPU iPhone OS 11_0 like Mac OS X) AppleWebKit/604.1.38 (KHTML, like Gecko) Version/11.0 Mobile/15A372 Safari/604.1',
  'referer' => 'http://localhost:8081/',
  'accept-encoding' => 'gzip, deflate, br',
  'accept-language' => 'zh-CN,zh;q=0.9',
  'cookie' => 'Pycharm-f3d843f3=9df3831e-8719-4ad7-84fb-2dfc2226a352',
)
[ info ] [ PARAM ] array (
  'id' => '0',
)
[ info ] [ RUN ] app\api\controller\Api->getImage[ G:\phpstudy\PHPTutorial\WWW\VueCmsApi\application\api\controller\Api.php ]
[ info ] [ DB ] INIT mysql
[ info ] [ LOG ] INIT File
[ sql ] [ DB ] CONNECT:[ UseTime:0.009530s ] mysql:dbname=vue_cms_api;host=127.0.0.1;port=3306;charset=utf8
[ sql ] [ SQL ] SHOW COLUMNS FROM `think_img` [ RunTime:0.017809s ]
[ sql ] [ SQL ] SELECT * FROM `think_img` INNER JOIN `think_img_category` `imgc` ON `imgcategory_id`=`imgc`.`id` [ RunTime:0.003702s ]
[ sql ] [ SQL ] SELECT COUNT(*) AS tp_count FROM `think_img` LIMIT 1 [ RunTime:0.001510s ]
---------------------------------------------------------------
[ 2018-05-24T20:20:53+08:00 ] 127.0.0.1 127.0.0.1 GET /api/getimagedetail/1
[ info ] www.vuecms.com/api/getimagedetail/1 [运行时间：0.168931s][吞吐率：5.92req/s] [内存消耗：1,592.51kb] [文件加载：36]
[ info ] [ LANG ] G:\phpstudy\PHPTutorial\WWW\VueCmsApi\thinkphp\lang\zh-cn.php
[ info ] [ ROUTE ] array (
  'type' => 'module',
  'module' => 
  array (
    0 => 'api',
    1 => 'Api',
    2 => 'getImageDetail',
  ),
  'convert' => false,
)
[ info ] [ HEADER ] array (
  'host' => 'www.vuecms.com',
  'connection' => 'close',
  'accept' => 'application/json, text/plain, */*',
  'user-agent' => 'Mozilla/5.0 (iPhone; CPU iPhone OS 11_0 like Mac OS X) AppleWebKit/604.1.38 (KHTML, like Gecko) Version/11.0 Mobile/15A372 Safari/604.1',
  'referer' => 'http://localhost:8081/',
  'accept-encoding' => 'gzip, deflate, br',
  'accept-language' => 'zh-CN,zh;q=0.9',
  'cookie' => 'Pycharm-f3d843f3=9df3831e-8719-4ad7-84fb-2dfc2226a352',
)
[ info ] [ PARAM ] array (
  'id' => '1',
)
[ info ] [ RUN ] app\api\controller\Api->getImageDetail[ G:\phpstudy\PHPTutorial\WWW\VueCmsApi\application\api\controller\Api.php ]
[ info ] [ DB ] INIT mysql
[ info ] [ LOG ] INIT File
[ sql ] [ DB ] CONNECT:[ UseTime:0.010544s ] mysql:dbname=vue_cms_api;host=127.0.0.1;port=3306;charset=utf8
[ sql ] [ SQL ] SHOW COLUMNS FROM `think_img` [ RunTime:0.005574s ]
[ sql ] [ SQL ] SELECT * FROM `think_img` INNER JOIN `think_img_category` `imgc` ON `imgcategory_id`=`imgc`.`id` WHERE  `img_id` = 1 LIMIT 1 [ RunTime:0.002551s ]
---------------------------------------------------------------
[ 2018-05-24T20:24:00+08:00 ] 127.0.0.1 127.0.0.1 GET /api/getimgcategory/
[ info ] www.vuecms.com/api/getimgcategory/ [运行时间：0.204780s][吞吐率：4.88req/s] [内存消耗：1,574.53kb] [文件加载：36]
[ info ] [ LANG ] G:\phpstudy\PHPTutorial\WWW\VueCmsApi\thinkphp\lang\zh-cn.php
[ info ] [ ROUTE ] array (
  'type' => 'module',
  'module' => 
  array (
    0 => 'api',
    1 => 'Api',
    2 => 'getImgCategory',
  ),
  'convert' => false,
)
[ info ] [ HEADER ] array (
  'host' => 'www.vuecms.com',
  'connection' => 'close',
  'accept' => 'application/json, text/plain, */*',
  'user-agent' => 'Mozilla/5.0 (iPhone; CPU iPhone OS 11_0 like Mac OS X) AppleWebKit/604.1.38 (KHTML, like Gecko) Version/11.0 Mobile/15A372 Safari/604.1',
  'referer' => 'http://localhost:8081/',
  'accept-encoding' => 'gzip, deflate, br',
  'accept-language' => 'zh-CN,zh;q=0.9',
  'cookie' => 'Pycharm-f3d843f3=9df3831e-8719-4ad7-84fb-2dfc2226a352',
)
[ info ] [ PARAM ] array (
)
[ info ] [ RUN ] app\api\controller\Api->getImgCategory[ G:\phpstudy\PHPTutorial\WWW\VueCmsApi\application\api\controller\Api.php ]
[ info ] [ DB ] INIT mysql
[ info ] [ LOG ] INIT File
[ sql ] [ DB ] CONNECT:[ UseTime:0.032207s ] mysql:dbname=vue_cms_api;host=127.0.0.1;port=3306;charset=utf8
[ sql ] [ SQL ] SHOW COLUMNS FROM `think_img_category` [ RunTime:0.029727s ]
[ sql ] [ SQL ] SELECT * FROM `think_img_category` [ RunTime:0.001891s ]
[ sql ] [ SQL ] SELECT COUNT(*) AS tp_count FROM `think_img_category` LIMIT 1 [ RunTime:0.001667s ]
---------------------------------------------------------------
[ 2018-05-24T20:24:00+08:00 ] 127.0.0.1 127.0.0.1 GET /api/getimages/0
[ info ] www.vuecms.com/api/getimages/0 [运行时间：0.179897s][吞吐率：5.56req/s] [内存消耗：1,648.50kb] [文件加载：36]
[ info ] [ LANG ] G:\phpstudy\PHPTutorial\WWW\VueCmsApi\thinkphp\lang\zh-cn.php
[ info ] [ ROUTE ] array (
  'type' => 'module',
  'module' => 
  array (
    0 => 'api',
    1 => 'Api',
    2 => 'getImage',
  ),
  'convert' => false,
)
[ info ] [ HEADER ] array (
  'host' => 'www.vuecms.com',
  'connection' => 'close',
  'accept' => 'application/json, text/plain, */*',
  'user-agent' => 'Mozilla/5.0 (iPhone; CPU iPhone OS 11_0 like Mac OS X) AppleWebKit/604.1.38 (KHTML, like Gecko) Version/11.0 Mobile/15A372 Safari/604.1',
  'referer' => 'http://localhost:8081/',
  'accept-encoding' => 'gzip, deflate, br',
  'accept-language' => 'zh-CN,zh;q=0.9',
  'cookie' => 'Pycharm-f3d843f3=9df3831e-8719-4ad7-84fb-2dfc2226a352',
)
[ info ] [ PARAM ] array (
  'id' => '0',
)
[ info ] [ RUN ] app\api\controller\Api->getImage[ G:\phpstudy\PHPTutorial\WWW\VueCmsApi\application\api\controller\Api.php ]
[ info ] [ DB ] INIT mysql
[ info ] [ LOG ] INIT File
[ sql ] [ DB ] CONNECT:[ UseTime:0.011540s ] mysql:dbname=vue_cms_api;host=127.0.0.1;port=3306;charset=utf8
[ sql ] [ SQL ] SHOW COLUMNS FROM `think_img` [ RunTime:0.019186s ]
[ sql ] [ SQL ] SELECT * FROM `think_img` INNER JOIN `think_img_category` `imgc` ON `imgcategory_id`=`imgc`.`id` [ RunTime:0.003621s ]
[ sql ] [ SQL ] SELECT COUNT(*) AS tp_count FROM `think_img` LIMIT 1 [ RunTime:0.001470s ]
---------------------------------------------------------------
[ 2018-05-24T20:24:02+08:00 ] 127.0.0.1 127.0.0.1 GET /api/getswipe
[ info ] www.vuecms.com/api/getswipe [运行时间：0.332117s][吞吐率：3.01req/s] [内存消耗：1,573.93kb] [文件加载：36]
[ info ] [ LANG ] G:\phpstudy\PHPTutorial\WWW\VueCmsApi\thinkphp\lang\zh-cn.php
[ info ] [ ROUTE ] array (
  'type' => 'module',
  'module' => 
  array (
    0 => 'api',
    1 => 'Api',
    2 => 'getSwipe',
  ),
  'convert' => false,
)
[ info ] [ HEADER ] array (
  'host' => 'www.vuecms.com',
  'connection' => 'close',
  'accept' => 'application/json, text/plain, */*',
  'user-agent' => 'Mozilla/5.0 (iPhone; CPU iPhone OS 11_0 like Mac OS X) AppleWebKit/604.1.38 (KHTML, like Gecko) Version/11.0 Mobile/15A372 Safari/604.1',
  'referer' => 'http://localhost:8081/',
  'accept-encoding' => 'gzip, deflate, br',
  'accept-language' => 'zh-CN,zh;q=0.9',
  'cookie' => 'Pycharm-f3d843f3=9df3831e-8719-4ad7-84fb-2dfc2226a352',
)
[ info ] [ PARAM ] array (
)
[ info ] [ RUN ] app\api\controller\Api->getSwipe[ G:\phpstudy\PHPTutorial\WWW\VueCmsApi\application\api\controller\Api.php ]
[ info ] [ DB ] INIT mysql
[ info ] [ LOG ] INIT File
[ sql ] [ DB ] CONNECT:[ UseTime:0.043009s ] mysql:dbname=vue_cms_api;host=127.0.0.1;port=3306;charset=utf8
[ sql ] [ SQL ] SHOW COLUMNS FROM `think_swipe` [ RunTime:0.115305s ]
[ sql ] [ SQL ] SELECT * FROM `think_swipe` ORDER BY `id`  desc LIMIT 3 [ RunTime:0.024864s ]
[ sql ] [ SQL ] SELECT COUNT(*) AS tp_count FROM `think_swipe` LIMIT 1 [ RunTime:0.020716s ]
---------------------------------------------------------------
[ 2018-05-24T20:24:03+08:00 ] 127.0.0.1 127.0.0.1 GET /api/getnewslist
[ info ] www.vuecms.com/api/getnewslist [运行时间：0.270592s][吞吐率：3.70req/s] [内存消耗：1,671.66kb] [文件加载：36]
[ info ] [ LANG ] G:\phpstudy\PHPTutorial\WWW\VueCmsApi\thinkphp\lang\zh-cn.php
[ info ] [ ROUTE ] array (
  'type' => 'module',
  'module' => 
  array (
    0 => 'api',
    1 => 'Api',
    2 => 'getNewsList',
  ),
  'convert' => false,
)
[ info ] [ HEADER ] array (
  'host' => 'www.vuecms.com',
  'connection' => 'close',
  'accept' => 'application/json, text/plain, */*',
  'user-agent' => 'Mozilla/5.0 (iPhone; CPU iPhone OS 11_0 like Mac OS X) AppleWebKit/604.1.38 (KHTML, like Gecko) Version/11.0 Mobile/15A372 Safari/604.1',
  'referer' => 'http://localhost:8081/',
  'accept-encoding' => 'gzip, deflate, br',
  'accept-language' => 'zh-CN,zh;q=0.9',
  'cookie' => 'Pycharm-f3d843f3=9df3831e-8719-4ad7-84fb-2dfc2226a352',
)
[ info ] [ PARAM ] array (
)
[ info ] [ RUN ] app\api\controller\Api->getNewsList[ G:\phpstudy\PHPTutorial\WWW\VueCmsApi\application\api\controller\Api.php ]
[ info ] [ DB ] INIT mysql
[ info ] [ LOG ] INIT File
[ sql ] [ DB ] CONNECT:[ UseTime:0.033287s ] mysql:dbname=vue_cms_api;host=127.0.0.1;port=3306;charset=utf8
[ sql ] [ SQL ] SHOW COLUMNS FROM `think_news` [ RunTime:0.059954s ]
[ sql ] [ SQL ] SELECT * FROM `think_news` ORDER BY `id`  desc [ RunTime:0.015721s ]
[ sql ] [ SQL ] SELECT COUNT(*) AS tp_count FROM `think_news` LIMIT 1 [ RunTime:0.001603s ]
---------------------------------------------------------------
[ 2018-05-24T20:24:07+08:00 ] 127.0.0.1 127.0.0.1 GET /api/getswipe
[ info ] www.vuecms.com/api/getswipe [运行时间：0.562974s][吞吐率：1.78req/s] [内存消耗：1,573.93kb] [文件加载：36]
[ info ] [ LANG ] G:\phpstudy\PHPTutorial\WWW\VueCmsApi\thinkphp\lang\zh-cn.php
[ info ] [ ROUTE ] array (
  'type' => 'module',
  'module' => 
  array (
    0 => 'api',
    1 => 'Api',
    2 => 'getSwipe',
  ),
  'convert' => false,
)
[ info ] [ HEADER ] array (
  'host' => 'www.vuecms.com',
  'connection' => 'close',
  'accept' => 'application/json, text/plain, */*',
  'user-agent' => 'Mozilla/5.0 (iPhone; CPU iPhone OS 11_0 like Mac OS X) AppleWebKit/604.1.38 (KHTML, like Gecko) Version/11.0 Mobile/15A372 Safari/604.1',
  'referer' => 'http://localhost:8081/',
  'accept-encoding' => 'gzip, deflate, br',
  'accept-language' => 'zh-CN,zh;q=0.9',
  'cookie' => 'Pycharm-f3d843f3=9df3831e-8719-4ad7-84fb-2dfc2226a352',
)
[ info ] [ PARAM ] array (
)
[ info ] [ RUN ] app\api\controller\Api->getSwipe[ G:\phpstudy\PHPTutorial\WWW\VueCmsApi\application\api\controller\Api.php ]
[ info ] [ DB ] INIT mysql
[ info ] [ LOG ] INIT File
[ sql ] [ DB ] CONNECT:[ UseTime:0.019139s ] mysql:dbname=vue_cms_api;host=127.0.0.1;port=3306;charset=utf8
[ sql ] [ SQL ] SHOW COLUMNS FROM `think_swipe` [ RunTime:0.378064s ]
[ sql ] [ SQL ] SELECT * FROM `think_swipe` ORDER BY `id`  desc LIMIT 3 [ RunTime:0.001863s ]
[ sql ] [ SQL ] SELECT COUNT(*) AS tp_count FROM `think_swipe` LIMIT 1 [ RunTime:0.035706s ]
---------------------------------------------------------------
[ 2018-05-24T20:24:08+08:00 ] 127.0.0.1 127.0.0.1 GET /api/getimgcategory/
[ info ] www.vuecms.com/api/getimgcategory/ [运行时间：0.215302s][吞吐率：4.64req/s] [内存消耗：1,574.53kb] [文件加载：36]
[ info ] [ LANG ] G:\phpstudy\PHPTutorial\WWW\VueCmsApi\thinkphp\lang\zh-cn.php
[ info ] [ ROUTE ] array (
  'type' => 'module',
  'module' => 
  array (
    0 => 'api',
    1 => 'Api',
    2 => 'getImgCategory',
  ),
  'convert' => false,
)
[ info ] [ HEADER ] array (
  'host' => 'www.vuecms.com',
  'connection' => 'close',
  'accept' => 'application/json, text/plain, */*',
  'user-agent' => 'Mozilla/5.0 (iPhone; CPU iPhone OS 11_0 like Mac OS X) AppleWebKit/604.1.38 (KHTML, like Gecko) Version/11.0 Mobile/15A372 Safari/604.1',
  'referer' => 'http://localhost:8081/',
  'accept-encoding' => 'gzip, deflate, br',
  'accept-language' => 'zh-CN,zh;q=0.9',
  'cookie' => 'Pycharm-f3d843f3=9df3831e-8719-4ad7-84fb-2dfc2226a352',
)
[ info ] [ PARAM ] array (
)
[ info ] [ RUN ] app\api\controller\Api->getImgCategory[ G:\phpstudy\PHPTutorial\WWW\VueCmsApi\application\api\controller\Api.php ]
[ info ] [ DB ] INIT mysql
[ info ] [ LOG ] INIT File
[ sql ] [ DB ] CONNECT:[ UseTime:0.019685s ] mysql:dbname=vue_cms_api;host=127.0.0.1;port=3306;charset=utf8
[ sql ] [ SQL ] SHOW COLUMNS FROM `think_img_category` [ RunTime:0.033863s ]
[ sql ] [ SQL ] SELECT * FROM `think_img_category` [ RunTime:0.017561s ]
[ sql ] [ SQL ] SELECT COUNT(*) AS tp_count FROM `think_img_category` LIMIT 1 [ RunTime:0.001845s ]
---------------------------------------------------------------
[ 2018-05-24T20:24:08+08:00 ] 127.0.0.1 127.0.0.1 GET /api/getimages/0
[ info ] www.vuecms.com/api/getimages/0 [运行时间：0.259517s][吞吐率：3.85req/s] [内存消耗：1,648.50kb] [文件加载：36]
[ info ] [ LANG ] G:\phpstudy\PHPTutorial\WWW\VueCmsApi\thinkphp\lang\zh-cn.php
[ info ] [ ROUTE ] array (
  'type' => 'module',
  'module' => 
  array (
    0 => 'api',
    1 => 'Api',
    2 => 'getImage',
  ),
  'convert' => false,
)
[ info ] [ HEADER ] array (
  'host' => 'www.vuecms.com',
  'connection' => 'close',
  'accept' => 'application/json, text/plain, */*',
  'user-agent' => 'Mozilla/5.0 (iPhone; CPU iPhone OS 11_0 like Mac OS X) AppleWebKit/604.1.38 (KHTML, like Gecko) Version/11.0 Mobile/15A372 Safari/604.1',
  'referer' => 'http://localhost:8081/',
  'accept-encoding' => 'gzip, deflate, br',
  'accept-language' => 'zh-CN,zh;q=0.9',
  'cookie' => 'Pycharm-f3d843f3=9df3831e-8719-4ad7-84fb-2dfc2226a352',
)
[ info ] [ PARAM ] array (
  'id' => '0',
)
[ info ] [ RUN ] app\api\controller\Api->getImage[ G:\phpstudy\PHPTutorial\WWW\VueCmsApi\application\api\controller\Api.php ]
[ info ] [ DB ] INIT mysql
[ info ] [ LOG ] INIT File
[ sql ] [ DB ] CONNECT:[ UseTime:0.025104s ] mysql:dbname=vue_cms_api;host=127.0.0.1;port=3306;charset=utf8
[ sql ] [ SQL ] SHOW COLUMNS FROM `think_img` [ RunTime:0.040904s ]
[ sql ] [ SQL ] SELECT * FROM `think_img` INNER JOIN `think_img_category` `imgc` ON `imgcategory_id`=`imgc`.`id` [ RunTime:0.003932s ]
[ sql ] [ SQL ] SELECT COUNT(*) AS tp_count FROM `think_img` LIMIT 1 [ RunTime:0.002023s ]
---------------------------------------------------------------
[ 2018-05-24T20:24:14+08:00 ] 127.0.0.1 127.0.0.1 GET /api/getimagedetail/2
[ info ] www.vuecms.com/api/getimagedetail/2 [运行时间：0.441259s][吞吐率：2.27req/s] [内存消耗：1,588.45kb] [文件加载：36]
[ info ] [ LANG ] G:\phpstudy\PHPTutorial\WWW\VueCmsApi\thinkphp\lang\zh-cn.php
[ info ] [ ROUTE ] array (
  'type' => 'module',
  'module' => 
  array (
    0 => 'api',
    1 => 'Api',
    2 => 'getImageDetail',
  ),
  'convert' => false,
)
[ info ] [ HEADER ] array (
  'host' => 'www.vuecms.com',
  'connection' => 'close',
  'accept' => 'application/json, text/plain, */*',
  'user-agent' => 'Mozilla/5.0 (iPhone; CPU iPhone OS 11_0 like Mac OS X) AppleWebKit/604.1.38 (KHTML, like Gecko) Version/11.0 Mobile/15A372 Safari/604.1',
  'referer' => 'http://localhost:8081/',
  'accept-encoding' => 'gzip, deflate, br',
  'accept-language' => 'zh-CN,zh;q=0.9',
  'cookie' => 'Pycharm-f3d843f3=9df3831e-8719-4ad7-84fb-2dfc2226a352',
)
[ info ] [ PARAM ] array (
  'id' => '2',
)
[ info ] [ RUN ] app\api\controller\Api->getImageDetail[ G:\phpstudy\PHPTutorial\WWW\VueCmsApi\application\api\controller\Api.php ]
[ info ] [ DB ] INIT mysql
[ info ] [ LOG ] INIT File
[ sql ] [ DB ] CONNECT:[ UseTime:0.021568s ] mysql:dbname=vue_cms_api;host=127.0.0.1;port=3306;charset=utf8
[ sql ] [ SQL ] SHOW COLUMNS FROM `think_img` [ RunTime:0.033504s ]
[ sql ] [ SQL ] SELECT * FROM `think_img` INNER JOIN `think_img_category` `imgc` ON `imgcategory_id`=`imgc`.`id` WHERE  `img_id` = 2 LIMIT 1 [ RunTime:0.018352s ]
