---------------------------------------------------------------
[ 2018-05-29T19:33:46+08:00 ] 127.0.0.1 127.0.0.1 GET /api/getswipe
[ info ] www.vuecms.com/api/getswipe [运行时间：0.609374s][吞吐率：1.64req/s] [内存消耗：1,573.93kb] [文件加载：36]
[ info ] [ LANG ] G:\phpstudy\PHPTutorial\WWW\VueCmsApi\thinkphp\lang\zh-cn.php
[ info ] [ ROUTE ] array (
  'type' => 'module',
  'module' => 
  array (
    0 => 'api',
    1 => 'Api',
    2 => 'getSwipe',
  ),
  'convert' => false,
)
[ info ] [ HEADER ] array (
  'host' => 'www.vuecms.com',
  'connection' => 'close',
  'accept' => 'application/json, text/plain, */*',
  'user-agent' => 'Mozilla/5.0 (Windows NT 6.3; Win64; x64) AppleWebKit/537.36 (KHTML, like Gecko) Chrome/66.0.3359.117 Safari/537.36',
  'referer' => 'http://localhost:8081/',
  'accept-encoding' => 'gzip, deflate, br',
  'accept-language' => 'zh-CN,zh;q=0.9',
  'cookie' => 'Pycharm-f3d843f3=9df3831e-8719-4ad7-84fb-2dfc2226a352',
)
[ info ] [ PARAM ] array (
)
[ info ] [ RUN ] app\api\controller\Api->getSwipe[ G:\phpstudy\PHPTutorial\WWW\VueCmsApi\application\api\controller\Api.php ]
[ info ] [ DB ] INIT mysql
[ info ] [ LOG ] INIT File
[ sql ] [ DB ] CONNECT:[ UseTime:0.234823s ] mysql:dbname=vue_cms_api;host=127.0.0.1;port=3306;charset=utf8
[ sql ] [ SQL ] SHOW COLUMNS FROM `think_swipe` [ RunTime:0.058011s ]
[ sql ] [ SQL ] SELECT * FROM `think_swipe` ORDER BY `id`  desc LIMIT 3 [ RunTime:0.001937s ]
[ sql ] [ SQL ] SELECT COUNT(*) AS tp_count FROM `think_swipe` LIMIT 1 [ RunTime:0.001694s ]
---------------------------------------------------------------
[ 2018-05-29T21:26:55+08:00 ] 127.0.0.1 127.0.0.1 GET /api/getswipe
[ info ] www.vuecms.com/api/getswipe [运行时间：5.789153s][吞吐率：0.17req/s] [内存消耗：1,573.93kb] [文件加载：36]
[ info ] [ LANG ] G:\phpstudy\PHPTutorial\WWW\VueCmsApi\thinkphp\lang\zh-cn.php
[ info ] [ ROUTE ] array (
  'type' => 'module',
  'module' => 
  array (
    0 => 'api',
    1 => 'Api',
    2 => 'getSwipe',
  ),
  'convert' => false,
)
[ info ] [ HEADER ] array (
  'host' => 'www.vuecms.com',
  'connection' => 'close',
  'accept' => 'application/json, text/plain, */*',
  'user-agent' => 'Mozilla/5.0 (iPhone; CPU iPhone OS 10_3_1 like Mac OS X) AppleWebKit/603.1.30 (KHTML, like Gecko) Version/10.0 Mobile/14E304 Safari/602.1',
  'referer' => 'http://localhost:8081/',
  'accept-encoding' => 'gzip, deflate, br',
  'accept-language' => 'zh-CN,zh;q=0.9',
  'cookie' => 'Pycharm-f3d843f3=9df3831e-8719-4ad7-84fb-2dfc2226a352',
)
[ info ] [ PARAM ] array (
)
[ info ] [ RUN ] app\api\controller\Api->getSwipe[ G:\phpstudy\PHPTutorial\WWW\VueCmsApi\application\api\controller\Api.php ]
[ info ] [ DB ] INIT mysql
[ info ] [ LOG ] INIT File
[ sql ] [ DB ] CONNECT:[ UseTime:4.398029s ] mysql:dbname=vue_cms_api;host=127.0.0.1;port=3306;charset=utf8
[ sql ] [ SQL ] SHOW COLUMNS FROM `think_swipe` [ RunTime:1.098065s ]
[ sql ] [ SQL ] SELECT * FROM `think_swipe` ORDER BY `id`  desc LIMIT 3 [ RunTime:0.074154s ]
[ sql ] [ SQL ] SELECT COUNT(*) AS tp_count FROM `think_swipe` LIMIT 1 [ RunTime:0.026035s ]
---------------------------------------------------------------
[ 2018-05-29T21:27:10+08:00 ] 127.0.0.1 127.0.0.1 GET /api/getimgcategory/
[ info ] www.vuecms.com/api/getimgcategory/ [运行时间：1.172789s][吞吐率：0.85req/s] [内存消耗：1,574.53kb] [文件加载：36]
[ info ] [ LANG ] G:\phpstudy\PHPTutorial\WWW\VueCmsApi\thinkphp\lang\zh-cn.php
[ info ] [ ROUTE ] array (
  'type' => 'module',
  'module' => 
  array (
    0 => 'api',
    1 => 'Api',
    2 => 'getImgCategory',
  ),
  'convert' => false,
)
[ info ] [ HEADER ] array (
  'host' => 'www.vuecms.com',
  'connection' => 'close',
  'accept' => 'application/json, text/plain, */*',
  'user-agent' => 'Mozilla/5.0 (iPhone; CPU iPhone OS 10_3_1 like Mac OS X) AppleWebKit/603.1.30 (KHTML, like Gecko) Version/10.0 Mobile/14E304 Safari/602.1',
  'referer' => 'http://localhost:8081/',
  'accept-encoding' => 'gzip, deflate, br',
  'accept-language' => 'zh-CN,zh;q=0.9',
  'cookie' => 'Pycharm-f3d843f3=9df3831e-8719-4ad7-84fb-2dfc2226a352',
)
[ info ] [ PARAM ] array (
)
[ info ] [ RUN ] app\api\controller\Api->getImgCategory[ G:\phpstudy\PHPTutorial\WWW\VueCmsApi\application\api\controller\Api.php ]
[ info ] [ DB ] INIT mysql
[ info ] [ LOG ] INIT File
[ sql ] [ DB ] CONNECT:[ UseTime:0.036433s ] mysql:dbname=vue_cms_api;host=127.0.0.1;port=3306;charset=utf8
[ sql ] [ SQL ] SHOW COLUMNS FROM `think_img_category` [ RunTime:0.933060s ]
[ sql ] [ SQL ] SELECT * FROM `think_img_category` [ RunTime:0.030212s ]
[ sql ] [ SQL ] SELECT COUNT(*) AS tp_count FROM `think_img_category` LIMIT 1 [ RunTime:0.001541s ]
---------------------------------------------------------------
[ 2018-05-29T21:27:11+08:00 ] 127.0.0.1 127.0.0.1 GET /api/getimages/0
[ info ] www.vuecms.com/api/getimages/0 [运行时间：0.352374s][吞吐率：2.84req/s] [内存消耗：1,648.50kb] [文件加载：36]
[ info ] [ LANG ] G:\phpstudy\PHPTutorial\WWW\VueCmsApi\thinkphp\lang\zh-cn.php
[ info ] [ ROUTE ] array (
  'type' => 'module',
  'module' => 
  array (
    0 => 'api',
    1 => 'Api',
    2 => 'getImage',
  ),
  'convert' => false,
)
[ info ] [ HEADER ] array (
  'host' => 'www.vuecms.com',
  'connection' => 'close',
  'accept' => 'application/json, text/plain, */*',
  'user-agent' => 'Mozilla/5.0 (iPhone; CPU iPhone OS 10_3_1 like Mac OS X) AppleWebKit/603.1.30 (KHTML, like Gecko) Version/10.0 Mobile/14E304 Safari/602.1',
  'referer' => 'http://localhost:8081/',
  'accept-encoding' => 'gzip, deflate, br',
  'accept-language' => 'zh-CN,zh;q=0.9',
  'cookie' => 'Pycharm-f3d843f3=9df3831e-8719-4ad7-84fb-2dfc2226a352',
)
[ info ] [ PARAM ] array (
  'id' => '0',
)
[ info ] [ RUN ] app\api\controller\Api->getImage[ G:\phpstudy\PHPTutorial\WWW\VueCmsApi\application\api\controller\Api.php ]
[ info ] [ DB ] INIT mysql
[ info ] [ LOG ] INIT File
[ sql ] [ DB ] CONNECT:[ UseTime:0.029629s ] mysql:dbname=vue_cms_api;host=127.0.0.1;port=3306;charset=utf8
[ sql ] [ SQL ] SHOW COLUMNS FROM `think_img` [ RunTime:0.075172s ]
[ sql ] [ SQL ] SELECT * FROM `think_img` INNER JOIN `think_img_category` `imgc` ON `imgcategory_id`=`imgc`.`id` [ RunTime:0.104248s ]
[ sql ] [ SQL ] SELECT COUNT(*) AS tp_count FROM `think_img` LIMIT 1 [ RunTime:0.004380s ]
---------------------------------------------------------------
[ 2018-05-29T21:27:21+08:00 ] 127.0.0.1 127.0.0.1 GET /api/getimagedetail/1
[ info ] www.vuecms.com/api/getimagedetail/1 [运行时间：0.552111s][吞吐率：1.81req/s] [内存消耗：1,592.51kb] [文件加载：36]
[ info ] [ LANG ] G:\phpstudy\PHPTutorial\WWW\VueCmsApi\thinkphp\lang\zh-cn.php
[ info ] [ ROUTE ] array (
  'type' => 'module',
  'module' => 
  array (
    0 => 'api',
    1 => 'Api',
    2 => 'getImageDetail',
  ),
  'convert' => false,
)
[ info ] [ HEADER ] array (
  'host' => 'www.vuecms.com',
  'connection' => 'close',
  'accept' => 'application/json, text/plain, */*',
  'user-agent' => 'Mozilla/5.0 (iPhone; CPU iPhone OS 10_3_1 like Mac OS X) AppleWebKit/603.1.30 (KHTML, like Gecko) Version/10.0 Mobile/14E304 Safari/602.1',
  'referer' => 'http://localhost:8081/',
  'accept-encoding' => 'gzip, deflate, br',
  'accept-language' => 'zh-CN,zh;q=0.9',
  'cookie' => 'Pycharm-f3d843f3=9df3831e-8719-4ad7-84fb-2dfc2226a352',
)
[ info ] [ PARAM ] array (
  'id' => '1',
)
[ info ] [ RUN ] app\api\controller\Api->getImageDetail[ G:\phpstudy\PHPTutorial\WWW\VueCmsApi\application\api\controller\Api.php ]
[ info ] [ DB ] INIT mysql
[ info ] [ LOG ] INIT File
[ sql ] [ DB ] CONNECT:[ UseTime:0.031363s ] mysql:dbname=vue_cms_api;host=127.0.0.1;port=3306;charset=utf8
[ sql ] [ SQL ] SHOW COLUMNS FROM `think_img` [ RunTime:0.182304s ]
[ sql ] [ SQL ] SELECT * FROM `think_img` INNER JOIN `think_img_category` `imgc` ON `imgcategory_id`=`imgc`.`id` WHERE  `img_id` = 1 LIMIT 1 [ RunTime:0.156653s ]
---------------------------------------------------------------
[ 2018-05-29T21:59:17+08:00 ] 127.0.0.1 127.0.0.1 GET /admin
[ info ] www.vuecms.com/admin [运行时间：1.611184s][吞吐率：0.62req/s] [内存消耗：1,137.82kb] [文件加载：37]
[ info ] [ LANG ] G:\phpstudy\PHPTutorial\WWW\VueCmsApi\thinkphp\lang\zh-cn.php
[ info ] [ ROUTE ] array (
  'type' => 'module',
  'module' => 
  array (
    0 => 'index',
    1 => 'index',
    2 => 'index',
  ),
  'convert' => false,
)
[ info ] [ HEADER ] array (
  'accept-language' => 'zh-CN,zh;q=0.9',
  'accept-encoding' => 'gzip, deflate',
  'accept' => 'text/html,application/xhtml+xml,application/xml;q=0.9,image/webp,image/apng,*/*;q=0.8',
  'user-agent' => 'Mozilla/5.0 (Windows NT 6.3; Win64; x64) AppleWebKit/537.36 (KHTML, like Gecko) Chrome/66.0.3359.117 Safari/537.36',
  'upgrade-insecure-requests' => '1',
  'connection' => 'close',
  'host' => 'www.vuecms.com',
)
[ info ] [ PARAM ] array (
)
[ info ] [ SESSION ] INIT array (
  'id' => '',
  'var_session_id' => '',
  'prefix' => 'think',
  'type' => '',
  'auto_start' => true,
  'expire' => 604800,
)
[ info ] [ LOG ] INIT File
---------------------------------------------------------------
[ 2018-05-29T21:59:17+08:00 ] 127.0.0.1 127.0.0.1 GET /user/login.html
[ info ] www.vuecms.com/user/login.html [运行时间：0.219050s][吞吐率：4.57req/s] [内存消耗：1,193.88kb] [文件加载：38]
[ info ] [ LANG ] G:\phpstudy\PHPTutorial\WWW\VueCmsApi\thinkphp\lang\zh-cn.php
[ info ] [ ROUTE ] array (
  'type' => 'module',
  'module' => 
  array (
    0 => 'index',
    1 => 'user',
    2 => 'login',
  ),
  'convert' => false,
)
[ info ] [ HEADER ] array (
  'cookie' => 'PHPSESSID=8e15nhmsircr54rb5siolsvjs5',
  'accept-language' => 'zh-CN,zh;q=0.9',
  'accept-encoding' => 'gzip, deflate',
  'accept' => 'text/html,application/xhtml+xml,application/xml;q=0.9,image/webp,image/apng,*/*;q=0.8',
  'user-agent' => 'Mozilla/5.0 (Windows NT 6.3; Win64; x64) AppleWebKit/537.36 (KHTML, like Gecko) Chrome/66.0.3359.117 Safari/537.36',
  'upgrade-insecure-requests' => '1',
  'connection' => 'close',
  'host' => 'www.vuecms.com',
)
[ info ] [ PARAM ] array (
)
[ info ] [ RUN ] app\index\controller\User->login[ G:\phpstudy\PHPTutorial\WWW\VueCmsApi\application\index\controller\User.php ]
[ info ] [ VIEW ] G:\phpstudy\PHPTutorial\WWW\VueCmsApi\public/../application/index\view\user\login.html [ array (
  0 => 'status',
) ]
[ info ] [ LOG ] INIT File
---------------------------------------------------------------
[ 2018-05-29T21:59:36+08:00 ] 127.0.0.1 127.0.0.1 POST /user/login.html
[ info ] www.vuecms.com/user/login.html [运行时间：0.297898s][吞吐率：3.36req/s] [内存消耗：1,160.91kb] [文件加载：39]
[ info ] [ LANG ] G:\phpstudy\PHPTutorial\WWW\VueCmsApi\thinkphp\lang\zh-cn.php
[ info ] [ ROUTE ] array (
  'type' => 'module',
  'module' => 
  array (
    0 => 'index',
    1 => 'user',
    2 => 'login',
  ),
  'convert' => false,
)
[ info ] [ HEADER ] array (
  'cookie' => 'thinkphp_show_page_trace=0|0; PHPSESSID=8e15nhmsircr54rb5siolsvjs5',
  'accept-language' => 'zh-CN,zh;q=0.9',
  'accept-encoding' => 'gzip, deflate',
  'referer' => 'http://www.vuecms.com/user/login.html',
  'accept' => 'text/html,application/xhtml+xml,application/xml;q=0.9,image/webp,image/apng,*/*;q=0.8',
  'user-agent' => 'Mozilla/5.0 (Windows NT 6.3; Win64; x64) AppleWebKit/537.36 (KHTML, like Gecko) Chrome/66.0.3359.117 Safari/537.36',
  'content-type' => 'application/x-www-form-urlencoded',
  'upgrade-insecure-requests' => '1',
  'origin' => 'http://www.vuecms.com',
  'cache-control' => 'max-age=0',
  'content-length' => '32',
  'connection' => 'close',
  'host' => 'www.vuecms.com',
)
[ info ] [ PARAM ] array (
  'username' => 'admin',
  'password' => 'admin123',
)
[ info ] [ RUN ] app\index\controller\User->login[ G:\phpstudy\PHPTutorial\WWW\VueCmsApi\application\index\controller\User.php ]
[ info ] [ LOG ] INIT File
[ error ] [0]类不存在:app\common\model\User[G:\phpstudy\PHPTutorial\WWW\VueCmsApi\thinkphp\library\think\Loader.php:390]
---------------------------------------------------------------
[ 2018-05-29T22:02:14+08:00 ] 127.0.0.1 127.0.0.1 POST /user/login.html
[ info ] www.vuecms.com/user/login.html [运行时间：0.669470s][吞吐率：1.49req/s] [内存消耗：1,926.61kb] [文件加载：45]
[ info ] [ LANG ] G:\phpstudy\PHPTutorial\WWW\VueCmsApi\thinkphp\lang\zh-cn.php
[ info ] [ ROUTE ] array (
  'type' => 'module',
  'module' => 
  array (
    0 => 'index',
    1 => 'user',
    2 => 'login',
  ),
  'convert' => false,
)
[ info ] [ HEADER ] array (
  'cookie' => 'thinkphp_show_page_trace=0|0; PHPSESSID=8e15nhmsircr54rb5siolsvjs5',
  'accept-language' => 'zh-CN,zh;q=0.9',
  'accept-encoding' => 'gzip, deflate',
  'referer' => 'http://www.vuecms.com/user/login.html',
  'accept' => 'text/html,application/xhtml+xml,application/xml;q=0.9,image/webp,image/apng,*/*;q=0.8',
  'content-type' => 'application/x-www-form-urlencoded',
  'origin' => 'http://www.vuecms.com',
  'user-agent' => 'Mozilla/5.0 (Windows NT 6.3; Win64; x64) AppleWebKit/537.36 (KHTML, like Gecko) Chrome/66.0.3359.117 Safari/537.36',
  'upgrade-insecure-requests' => '1',
  'cache-control' => 'max-age=0',
  'content-length' => '32',
  'connection' => 'close',
  'host' => 'www.vuecms.com',
)
[ info ] [ PARAM ] array (
  'username' => 'admin',
  'password' => 'admin123',
)
[ info ] [ RUN ] app\index\controller\User->login[ G:\phpstudy\PHPTutorial\WWW\VueCmsApi\application\index\controller\User.php ]
[ info ] [ DB ] INIT mysql
[ info ] [ VIEW ] G:\phpstudy\PHPTutorial\WWW\VueCmsApi\public/../application/index\view\user\login.html [ array (
  0 => 'status',
) ]
[ info ] [ LOG ] INIT File
[ sql ] [ DB ] CONNECT:[ UseTime:0.096445s ] mysql:dbname=vue_cms_api;host=127.0.0.1;port=3306;charset=utf8
[ sql ] [ SQL ] SHOW COLUMNS FROM `think_user` [ RunTime:0.079801s ]
[ sql ] [ SQL ] SELECT * FROM `think_user` WHERE  `name` = 'admin' LIMIT 1 [ RunTime:0.008551s ]
---------------------------------------------------------------
[ 2018-05-29T22:02:25+08:00 ] 127.0.0.1 127.0.0.1 POST /user/login.html
[ info ] www.vuecms.com/user/login.html [运行时间：0.650126s][吞吐率：1.54req/s] [内存消耗：1,926.61kb] [文件加载：45]
[ info ] [ LANG ] G:\phpstudy\PHPTutorial\WWW\VueCmsApi\thinkphp\lang\zh-cn.php
[ info ] [ ROUTE ] array (
  'type' => 'module',
  'module' => 
  array (
    0 => 'index',
    1 => 'user',
    2 => 'login',
  ),
  'convert' => false,
)
[ info ] [ HEADER ] array (
  'cookie' => 'thinkphp_show_page_trace=0|0; PHPSESSID=8e15nhmsircr54rb5siolsvjs5',
  'accept-language' => 'zh-CN,zh;q=0.9',
  'accept-encoding' => 'gzip, deflate',
  'referer' => 'http://www.vuecms.com/user/login.html',
  'accept' => 'text/html,application/xhtml+xml,application/xml;q=0.9,image/webp,image/apng,*/*;q=0.8',
  'user-agent' => 'Mozilla/5.0 (Windows NT 6.3; Win64; x64) AppleWebKit/537.36 (KHTML, like Gecko) Chrome/66.0.3359.117 Safari/537.36',
  'content-type' => 'application/x-www-form-urlencoded',
  'upgrade-insecure-requests' => '1',
  'origin' => 'http://www.vuecms.com',
  'cache-control' => 'max-age=0',
  'content-length' => '32',
  'connection' => 'close',
  'host' => 'www.vuecms.com',
)
[ info ] [ PARAM ] array (
  'username' => 'admin',
  'password' => 'admin123',
)
[ info ] [ RUN ] app\index\controller\User->login[ G:\phpstudy\PHPTutorial\WWW\VueCmsApi\application\index\controller\User.php ]
[ info ] [ DB ] INIT mysql
[ info ] [ VIEW ] G:\phpstudy\PHPTutorial\WWW\VueCmsApi\public/../application/index\view\user\login.html [ array (
  0 => 'status',
) ]
[ info ] [ LOG ] INIT File
[ sql ] [ DB ] CONNECT:[ UseTime:0.350435s ] mysql:dbname=vue_cms_api;host=127.0.0.1;port=3306;charset=utf8
[ sql ] [ SQL ] SHOW COLUMNS FROM `think_user` [ RunTime:0.119485s ]
[ sql ] [ SQL ] SELECT * FROM `think_user` WHERE  `name` = 'admin' LIMIT 1 [ RunTime:0.002039s ]
---------------------------------------------------------------
[ 2018-05-29T22:02:35+08:00 ] 127.0.0.1 127.0.0.1 POST /user/login.html
[ info ] www.vuecms.com/user/login.html [运行时间：0.237143s][吞吐率：4.22req/s] [内存消耗：1,885.52kb] [文件加载：43]
[ info ] [ LANG ] G:\phpstudy\PHPTutorial\WWW\VueCmsApi\thinkphp\lang\zh-cn.php
[ info ] [ ROUTE ] array (
  'type' => 'module',
  'module' => 
  array (
    0 => 'index',
    1 => 'user',
    2 => 'login',
  ),
  'convert' => false,
)
[ info ] [ HEADER ] array (
  'cookie' => 'thinkphp_show_page_trace=0|0; PHPSESSID=8e15nhmsircr54rb5siolsvjs5',
  'accept-language' => 'zh-CN,zh;q=0.9',
  'accept-encoding' => 'gzip, deflate',
  'referer' => 'http://www.vuecms.com/user/login.html',
  'accept' => 'text/html,application/xhtml+xml,application/xml;q=0.9,image/webp,image/apng,*/*;q=0.8',
  'user-agent' => 'Mozilla/5.0 (Windows NT 6.3; Win64; x64) AppleWebKit/537.36 (KHTML, like Gecko) Chrome/66.0.3359.117 Safari/537.36',
  'content-type' => 'application/x-www-form-urlencoded',
  'upgrade-insecure-requests' => '1',
  'origin' => 'http://www.vuecms.com',
  'cache-control' => 'max-age=0',
  'content-length' => '37',
  'connection' => 'close',
  'host' => 'www.vuecms.com',
)
[ info ] [ PARAM ] array (
  'username' => 'Devil',
  'password' => 'csj1063944784',
)
[ info ] [ RUN ] app\index\controller\User->login[ G:\phpstudy\PHPTutorial\WWW\VueCmsApi\application\index\controller\User.php ]
[ info ] [ DB ] INIT mysql
[ info ] [ SESSION ] INIT array (
  'id' => '',
  'var_session_id' => '',
  'prefix' => 'think',
  'type' => '',
  'auto_start' => true,
  'expire' => 604800,
)
[ info ] [ LOG ] INIT File
[ sql ] [ DB ] CONNECT:[ UseTime:0.022462s ] mysql:dbname=vue_cms_api;host=127.0.0.1;port=3306;charset=utf8
[ sql ] [ SQL ] SHOW COLUMNS FROM `think_user` [ RunTime:0.036870s ]
[ sql ] [ SQL ] SELECT * FROM `think_user` WHERE  `name` = 'Devil' LIMIT 1 [ RunTime:0.012784s ]
---------------------------------------------------------------
[ 2018-05-29T22:02:35+08:00 ] 127.0.0.1 127.0.0.1 GET /admin.html
[ info ] www.vuecms.com/admin.html [运行时间：0.207131s][吞吐率：4.83req/s] [内存消耗：1,326.37kb] [文件加载：41]
[ info ] [ LANG ] G:\phpstudy\PHPTutorial\WWW\VueCmsApi\thinkphp\lang\zh-cn.php
[ info ] [ ROUTE ] array (
  'type' => 'module',
  'module' => 
  array (
    0 => 'index',
    1 => 'index',
    2 => 'index',
  ),
  'convert' => false,
)
[ info ] [ HEADER ] array (
  'cookie' => 'PHPSESSID=8e15nhmsircr54rb5siolsvjs5',
  'accept-language' => 'zh-CN,zh;q=0.9',
  'accept-encoding' => 'gzip, deflate',
  'referer' => 'http://www.vuecms.com/user/login.html',
  'accept' => 'text/html,application/xhtml+xml,application/xml;q=0.9,image/webp,image/apng,*/*;q=0.8',
  'user-agent' => 'Mozilla/5.0 (Windows NT 6.3; Win64; x64) AppleWebKit/537.36 (KHTML, like Gecko) Chrome/66.0.3359.117 Safari/537.36',
  'upgrade-insecure-requests' => '1',
  'cache-control' => 'max-age=0',
  'connection' => 'close',
  'host' => 'www.vuecms.com',
)
[ info ] [ PARAM ] array (
)
[ info ] [ SESSION ] INIT array (
  'id' => '',
  'var_session_id' => '',
  'prefix' => 'think',
  'type' => '',
  'auto_start' => true,
  'expire' => 604800,
)
[ info ] [ RUN ] app\index\controller\Index->index[ G:\phpstudy\PHPTutorial\WWW\VueCmsApi\application\index\controller\Index.php ]
[ info ] [ VIEW ] G:\phpstudy\PHPTutorial\WWW\VueCmsApi\public/../application/index\view\index\index.html [ array (
) ]
[ info ] [ LOG ] INIT File
---------------------------------------------------------------
[ 2018-05-29T22:03:20+08:00 ] 127.0.0.1 127.0.0.1 GET /comment/index.html
[ info ] www.vuecms.com/comment/index.html [运行时间：0.515779s][吞吐率：1.94req/s] [内存消耗：1,931.38kb] [文件加载：49]
[ info ] [ LANG ] G:\phpstudy\PHPTutorial\WWW\VueCmsApi\thinkphp\lang\zh-cn.php
[ info ] [ ROUTE ] array (
  'type' => 'module',
  'module' => 
  array (
    0 => 'index',
    1 => 'Comment',
    2 => 'index',
  ),
  'convert' => false,
)
[ info ] [ HEADER ] array (
  'cookie' => 'PHPSESSID=8e15nhmsircr54rb5siolsvjs5; thinkphp_show_page_trace=0|0',
  'accept-language' => 'zh-CN,zh;q=0.9',
  'accept-encoding' => 'gzip, deflate',
  'referer' => 'http://www.vuecms.com/admin.html',
  'accept' => 'text/html,application/xhtml+xml,application/xml;q=0.9,image/webp,image/apng,*/*;q=0.8',
  'user-agent' => 'Mozilla/5.0 (Windows NT 6.3; Win64; x64) AppleWebKit/537.36 (KHTML, like Gecko) Chrome/66.0.3359.117 Safari/537.36',
  'upgrade-insecure-requests' => '1',
  'connection' => 'close',
  'host' => 'www.vuecms.com',
)
[ info ] [ PARAM ] array (
)
[ info ] [ SESSION ] INIT array (
  'id' => '',
  'var_session_id' => '',
  'prefix' => 'think',
  'type' => '',
  'auto_start' => true,
  'expire' => 604800,
)
[ info ] [ RUN ] app\index\controller\Comment->index[ G:\phpstudy\PHPTutorial\WWW\VueCmsApi\application\index\controller\Comment.php ]
[ info ] [ DB ] INIT mysql
[ info ] [ VIEW ] G:\phpstudy\PHPTutorial\WWW\VueCmsApi\public/../application/index\view\comment\index.html [ array (
  0 => 'comments',
  1 => 'pages',
  2 => 'current_page',
) ]
[ info ] [ LOG ] INIT File
[ sql ] [ DB ] CONNECT:[ UseTime:0.068842s ] mysql:dbname=vue_cms_api;host=127.0.0.1;port=3306;charset=utf8
[ sql ] [ SQL ] SHOW COLUMNS FROM `think_comment` [ RunTime:0.035675s ]
[ sql ] [ SQL ] SELECT COUNT(*) AS tp_count FROM `think_comment` LIMIT 1 [ RunTime:0.013508s ]
[ sql ] [ SQL ] SELECT * FROM `think_comment` LIMIT 0,20 [ RunTime:0.001901s ]
---------------------------------------------------------------
[ 2018-05-29T22:12:53+08:00 ] 127.0.0.1 127.0.0.1 GET /api/getimages/2
[ info ] www.vuecms.com/api/getimages/2 [运行时间：0.636847s][吞吐率：1.57req/s] [内存消耗：1,617.68kb] [文件加载：36]
[ info ] [ LANG ] G:\phpstudy\PHPTutorial\WWW\VueCmsApi\thinkphp\lang\zh-cn.php
[ info ] [ ROUTE ] array (
  'type' => 'module',
  'module' => 
  array (
    0 => 'api',
    1 => 'Api',
    2 => 'getImage',
  ),
  'convert' => false,
)
[ info ] [ HEADER ] array (
  'cookie' => 'PHPSESSID=8e15nhmsircr54rb5siolsvjs5; thinkphp_show_page_trace=0|0',
  'accept-language' => 'zh-CN,zh;q=0.9',
  'accept-encoding' => 'gzip, deflate',
  'accept' => 'text/html,application/xhtml+xml,application/xml;q=0.9,image/webp,image/apng,*/*;q=0.8',
  'user-agent' => 'Mozilla/5.0 (iPhone; CPU iPhone OS 10_3_1 like Mac OS X) AppleWebKit/603.1.30 (KHTML, like Gecko) Version/10.0 Mobile/14E304 Safari/602.1',
  'upgrade-insecure-requests' => '1',
  'connection' => 'close',
  'host' => 'www.vuecms.com',
)
[ info ] [ PARAM ] array (
  'id' => '2',
)
[ info ] [ RUN ] app\api\controller\Api->getImage[ G:\phpstudy\PHPTutorial\WWW\VueCmsApi\application\api\controller\Api.php ]
[ info ] [ DB ] INIT mysql
[ info ] [ LOG ] INIT File
[ sql ] [ DB ] CONNECT:[ UseTime:0.038162s ] mysql:dbname=vue_cms_api;host=127.0.0.1;port=3306;charset=utf8
[ sql ] [ SQL ] SHOW COLUMNS FROM `think_img` [ RunTime:0.082862s ]
[ sql ] [ SQL ] SELECT * FROM `think_img` INNER JOIN `think_img_category` `imgc` ON `imgcategory_id`=`imgc`.`id` WHERE  `imgcategory_id` = 2 [ RunTime:0.134524s ]
[ sql ] [ SQL ] SELECT COUNT(*) AS tp_count FROM `think_img` WHERE  `imgcategory_id` = 2 LIMIT 1 [ RunTime:0.002228s ]
---------------------------------------------------------------
[ 2018-05-29T22:13:19+08:00 ] 127.0.0.1 127.0.0.1 GET /api/getcomment/
[ info ] www.vuecms.com/api/getcomment/ [运行时间：0.155427s][吞吐率：6.43req/s] [内存消耗：894.69kb] [文件加载：32]
[ info ] [ LANG ] G:\phpstudy\PHPTutorial\WWW\VueCmsApi\thinkphp\lang\zh-cn.php
[ info ] [ ROUTE ] array (
  'type' => 'module',
  'module' => 
  array (
    0 => 'api',
    1 => 'getcomment',
    2 => NULL,
  ),
)
[ info ] [ HEADER ] array (
  'cookie' => 'PHPSESSID=8e15nhmsircr54rb5siolsvjs5; thinkphp_show_page_trace=0|0',
  'accept-language' => 'zh-CN,zh;q=0.9',
  'accept-encoding' => 'gzip, deflate',
  'accept' => 'text/html,application/xhtml+xml,application/xml;q=0.9,image/webp,image/apng,*/*;q=0.8',
  'user-agent' => 'Mozilla/5.0 (Windows NT 6.3; Win64; x64) AppleWebKit/537.36 (KHTML, like Gecko) Chrome/66.0.3359.117 Safari/537.36',
  'upgrade-insecure-requests' => '1',
  'connection' => 'close',
  'host' => 'www.vuecms.com',
)
[ info ] [ PARAM ] array (
)
[ info ] [ LOG ] INIT File
---------------------------------------------------------------
[ 2018-05-29T22:14:09+08:00 ] 127.0.0.1 127.0.0.1 GET /api/getcomment/1
[ info ] www.vuecms.com/api/getcomment/1 [运行时间：0.279636s][吞吐率：3.58req/s] [内存消耗：1,635.39kb] [文件加载：39]
[ info ] [ LANG ] G:\phpstudy\PHPTutorial\WWW\VueCmsApi\thinkphp\lang\zh-cn.php
[ info ] [ ROUTE ] array (
  'type' => 'module',
  'module' => 
  array (
    0 => 'api',
    1 => 'Api',
    2 => 'getComment',
  ),
  'convert' => false,
)
[ info ] [ HEADER ] array (
  'cookie' => 'thinkphp_show_page_trace=0|0; PHPSESSID=8e15nhmsircr54rb5siolsvjs5; thinkphp_show_page_trace=0|0',
  'accept-language' => 'zh-CN,zh;q=0.9',
  'accept-encoding' => 'gzip, deflate',
  'accept' => 'text/html,application/xhtml+xml,application/xml;q=0.9,image/webp,image/apng,*/*;q=0.8',
  'user-agent' => 'Mozilla/5.0 (Windows NT 6.3; Win64; x64) AppleWebKit/537.36 (KHTML, like Gecko) Chrome/66.0.3359.117 Safari/537.36',
  'upgrade-insecure-requests' => '1',
  'connection' => 'close',
  'host' => 'www.vuecms.com',
)
[ info ] [ PARAM ] array (
  'cid' => '1',
)
[ info ] [ RUN ] app\api\controller\Api->getcomment[ G:\phpstudy\PHPTutorial\WWW\VueCmsApi\application\api\controller\Api.php ]
[ info ] [ DB ] INIT mysql
[ info ] [ LOG ] INIT File
[ sql ] [ DB ] CONNECT:[ UseTime:0.032426s ] mysql:dbname=vue_cms_api;host=127.0.0.1;port=3306;charset=utf8
[ sql ] [ SQL ] SHOW COLUMNS FROM `think_comment` [ RunTime:0.027571s ]
[ sql ] [ SQL ] SELECT COUNT(*) AS tp_count FROM `think_comment` WHERE  `cid` = 1 LIMIT 1 [ RunTime:0.008317s ]
[ sql ] [ SQL ] SELECT * FROM `think_comment` WHERE  `cid` = 1 LIMIT 0,10 [ RunTime:0.001838s ]
[ sql ] [ SQL ] SELECT COUNT(*) AS tp_count FROM `think_comment` WHERE  `cid` = 1 LIMIT 1 [ RunTime:0.001780s ]
---------------------------------------------------------------
[ 2018-05-29T22:15:17+08:00 ] 127.0.0.1 127.0.0.1 GET /api/getcomment/1
[ info ] www.vuecms.com/api/getcomment/1 [运行时间：0.290228s][吞吐率：3.45req/s] [内存消耗：1,636.39kb] [文件加载：39]
[ info ] [ LANG ] G:\phpstudy\PHPTutorial\WWW\VueCmsApi\thinkphp\lang\zh-cn.php
[ info ] [ ROUTE ] array (
  'type' => 'module',
  'module' => 
  array (
    0 => 'api',
    1 => 'Api',
    2 => 'getComment',
  ),
  'convert' => false,
)
[ info ] [ HEADER ] array (
  'cookie' => 'thinkphp_show_page_trace=0|0; PHPSESSID=8e15nhmsircr54rb5siolsvjs5; thinkphp_show_page_trace=0|0',
  'accept-language' => 'zh-CN,zh;q=0.9',
  'accept-encoding' => 'gzip, deflate',
  'accept' => 'text/html,application/xhtml+xml,application/xml;q=0.9,image/webp,image/apng,*/*;q=0.8',
  'user-agent' => 'Mozilla/5.0 (Windows NT 6.3; Win64; x64) AppleWebKit/537.36 (KHTML, like Gecko) Chrome/66.0.3359.117 Safari/537.36',
  'upgrade-insecure-requests' => '1',
  'cache-control' => 'max-age=0',
  'connection' => 'close',
  'host' => 'www.vuecms.com',
)
[ info ] [ PARAM ] array (
  'cid' => '1',
)
[ info ] [ RUN ] app\api\controller\Api->getcomment[ G:\phpstudy\PHPTutorial\WWW\VueCmsApi\application\api\controller\Api.php ]
[ info ] [ DB ] INIT mysql
[ info ] [ LOG ] INIT File
[ sql ] [ DB ] CONNECT:[ UseTime:0.012323s ] mysql:dbname=vue_cms_api;host=127.0.0.1;port=3306;charset=utf8
[ sql ] [ SQL ] SHOW COLUMNS FROM `think_comment` [ RunTime:0.057861s ]
[ sql ] [ SQL ] SELECT COUNT(*) AS tp_count FROM `think_comment` WHERE  `cid` = 1 LIMIT 1 [ RunTime:0.012056s ]
[ sql ] [ SQL ] SELECT * FROM `think_comment` WHERE  `cid` = 1 LIMIT 0,10 [ RunTime:0.002862s ]
[ sql ] [ SQL ] SELECT COUNT(*) AS tp_count FROM `think_comment` WHERE  `cid` = 1 LIMIT 1 [ RunTime:0.001712s ]
---------------------------------------------------------------
[ 2018-05-29T22:22:00+08:00 ] 127.0.0.1 127.0.0.1 POST /api/postcomment/1
[ info ] www.vuecms.com/api/postcomment/1 [运行时间：0.513849s][吞吐率：1.95req/s] [内存消耗：1,678.60kb] [文件加载：46]
[ info ] [ LANG ] G:\phpstudy\PHPTutorial\WWW\VueCmsApi\thinkphp\lang\zh-cn.php
[ info ] [ ROUTE ] array (
  'type' => 'module',
  'module' => 
  array (
    0 => 'api',
    1 => 'Api',
    2 => 'postComment',
  ),
  'convert' => false,
)
[ info ] [ HEADER ] array (
  'cookie' => 'PHPSESSID=8e15nhmsircr54rb5siolsvjs5; thinkphp_show_page_trace=0|0',
  'accept-language' => 'zh-CN,zh;q=0.9',
  'accept-encoding' => 'gzip, deflate',
  'accept' => '*/*',
  'content-type' => 'text/plain;charset=UTF-8',
  'user-agent' => 'Mozilla/5.0 (Windows NT 6.3; Win64; x64) AppleWebKit/537.36 (KHTML, like Gecko) Chrome/66.0.3359.117 Safari/537.36',
  'origin' => 'chrome-extension://kajfghlhfkcocafkcjlajldicbikpgnp',
  'content-length' => '0',
  'connection' => 'close',
  'host' => 'www.vuecms.com',
)
[ info ] [ PARAM ] array (
  'cid' => '1',
)
[ info ] [ RUN ] app\api\controller\Api->postComment[ G:\phpstudy\PHPTutorial\WWW\VueCmsApi\application\api\controller\Api.php ]
[ info ] [ DB ] INIT mysql
[ info ] [ LOG ] INIT File
[ sql ] [ DB ] CONNECT:[ UseTime:0.050252s ] mysql:dbname=vue_cms_api;host=127.0.0.1;port=3306;charset=utf8
[ sql ] [ SQL ] SHOW COLUMNS FROM `think_comment` [ RunTime:0.040233s ]
[ error ] [10501]SQLSTATE[23000]: Integrity constraint violation: 1048 Column 'content' cannot be null[G:\phpstudy\PHPTutorial\WWW\VueCmsApi\thinkphp\library\think\db\Connection.php:451]
---------------------------------------------------------------
[ 2018-05-29T22:22:30+08:00 ] 127.0.0.1 127.0.0.1 POST /api/postcomment/1
[ info ] www.vuecms.com/api/postcomment/1 [运行时间：0.363237s][吞吐率：2.75req/s] [内存消耗：1,678.66kb] [文件加载：46]
[ info ] [ LANG ] G:\phpstudy\PHPTutorial\WWW\VueCmsApi\thinkphp\lang\zh-cn.php
[ info ] [ ROUTE ] array (
  'type' => 'module',
  'module' => 
  array (
    0 => 'api',
    1 => 'Api',
    2 => 'postComment',
  ),
  'convert' => false,
)
[ info ] [ HEADER ] array (
  'cookie' => 'PHPSESSID=8e15nhmsircr54rb5siolsvjs5; thinkphp_show_page_trace=0|0',
  'accept-language' => 'zh-CN,zh;q=0.9',
  'accept-encoding' => 'gzip, deflate',
  'accept' => '*/*',
  'content-type' => 'text/plain;charset=UTF-8',
  'user-agent' => 'Mozilla/5.0 (Windows NT 6.3; Win64; x64) AppleWebKit/537.36 (KHTML, like Gecko) Chrome/66.0.3359.117 Safari/537.36',
  'origin' => 'chrome-extension://kajfghlhfkcocafkcjlajldicbikpgnp',
  'content-length' => '35',
  'connection' => 'close',
  'host' => 'www.vuecms.com',
)
[ info ] [ PARAM ] array (
  'cid' => '1',
)
[ info ] [ RUN ] app\api\controller\Api->postComment[ G:\phpstudy\PHPTutorial\WWW\VueCmsApi\application\api\controller\Api.php ]
[ info ] [ DB ] INIT mysql
[ info ] [ LOG ] INIT File
[ sql ] [ DB ] CONNECT:[ UseTime:0.020129s ] mysql:dbname=vue_cms_api;host=127.0.0.1;port=3306;charset=utf8
[ sql ] [ SQL ] SHOW COLUMNS FROM `think_comment` [ RunTime:0.049352s ]
[ error ] [10501]SQLSTATE[23000]: Integrity constraint violation: 1048 Column 'content' cannot be null[G:\phpstudy\PHPTutorial\WWW\VueCmsApi\thinkphp\library\think\db\Connection.php:451]
---------------------------------------------------------------
[ 2018-05-29T22:23:24+08:00 ] 127.0.0.1 127.0.0.1 POST /api/postcomment/1
[ info ] www.vuecms.com/api/postcomment/1 [运行时间：0.122238s][吞吐率：8.18req/s] [内存消耗：937.48kb] [文件加载：29]
[ info ] [ LANG ] G:\phpstudy\PHPTutorial\WWW\VueCmsApi\thinkphp\lang\zh-cn.php
[ info ] [ ROUTE ] array (
  'type' => 'module',
  'module' => 
  array (
    0 => 'api',
    1 => 'Api',
    2 => 'postComment',
  ),
  'convert' => false,
)
[ info ] [ HEADER ] array (
  'cookie' => 'PHPSESSID=8e15nhmsircr54rb5siolsvjs5; thinkphp_show_page_trace=0|0',
  'accept-language' => 'zh-CN,zh;q=0.9',
  'accept-encoding' => 'gzip, deflate',
  'accept' => '*/*',
  'content-type' => 'text/plain;charset=UTF-8',
  'user-agent' => 'Mozilla/5.0 (Windows NT 6.3; Win64; x64) AppleWebKit/537.36 (KHTML, like Gecko) Chrome/66.0.3359.117 Safari/537.36',
  'origin' => 'chrome-extension://kajfghlhfkcocafkcjlajldicbikpgnp',
  'content-length' => '35',
  'connection' => 'close',
  'host' => 'www.vuecms.com',
)
[ info ] [ PARAM ] array (
  'cid' => '1',
)
[ info ] [ RUN ] app\api\controller\Api->postComment[ G:\phpstudy\PHPTutorial\WWW\VueCmsApi\application\api\controller\Api.php ]
[ info ] [ LOG ] INIT File
---------------------------------------------------------------
[ 2018-05-29T22:27:17+08:00 ] 127.0.0.1 127.0.0.1 POST /api/postcomment/1
[ info ] www.vuecms.com/api/postcomment/1 [运行时间：0.075237s][吞吐率：13.29req/s] [内存消耗：937.73kb] [文件加载：29]
[ info ] [ LANG ] G:\phpstudy\PHPTutorial\WWW\VueCmsApi\thinkphp\lang\zh-cn.php
[ info ] [ ROUTE ] array (
  'type' => 'module',
  'module' => 
  array (
    0 => 'api',
    1 => 'Api',
    2 => 'postComment',
  ),
  'convert' => false,
)
[ info ] [ HEADER ] array (
  'connection' => 'close',
  'content-length' => '174',
  'content-type' => 'multipart/form-data; boundary=--------------------------181021296703126359982710',
  'accept-encoding' => 'gzip, deflate',
  'host' => 'www.vuecms.com',
  'accept' => '*/*',
  'user-agent' => 'PostmanRuntime/7.1.1',
  'postman-token' => '7a85f623-faa7-4fe3-9bc2-e4eedceb01c3',
  'cache-control' => 'no-cache',
)
[ info ] [ PARAM ] array (
  'content' => '同志们好',
  'cid' => '1',
)
[ info ] [ RUN ] app\api\controller\Api->postComment[ G:\phpstudy\PHPTutorial\WWW\VueCmsApi\application\api\controller\Api.php ]
[ info ] [ LOG ] INIT File
---------------------------------------------------------------
[ 2018-05-29T22:28:35+08:00 ] 127.0.0.1 127.0.0.1 POST /api/postcomment/1
[ info ] www.vuecms.com/api/postcomment/1 [运行时间：0.092818s][吞吐率：10.77req/s] [内存消耗：937.73kb] [文件加载：29]
[ info ] [ LANG ] G:\phpstudy\PHPTutorial\WWW\VueCmsApi\thinkphp\lang\zh-cn.php
[ info ] [ ROUTE ] array (
  'type' => 'module',
  'module' => 
  array (
    0 => 'api',
    1 => 'Api',
    2 => 'postComment',
  ),
  'convert' => false,
)
[ info ] [ HEADER ] array (
  'connection' => 'close',
  'content-length' => '174',
  'content-type' => 'multipart/form-data; boundary=--------------------------165612334093765334558508',
  'accept-encoding' => 'gzip, deflate',
  'host' => 'www.vuecms.com',
  'accept' => '*/*',
  'user-agent' => 'PostmanRuntime/7.1.1',
  'postman-token' => 'd81ddf21-e7f0-4d49-a46a-7edc45735bd6',
  'cache-control' => 'no-cache',
)
[ info ] [ PARAM ] array (
  'content' => '同志们好',
  'cid' => '1',
)
[ info ] [ RUN ] app\api\controller\Api->postComment[ G:\phpstudy\PHPTutorial\WWW\VueCmsApi\application\api\controller\Api.php ]
[ info ] [ LOG ] INIT File
---------------------------------------------------------------
[ 2018-05-29T22:29:51+08:00 ] 127.0.0.1 127.0.0.1 POST /api/postcomment/1
[ info ] www.vuecms.com/api/postcomment/1 [运行时间：0.078216s][吞吐率：12.79req/s] [内存消耗：937.01kb] [文件加载：29]
[ info ] [ LANG ] G:\phpstudy\PHPTutorial\WWW\VueCmsApi\thinkphp\lang\zh-cn.php
[ info ] [ ROUTE ] array (
  'type' => 'module',
  'module' => 
  array (
    0 => 'api',
    1 => 'Api',
    2 => 'postComment',
  ),
  'convert' => false,
)
[ info ] [ HEADER ] array (
  'connection' => 'close',
  'content-length' => '44',
  'accept-encoding' => 'gzip, deflate',
  'host' => 'www.vuecms.com',
  'accept' => '*/*',
  'user-agent' => 'PostmanRuntime/7.1.1',
  'postman-token' => 'f765a8c5-9704-4cc8-bc3e-3addb2415661',
  'cache-control' => 'no-cache',
  'content-type' => 'application/x-www-form-urlencoded',
)
[ info ] [ PARAM ] array (
  'content' => '同志们好',
  'cid' => '1',
)
[ info ] [ RUN ] app\api\controller\Api->postComment[ G:\phpstudy\PHPTutorial\WWW\VueCmsApi\application\api\controller\Api.php ]
[ info ] [ LOG ] INIT File
---------------------------------------------------------------
[ 2018-05-29T22:29:59+08:00 ] 127.0.0.1 127.0.0.1 POST /api/postcomment/1
[ info ] www.vuecms.com/api/postcomment/1 [运行时间：0.076591s][吞吐率：13.06req/s] [内存消耗：937.48kb] [文件加载：29]
[ info ] [ LANG ] G:\phpstudy\PHPTutorial\WWW\VueCmsApi\thinkphp\lang\zh-cn.php
[ info ] [ ROUTE ] array (
  'type' => 'module',
  'module' => 
  array (
    0 => 'api',
    1 => 'Api',
    2 => 'postComment',
  ),
  'convert' => false,
)
[ info ] [ HEADER ] array (
  'cookie' => 'PHPSESSID=8e15nhmsircr54rb5siolsvjs5; thinkphp_show_page_trace=0|0',
  'accept-language' => 'zh-CN,zh;q=0.9',
  'accept-encoding' => 'gzip, deflate',
  'accept' => '*/*',
  'content-type' => 'text/plain;charset=UTF-8',
  'user-agent' => 'Mozilla/5.0 (Windows NT 6.3; Win64; x64) AppleWebKit/537.36 (KHTML, like Gecko) Chrome/66.0.3359.117 Safari/537.36',
  'origin' => 'chrome-extension://kajfghlhfkcocafkcjlajldicbikpgnp',
  'content-length' => '35',
  'connection' => 'close',
  'host' => 'www.vuecms.com',
)
[ info ] [ PARAM ] array (
  'cid' => '1',
)
[ info ] [ RUN ] app\api\controller\Api->postComment[ G:\phpstudy\PHPTutorial\WWW\VueCmsApi\application\api\controller\Api.php ]
[ info ] [ LOG ] INIT File
---------------------------------------------------------------
[ 2018-05-29T22:30:53+08:00 ] 127.0.0.1 127.0.0.1 POST /api/postcomment/1
[ info ] www.vuecms.com/api/postcomment/1 [运行时间：0.300052s][吞吐率：3.33req/s] [内存消耗：1,538.68kb] [文件加载：36]
[ info ] [ LANG ] G:\phpstudy\PHPTutorial\WWW\VueCmsApi\thinkphp\lang\zh-cn.php
[ info ] [ ROUTE ] array (
  'type' => 'module',
  'module' => 
  array (
    0 => 'api',
    1 => 'Api',
    2 => 'postComment',
  ),
  'convert' => false,
)
[ info ] [ HEADER ] array (
  'connection' => 'close',
  'content-length' => '174',
  'accept-encoding' => 'gzip, deflate',
  'host' => 'www.vuecms.com',
  'accept' => '*/*',
  'user-agent' => 'PostmanRuntime/7.1.1',
  'postman-token' => '46a716af-1056-4b65-a0b7-fbb91f8f43fc',
  'cache-control' => 'no-cache',
  'content-type' => 'multipart/form-data; boundary=--------------------------398822310694624857227108',
)
[ info ] [ PARAM ] array (
  'content' => '同志们好',
  'cid' => '1',
)
[ info ] [ RUN ] app\api\controller\Api->postComment[ G:\phpstudy\PHPTutorial\WWW\VueCmsApi\application\api\controller\Api.php ]
[ info ] [ DB ] INIT mysql
[ info ] [ LOG ] INIT File
[ sql ] [ DB ] CONNECT:[ UseTime:0.033145s ] mysql:dbname=vue_cms_api;host=127.0.0.1;port=3306;charset=utf8
[ sql ] [ SQL ] SHOW COLUMNS FROM `think_comment` [ RunTime:0.038458s ]
[ sql ] [ SQL ] INSERT INTO `think_comment` (`content` , `cid`) VALUES ('同志们好' , 1) [ RunTime:0.081298s ]
---------------------------------------------------------------
[ 2018-05-29T22:35:31+08:00 ] 127.0.0.1 127.0.0.1 GET /api/getcomment/1
[ info ] www.vuecms.com/api/getcomment/1 [运行时间：0.266346s][吞吐率：3.75req/s] [内存消耗：1,641.15kb] [文件加载：39]
[ info ] [ LANG ] G:\phpstudy\PHPTutorial\WWW\VueCmsApi\thinkphp\lang\zh-cn.php
[ info ] [ ROUTE ] array (
  'type' => 'module',
  'module' => 
  array (
    0 => 'api',
    1 => 'Api',
    2 => 'getComment',
  ),
  'convert' => false,
)
[ info ] [ HEADER ] array (
  'cookie' => 'thinkphp_show_page_trace=0|0; PHPSESSID=8e15nhmsircr54rb5siolsvjs5; thinkphp_show_page_trace=0|0',
  'accept-language' => 'zh-CN,zh;q=0.9',
  'accept-encoding' => 'gzip, deflate',
  'accept' => 'text/html,application/xhtml+xml,application/xml;q=0.9,image/webp,image/apng,*/*;q=0.8',
  'user-agent' => 'Mozilla/5.0 (Windows NT 6.3; Win64; x64) AppleWebKit/537.36 (KHTML, like Gecko) Chrome/66.0.3359.117 Safari/537.36',
  'upgrade-insecure-requests' => '1',
  'cache-control' => 'max-age=0',
  'connection' => 'close',
  'host' => 'www.vuecms.com',
)
[ info ] [ PARAM ] array (
  'cid' => '1',
)
[ info ] [ RUN ] app\api\controller\Api->getcomment[ G:\phpstudy\PHPTutorial\WWW\VueCmsApi\application\api\controller\Api.php ]
[ info ] [ DB ] INIT mysql
[ info ] [ LOG ] INIT File
[ sql ] [ DB ] CONNECT:[ UseTime:0.039102s ] mysql:dbname=vue_cms_api;host=127.0.0.1;port=3306;charset=utf8
[ sql ] [ SQL ] SHOW COLUMNS FROM `think_comment` [ RunTime:0.060650s ]
[ sql ] [ SQL ] SELECT COUNT(*) AS tp_count FROM `think_comment` WHERE  `cid` = 1 LIMIT 1 [ RunTime:0.002179s ]
[ sql ] [ SQL ] SELECT * FROM `think_comment` WHERE  `cid` = 1 LIMIT 0,10 [ RunTime:0.002066s ]
[ sql ] [ SQL ] SELECT COUNT(*) AS tp_count FROM `think_comment` WHERE  `cid` = 1 LIMIT 1 [ RunTime:0.001564s ]
---------------------------------------------------------------
[ 2018-05-29T22:35:44+08:00 ] 127.0.0.1 127.0.0.1 POST /api/postcomment/1
[ info ] www.vuecms.com/api/postcomment/1 [运行时间：0.320226s][吞吐率：3.12req/s] [内存消耗：1,539.98kb] [文件加载：36]
[ info ] [ LANG ] G:\phpstudy\PHPTutorial\WWW\VueCmsApi\thinkphp\lang\zh-cn.php
[ info ] [ ROUTE ] array (
  'type' => 'module',
  'module' => 
  array (
    0 => 'api',
    1 => 'Api',
    2 => 'postComment',
  ),
  'convert' => false,
)
[ info ] [ HEADER ] array (
  'connection' => 'close',
  'content-length' => '171',
  'accept-encoding' => 'gzip, deflate',
  'host' => 'www.vuecms.com',
  'accept' => '*/*',
  'user-agent' => 'PostmanRuntime/7.1.1',
  'postman-token' => 'f2c1d602-2d77-4a2f-afbe-08bdc3034895',
  'cache-control' => 'no-cache',
  'content-type' => 'multipart/form-data; boundary=--------------------------722126666574852959482371',
)
[ info ] [ PARAM ] array (
  'content' => '哈哈哈',
  'cid' => '1',
)
[ info ] [ RUN ] app\api\controller\Api->postComment[ G:\phpstudy\PHPTutorial\WWW\VueCmsApi\application\api\controller\Api.php ]
[ info ] [ DB ] INIT mysql
[ info ] [ LOG ] INIT File
[ sql ] [ DB ] CONNECT:[ UseTime:0.089373s ] mysql:dbname=vue_cms_api;host=127.0.0.1;port=3306;charset=utf8
[ sql ] [ SQL ] SHOW COLUMNS FROM `think_comment` [ RunTime:0.065143s ]
[ sql ] [ SQL ] INSERT INTO `think_comment` (`content` , `cid`) VALUES ('哈哈哈' , 1) [ RunTime:0.060683s ]
---------------------------------------------------------------
[ 2018-05-29T22:36:09+08:00 ] 127.0.0.1 127.0.0.1 GET /admin
[ info ] www.vuecms.com/admin [运行时间：0.147584s][吞吐率：6.78req/s] [内存消耗：1,200.29kb] [文件加载：39]
[ info ] [ LANG ] G:\phpstudy\PHPTutorial\WWW\VueCmsApi\thinkphp\lang\zh-cn.php
[ info ] [ ROUTE ] array (
  'type' => 'module',
  'module' => 
  array (
    0 => 'index',
    1 => 'index',
    2 => 'index',
  ),
  'convert' => false,
)
[ info ] [ HEADER ] array (
  'cookie' => 'PHPSESSID=8e15nhmsircr54rb5siolsvjs5; thinkphp_show_page_trace=0|0',
  'accept-language' => 'zh-CN,zh;q=0.9',
  'accept-encoding' => 'gzip, deflate',
  'accept' => 'text/html,application/xhtml+xml,application/xml;q=0.9,image/webp,image/apng,*/*;q=0.8',
  'user-agent' => 'Mozilla/5.0 (Windows NT 6.3; Win64; x64) AppleWebKit/537.36 (KHTML, like Gecko) Chrome/66.0.3359.117 Safari/537.36',
  'upgrade-insecure-requests' => '1',
  'connection' => 'close',
  'host' => 'www.vuecms.com',
)
[ info ] [ PARAM ] array (
)
[ info ] [ SESSION ] INIT array (
  'id' => '',
  'var_session_id' => '',
  'prefix' => 'think',
  'type' => '',
  'auto_start' => true,
  'expire' => 604800,
)
[ info ] [ RUN ] app\index\controller\Index->index[ G:\phpstudy\PHPTutorial\WWW\VueCmsApi\application\index\controller\Index.php ]
[ info ] [ VIEW ] G:\phpstudy\PHPTutorial\WWW\VueCmsApi\public/../application/index\view\index\index.html [ array (
) ]
[ info ] [ LOG ] INIT File
---------------------------------------------------------------
[ 2018-05-29T22:36:15+08:00 ] 127.0.0.1 127.0.0.1 GET /comment/index.html
[ info ] www.vuecms.com/comment/index.html [运行时间：0.492270s][吞吐率：2.03req/s] [内存消耗：1,804.40kb] [文件加载：47]
[ info ] [ LANG ] G:\phpstudy\PHPTutorial\WWW\VueCmsApi\thinkphp\lang\zh-cn.php
[ info ] [ ROUTE ] array (
  'type' => 'module',
  'module' => 
  array (
    0 => 'index',
    1 => 'Comment',
    2 => 'index',
  ),
  'convert' => false,
)
[ info ] [ HEADER ] array (
  'cookie' => 'thinkphp_show_page_trace=0|0; PHPSESSID=8e15nhmsircr54rb5siolsvjs5; thinkphp_show_page_trace=0|0',
  'accept-language' => 'zh-CN,zh;q=0.9',
  'accept-encoding' => 'gzip, deflate',
  'referer' => 'http://www.vuecms.com/admin',
  'accept' => 'text/html,application/xhtml+xml,application/xml;q=0.9,image/webp,image/apng,*/*;q=0.8',
  'user-agent' => 'Mozilla/5.0 (Windows NT 6.3; Win64; x64) AppleWebKit/537.36 (KHTML, like Gecko) Chrome/66.0.3359.117 Safari/537.36',
  'upgrade-insecure-requests' => '1',
  'connection' => 'close',
  'host' => 'www.vuecms.com',
)
[ info ] [ PARAM ] array (
)
[ info ] [ SESSION ] INIT array (
  'id' => '',
  'var_session_id' => '',
  'prefix' => 'think',
  'type' => '',
  'auto_start' => true,
  'expire' => 604800,
)
[ info ] [ RUN ] app\index\controller\Comment->index[ G:\phpstudy\PHPTutorial\WWW\VueCmsApi\application\index\controller\Comment.php ]
[ info ] [ DB ] INIT mysql
[ info ] [ VIEW ] G:\phpstudy\PHPTutorial\WWW\VueCmsApi\public/../application/index\view\comment\index.html [ array (
  0 => 'comments',
  1 => 'pages',
  2 => 'current_page',
) ]
[ info ] [ LOG ] INIT File
[ sql ] [ DB ] CONNECT:[ UseTime:0.092329s ] mysql:dbname=vue_cms_api;host=127.0.0.1;port=3306;charset=utf8
[ sql ] [ SQL ] SHOW COLUMNS FROM `think_comment` [ RunTime:0.135246s ]
[ sql ] [ SQL ] SELECT COUNT(*) AS tp_count FROM `think_comment` LIMIT 1 [ RunTime:0.025892s ]
[ sql ] [ SQL ] SELECT * FROM `think_comment` LIMIT 0,20 [ RunTime:0.008453s ]
